INFO - 2023-08-16 14:35:13 --> Session: Class initialized using 'CodeIgniter\Session\Handlers\FileHandler' driver.
INFO - 2023-08-16 14:35:24 --> Session: Class initialized using 'CodeIgniter\Session\Handlers\FileHandler' driver.
INFO - 2023-08-16 14:35:24 --> Session: Class initialized using 'CodeIgniter\Session\Handlers\FileHandler' driver.
INFO - 2023-08-16 14:35:37 --> Session: Class initialized using 'CodeIgniter\Session\Handlers\FileHandler' driver.
INFO - 2023-08-16 14:35:38 --> Session: Class initialized using 'CodeIgniter\Session\Handlers\FileHandler' driver.
WARNING - 2023-08-16 14:35:38 --> [DEPRECATED] Creation of dynamic property App\Controllers\Data::$UsersModel is deprecated in APPPATH/Controllers/Data.php on line 20.
 1 SYSTEMPATH/CodeIgniter.php(906): App\Controllers\Data->__construct()
 2 SYSTEMPATH/CodeIgniter.php(490): CodeIgniter\CodeIgniter->createController()
 3 SYSTEMPATH/CodeIgniter.php(368): CodeIgniter\CodeIgniter->handleRequest(null, Object(Config\Cache), false)
 4 FCPATH/index.php(67): CodeIgniter\CodeIgniter->run()
WARNING - 2023-08-16 14:35:38 --> [DEPRECATED] Creation of dynamic property App\Controllers\Data::$ProjectModel is deprecated in APPPATH/Controllers/Data.php on line 21.
 1 SYSTEMPATH/CodeIgniter.php(906): App\Controllers\Data->__construct()
 2 SYSTEMPATH/CodeIgniter.php(490): CodeIgniter\CodeIgniter->createController()
 3 SYSTEMPATH/CodeIgniter.php(368): CodeIgniter\CodeIgniter->handleRequest(null, Object(Config\Cache), false)
 4 FCPATH/index.php(67): CodeIgniter\CodeIgniter->run()
WARNING - 2023-08-16 14:35:38 --> [DEPRECATED] Creation of dynamic property App\Controllers\Data::$SetMonthModel is deprecated in APPPATH/Controllers/Data.php on line 24.
 1 SYSTEMPATH/CodeIgniter.php(906): App\Controllers\Data->__construct()
 2 SYSTEMPATH/CodeIgniter.php(490): CodeIgniter\CodeIgniter->createController()
 3 SYSTEMPATH/CodeIgniter.php(368): CodeIgniter\CodeIgniter->handleRequest(null, Object(Config\Cache), false)
 4 FCPATH/index.php(67): CodeIgniter\CodeIgniter->run()
WARNING - 2023-08-16 14:35:38 --> [DEPRECATED] Creation of dynamic property App\Controllers\Data::$TimeModel is deprecated in APPPATH/Controllers/Data.php on line 25.
 1 SYSTEMPATH/CodeIgniter.php(906): App\Controllers\Data->__construct()
 2 SYSTEMPATH/CodeIgniter.php(490): CodeIgniter\CodeIgniter->createController()
 3 SYSTEMPATH/CodeIgniter.php(368): CodeIgniter\CodeIgniter->handleRequest(null, Object(Config\Cache), false)
 4 FCPATH/index.php(67): CodeIgniter\CodeIgniter->run()
WARNING - 2023-08-16 14:35:38 --> [DEPRECATED] Creation of dynamic property App\Controllers\Data::$CompanyModel is deprecated in APPPATH/Controllers/Data.php on line 26.
 1 SYSTEMPATH/CodeIgniter.php(906): App\Controllers\Data->__construct()
 2 SYSTEMPATH/CodeIgniter.php(490): CodeIgniter\CodeIgniter->createController()
 3 SYSTEMPATH/CodeIgniter.php(368): CodeIgniter\CodeIgniter->handleRequest(null, Object(Config\Cache), false)
 4 FCPATH/index.php(67): CodeIgniter\CodeIgniter->run()
WARNING - 2023-08-16 14:35:38 --> [DEPRECATED] Creation of dynamic property App\Controllers\Data::$AppointmentModel is deprecated in APPPATH/Controllers/Data.php on line 27.
 1 SYSTEMPATH/CodeIgniter.php(906): App\Controllers\Data->__construct()
 2 SYSTEMPATH/CodeIgniter.php(490): CodeIgniter\CodeIgniter->createController()
 3 SYSTEMPATH/CodeIgniter.php(368): CodeIgniter\CodeIgniter->handleRequest(null, Object(Config\Cache), false)
 4 FCPATH/index.php(67): CodeIgniter\CodeIgniter->run()
WARNING - 2023-08-16 14:35:38 --> [DEPRECATED] Creation of dynamic property App\Controllers\Data::$SetTimeCalendarModel is deprecated in APPPATH/Controllers/Data.php on line 28.
 1 SYSTEMPATH/CodeIgniter.php(906): App\Controllers\Data->__construct()
 2 SYSTEMPATH/CodeIgniter.php(490): CodeIgniter\CodeIgniter->createController()
 3 SYSTEMPATH/CodeIgniter.php(368): CodeIgniter\CodeIgniter->handleRequest(null, Object(Config\Cache), false)
 4 FCPATH/index.php(67): CodeIgniter\CodeIgniter->run()
WARNING - 2023-08-16 14:35:38 --> [DEPRECATED] Creation of dynamic property App\Controllers\Data::$RoomModel is deprecated in APPPATH/Controllers/Data.php on line 29.
 1 SYSTEMPATH/CodeIgniter.php(906): App\Controllers\Data->__construct()
 2 SYSTEMPATH/CodeIgniter.php(490): CodeIgniter\CodeIgniter->createController()
 3 SYSTEMPATH/CodeIgniter.php(368): CodeIgniter\CodeIgniter->handleRequest(null, Object(Config\Cache), false)
 4 FCPATH/index.php(67): CodeIgniter\CodeIgniter->run()
INFO - 2023-08-16 14:35:55 --> Session: Class initialized using 'CodeIgniter\Session\Handlers\FileHandler' driver.
INFO - 2023-08-16 14:35:56 --> Session: Class initialized using 'CodeIgniter\Session\Handlers\FileHandler' driver.
WARNING - 2023-08-16 14:35:56 --> [DEPRECATED] Creation of dynamic property App\Controllers\Data::$UsersModel is deprecated in APPPATH/Controllers/Data.php on line 20.
 1 SYSTEMPATH/CodeIgniter.php(906): App\Controllers\Data->__construct()
 2 SYSTEMPATH/CodeIgniter.php(490): CodeIgniter\CodeIgniter->createController()
 3 SYSTEMPATH/CodeIgniter.php(368): CodeIgniter\CodeIgniter->handleRequest(null, Object(Config\Cache), false)
 4 FCPATH/index.php(67): CodeIgniter\CodeIgniter->run()
WARNING - 2023-08-16 14:35:56 --> [DEPRECATED] Creation of dynamic property App\Controllers\Data::$ProjectModel is deprecated in APPPATH/Controllers/Data.php on line 21.
 1 SYSTEMPATH/CodeIgniter.php(906): App\Controllers\Data->__construct()
 2 SYSTEMPATH/CodeIgniter.php(490): CodeIgniter\CodeIgniter->createController()
 3 SYSTEMPATH/CodeIgniter.php(368): CodeIgniter\CodeIgniter->handleRequest(null, Object(Config\Cache), false)
 4 FCPATH/index.php(67): CodeIgniter\CodeIgniter->run()
WARNING - 2023-08-16 14:35:56 --> [DEPRECATED] Creation of dynamic property App\Controllers\Data::$SetMonthModel is deprecated in APPPATH/Controllers/Data.php on line 24.
 1 SYSTEMPATH/CodeIgniter.php(906): App\Controllers\Data->__construct()
 2 SYSTEMPATH/CodeIgniter.php(490): CodeIgniter\CodeIgniter->createController()
 3 SYSTEMPATH/CodeIgniter.php(368): CodeIgniter\CodeIgniter->handleRequest(null, Object(Config\Cache), false)
 4 FCPATH/index.php(67): CodeIgniter\CodeIgniter->run()
WARNING - 2023-08-16 14:35:56 --> [DEPRECATED] Creation of dynamic property App\Controllers\Data::$TimeModel is deprecated in APPPATH/Controllers/Data.php on line 25.
 1 SYSTEMPATH/CodeIgniter.php(906): App\Controllers\Data->__construct()
 2 SYSTEMPATH/CodeIgniter.php(490): CodeIgniter\CodeIgniter->createController()
 3 SYSTEMPATH/CodeIgniter.php(368): CodeIgniter\CodeIgniter->handleRequest(null, Object(Config\Cache), false)
 4 FCPATH/index.php(67): CodeIgniter\CodeIgniter->run()
WARNING - 2023-08-16 14:35:56 --> [DEPRECATED] Creation of dynamic property App\Controllers\Data::$CompanyModel is deprecated in APPPATH/Controllers/Data.php on line 26.
 1 SYSTEMPATH/CodeIgniter.php(906): App\Controllers\Data->__construct()
 2 SYSTEMPATH/CodeIgniter.php(490): CodeIgniter\CodeIgniter->createController()
 3 SYSTEMPATH/CodeIgniter.php(368): CodeIgniter\CodeIgniter->handleRequest(null, Object(Config\Cache), false)
 4 FCPATH/index.php(67): CodeIgniter\CodeIgniter->run()
WARNING - 2023-08-16 14:35:56 --> [DEPRECATED] Creation of dynamic property App\Controllers\Data::$AppointmentModel is deprecated in APPPATH/Controllers/Data.php on line 27.
 1 SYSTEMPATH/CodeIgniter.php(906): App\Controllers\Data->__construct()
 2 SYSTEMPATH/CodeIgniter.php(490): CodeIgniter\CodeIgniter->createController()
 3 SYSTEMPATH/CodeIgniter.php(368): CodeIgniter\CodeIgniter->handleRequest(null, Object(Config\Cache), false)
 4 FCPATH/index.php(67): CodeIgniter\CodeIgniter->run()
WARNING - 2023-08-16 14:35:56 --> [DEPRECATED] Creation of dynamic property App\Controllers\Data::$SetTimeCalendarModel is deprecated in APPPATH/Controllers/Data.php on line 28.
 1 SYSTEMPATH/CodeIgniter.php(906): App\Controllers\Data->__construct()
 2 SYSTEMPATH/CodeIgniter.php(490): CodeIgniter\CodeIgniter->createController()
 3 SYSTEMPATH/CodeIgniter.php(368): CodeIgniter\CodeIgniter->handleRequest(null, Object(Config\Cache), false)
 4 FCPATH/index.php(67): CodeIgniter\CodeIgniter->run()
WARNING - 2023-08-16 14:35:56 --> [DEPRECATED] Creation of dynamic property App\Controllers\Data::$RoomModel is deprecated in APPPATH/Controllers/Data.php on line 29.
 1 SYSTEMPATH/CodeIgniter.php(906): App\Controllers\Data->__construct()
 2 SYSTEMPATH/CodeIgniter.php(490): CodeIgniter\CodeIgniter->createController()
 3 SYSTEMPATH/CodeIgniter.php(368): CodeIgniter\CodeIgniter->handleRequest(null, Object(Config\Cache), false)
 4 FCPATH/index.php(67): CodeIgniter\CodeIgniter->run()
