INFO - 2023-12-16 01:23:38 --> Session: Class initialized using 'CodeIgniter\Session\Handlers\FileHandler' driver.
INFO - 2023-12-16 01:23:38 --> Session: Class initialized using 'CodeIgniter\Session\Handlers\FileHandler' driver.
INFO - 2023-12-16 01:40:26 --> Session: Class initialized using 'CodeIgniter\Session\Handlers\FileHandler' driver.
INFO - 2023-12-16 01:40:27 --> Session: Class initialized using 'CodeIgniter\Session\Handlers\FileHandler' driver.
WARNING - 2023-12-16 01:40:27 --> [DEPRECATED] Creation of dynamic property App\Controllers\Pages::$CompanyModel is deprecated in APPPATH/Controllers/Pages.php on line 12.
 1 SYSTEMPATH/CodeIgniter.php(906): App\Controllers\Pages->__construct()
 2 SYSTEMPATH/CodeIgniter.php(490): CodeIgniter\CodeIgniter->createController()
 3 SYSTEMPATH/CodeIgniter.php(368): CodeIgniter\CodeIgniter->handleRequest(null, Object(Config\Cache), false)
 4 FCPATH/index.php(67): CodeIgniter\CodeIgniter->run()
INFO - 2023-12-16 01:40:30 --> Session: Class initialized using 'CodeIgniter\Session\Handlers\FileHandler' driver.
WARNING - 2023-12-16 01:40:30 --> [DEPRECATED] Creation of dynamic property App\Controllers\Pages::$CompanyModel is deprecated in APPPATH/Controllers/Pages.php on line 12.
 1 SYSTEMPATH/CodeIgniter.php(906): App\Controllers\Pages->__construct()
 2 SYSTEMPATH/CodeIgniter.php(490): CodeIgniter\CodeIgniter->createController()
 3 SYSTEMPATH/CodeIgniter.php(368): CodeIgniter\CodeIgniter->handleRequest(null, Object(Config\Cache), false)
 4 FCPATH/index.php(67): CodeIgniter\CodeIgniter->run()
INFO - 2023-12-16 01:42:41 --> Session: Class initialized using 'CodeIgniter\Session\Handlers\FileHandler' driver.
WARNING - 2023-12-16 01:42:41 --> [DEPRECATED] Creation of dynamic property App\Controllers\Pages::$CompanyModel is deprecated in APPPATH/Controllers/Pages.php on line 12.
 1 SYSTEMPATH/CodeIgniter.php(906): App\Controllers\Pages->__construct()
 2 SYSTEMPATH/CodeIgniter.php(490): CodeIgniter\CodeIgniter->createController()
 3 SYSTEMPATH/CodeIgniter.php(368): CodeIgniter\CodeIgniter->handleRequest(null, Object(Config\Cache), false)
 4 FCPATH/index.php(67): CodeIgniter\CodeIgniter->run()
INFO - 2023-12-16 01:44:57 --> Session: Class initialized using 'CodeIgniter\Session\Handlers\FileHandler' driver.
WARNING - 2023-12-16 01:44:57 --> [DEPRECATED] Creation of dynamic property App\Controllers\Pages::$CompanyModel is deprecated in APPPATH/Controllers/Pages.php on line 12.
 1 SYSTEMPATH/CodeIgniter.php(906): App\Controllers\Pages->__construct()
 2 SYSTEMPATH/CodeIgniter.php(490): CodeIgniter\CodeIgniter->createController()
 3 SYSTEMPATH/CodeIgniter.php(368): CodeIgniter\CodeIgniter->handleRequest(null, Object(Config\Cache), false)
 4 FCPATH/index.php(67): CodeIgniter\CodeIgniter->run()
INFO - 2023-12-16 01:45:44 --> Session: Class initialized using 'CodeIgniter\Session\Handlers\FileHandler' driver.
WARNING - 2023-12-16 01:45:44 --> [DEPRECATED] Creation of dynamic property App\Controllers\Pages::$CompanyModel is deprecated in APPPATH/Controllers/Pages.php on line 12.
 1 SYSTEMPATH/CodeIgniter.php(906): App\Controllers\Pages->__construct()
 2 SYSTEMPATH/CodeIgniter.php(490): CodeIgniter\CodeIgniter->createController()
 3 SYSTEMPATH/CodeIgniter.php(368): CodeIgniter\CodeIgniter->handleRequest(null, Object(Config\Cache), false)
 4 FCPATH/index.php(67): CodeIgniter\CodeIgniter->run()
INFO - 2023-12-16 01:46:52 --> Session: Class initialized using 'CodeIgniter\Session\Handlers\FileHandler' driver.
WARNING - 2023-12-16 01:46:52 --> [DEPRECATED] Creation of dynamic property App\Controllers\Pages::$CompanyModel is deprecated in APPPATH/Controllers/Pages.php on line 12.
 1 SYSTEMPATH/CodeIgniter.php(906): App\Controllers\Pages->__construct()
 2 SYSTEMPATH/CodeIgniter.php(490): CodeIgniter\CodeIgniter->createController()
 3 SYSTEMPATH/CodeIgniter.php(368): CodeIgniter\CodeIgniter->handleRequest(null, Object(Config\Cache), false)
 4 FCPATH/index.php(67): CodeIgniter\CodeIgniter->run()
INFO - 2023-12-16 01:47:14 --> Session: Class initialized using 'CodeIgniter\Session\Handlers\FileHandler' driver.
WARNING - 2023-12-16 01:47:14 --> [DEPRECATED] Creation of dynamic property App\Controllers\Pages::$CompanyModel is deprecated in APPPATH/Controllers/Pages.php on line 12.
 1 SYSTEMPATH/CodeIgniter.php(906): App\Controllers\Pages->__construct()
 2 SYSTEMPATH/CodeIgniter.php(490): CodeIgniter\CodeIgniter->createController()
 3 SYSTEMPATH/CodeIgniter.php(368): CodeIgniter\CodeIgniter->handleRequest(null, Object(Config\Cache), false)
 4 FCPATH/index.php(67): CodeIgniter\CodeIgniter->run()
INFO - 2023-12-16 01:47:23 --> Session: Class initialized using 'CodeIgniter\Session\Handlers\FileHandler' driver.
WARNING - 2023-12-16 01:47:23 --> [DEPRECATED] Creation of dynamic property App\Controllers\Pages::$CompanyModel is deprecated in APPPATH/Controllers/Pages.php on line 12.
 1 SYSTEMPATH/CodeIgniter.php(906): App\Controllers\Pages->__construct()
 2 SYSTEMPATH/CodeIgniter.php(490): CodeIgniter\CodeIgniter->createController()
 3 SYSTEMPATH/CodeIgniter.php(368): CodeIgniter\CodeIgniter->handleRequest(null, Object(Config\Cache), false)
 4 FCPATH/index.php(67): CodeIgniter\CodeIgniter->run()
INFO - 2023-12-16 01:47:25 --> Session: Class initialized using 'CodeIgniter\Session\Handlers\FileHandler' driver.
WARNING - 2023-12-16 01:47:25 --> [DEPRECATED] Creation of dynamic property App\Controllers\Pages::$CompanyModel is deprecated in APPPATH/Controllers/Pages.php on line 12.
 1 SYSTEMPATH/CodeIgniter.php(906): App\Controllers\Pages->__construct()
 2 SYSTEMPATH/CodeIgniter.php(490): CodeIgniter\CodeIgniter->createController()
 3 SYSTEMPATH/CodeIgniter.php(368): CodeIgniter\CodeIgniter->handleRequest(null, Object(Config\Cache), false)
 4 FCPATH/index.php(67): CodeIgniter\CodeIgniter->run()
INFO - 2023-12-16 01:48:05 --> Session: Class initialized using 'CodeIgniter\Session\Handlers\FileHandler' driver.
WARNING - 2023-12-16 01:48:05 --> [DEPRECATED] Creation of dynamic property App\Controllers\Pages::$CompanyModel is deprecated in APPPATH/Controllers/Pages.php on line 12.
 1 SYSTEMPATH/CodeIgniter.php(906): App\Controllers\Pages->__construct()
 2 SYSTEMPATH/CodeIgniter.php(490): CodeIgniter\CodeIgniter->createController()
 3 SYSTEMPATH/CodeIgniter.php(368): CodeIgniter\CodeIgniter->handleRequest(null, Object(Config\Cache), false)
 4 FCPATH/index.php(67): CodeIgniter\CodeIgniter->run()
INFO - 2023-12-16 01:49:54 --> Session: Class initialized using 'CodeIgniter\Session\Handlers\FileHandler' driver.
WARNING - 2023-12-16 01:49:54 --> [DEPRECATED] Creation of dynamic property App\Controllers\Pages::$CompanyModel is deprecated in APPPATH/Controllers/Pages.php on line 12.
 1 SYSTEMPATH/CodeIgniter.php(906): App\Controllers\Pages->__construct()
 2 SYSTEMPATH/CodeIgniter.php(490): CodeIgniter\CodeIgniter->createController()
 3 SYSTEMPATH/CodeIgniter.php(368): CodeIgniter\CodeIgniter->handleRequest(null, Object(Config\Cache), false)
 4 FCPATH/index.php(67): CodeIgniter\CodeIgniter->run()
INFO - 2023-12-16 01:51:03 --> Session: Class initialized using 'CodeIgniter\Session\Handlers\FileHandler' driver.
WARNING - 2023-12-16 01:51:03 --> [DEPRECATED] Creation of dynamic property App\Controllers\Pages::$CompanyModel is deprecated in APPPATH/Controllers/Pages.php on line 12.
 1 SYSTEMPATH/CodeIgniter.php(906): App\Controllers\Pages->__construct()
 2 SYSTEMPATH/CodeIgniter.php(490): CodeIgniter\CodeIgniter->createController()
 3 SYSTEMPATH/CodeIgniter.php(368): CodeIgniter\CodeIgniter->handleRequest(null, Object(Config\Cache), false)
 4 FCPATH/index.php(67): CodeIgniter\CodeIgniter->run()
INFO - 2023-12-16 01:51:12 --> Session: Class initialized using 'CodeIgniter\Session\Handlers\FileHandler' driver.
