ERROR - 2023-03-18 04:33:40 --> Error connecting to the database: mysqli_sql_exception: Connection refused in /Users/macbook/Desktop/ci4-project/vendor/codeigniter4/framework/system/Database/MySQLi/Connection.php:173
Stack trace:
#0 /Users/macbook/Desktop/ci4-project/vendor/codeigniter4/framework/system/Database/MySQLi/Connection.php(173): mysqli->real_connect('127.0.0.1', 'root', Object(SensitiveParameterValue), 'appoint', 8889, '', 0)
#1 /Users/macbook/Desktop/ci4-project/vendor/codeigniter4/framework/system/Database/BaseConnection.php(391): CodeIgniter\Database\MySQLi\Connection->connect(false)
#2 /Users/macbook/Desktop/ci4-project/vendor/codeigniter4/framework/system/Database/BaseConnection.php(573): CodeIgniter\Database\BaseConnection->initialize()
#3 /Users/macbook/Desktop/ci4-project/vendor/codeigniter4/framework/system/Database/BaseBuilder.php(1616): CodeIgniter\Database\BaseConnection->query('SELECT *\nFROM `...', Array, false)
#4 /Users/macbook/Desktop/ci4-project/vendor/codeigniter4/framework/system/Model.php(241): CodeIgniter\Database\BaseBuilder->get()
#5 /Users/macbook/Desktop/ci4-project/vendor/codeigniter4/framework/system/BaseModel.php(618): CodeIgniter\Model->doFindAll(0, 0)
#6 /Users/macbook/Desktop/ci4-project/app/Models/AppointmentModel.php(13): CodeIgniter\BaseModel->findAll()
#7 /Users/macbook/Desktop/ci4-project/app/Controllers/Data.php(11): App\Models\AppointmentModel->getAppointments()
#8 /Users/macbook/Desktop/ci4-project/vendor/codeigniter4/framework/system/CodeIgniter.php(934): App\Controllers\Data->index()
#9 /Users/macbook/Desktop/ci4-project/vendor/codeigniter4/framework/system/CodeIgniter.php(499): CodeIgniter\CodeIgniter->runController(Object(App\Controllers\Data))
#10 /Users/macbook/Desktop/ci4-project/vendor/codeigniter4/framework/system/CodeIgniter.php(368): CodeIgniter\CodeIgniter->handleRequest(NULL, Object(Config\Cache), false)
#11 /Users/macbook/Desktop/ci4-project/public/index.php(67): CodeIgniter\CodeIgniter->run()
#12 /Users/macbook/Desktop/ci4-project/vendor/codeigniter4/framework/system/Commands/Server/rewrite.php(47): require_once('/Users/macbook/...')
#13 {main}

Next CodeIgniter\Database\Exceptions\DatabaseException: Connection refused in /Users/macbook/Desktop/ci4-project/vendor/codeigniter4/framework/system/Database/MySQLi/Connection.php:218
Stack trace:
#0 /Users/macbook/Desktop/ci4-project/vendor/codeigniter4/framework/system/Database/BaseConnection.php(391): CodeIgniter\Database\MySQLi\Connection->connect(false)
#1 /Users/macbook/Desktop/ci4-project/vendor/codeigniter4/framework/system/Database/BaseConnection.php(573): CodeIgniter\Database\BaseConnection->initialize()
#2 /Users/macbook/Desktop/ci4-project/vendor/codeigniter4/framework/system/Database/BaseBuilder.php(1616): CodeIgniter\Database\BaseConnection->query('SELECT *\nFROM `...', Array, false)
#3 /Users/macbook/Desktop/ci4-project/vendor/codeigniter4/framework/system/Model.php(241): CodeIgniter\Database\BaseBuilder->get()
#4 /Users/macbook/Desktop/ci4-project/vendor/codeigniter4/framework/system/BaseModel.php(618): CodeIgniter\Model->doFindAll(0, 0)
#5 /Users/macbook/Desktop/ci4-project/app/Models/AppointmentModel.php(13): CodeIgniter\BaseModel->findAll()
#6 /Users/macbook/Desktop/ci4-project/app/Controllers/Data.php(11): App\Models\AppointmentModel->getAppointments()
#7 /Users/macbook/Desktop/ci4-project/vendor/codeigniter4/framework/system/CodeIgniter.php(934): App\Controllers\Data->index()
#8 /Users/macbook/Desktop/ci4-project/vendor/codeigniter4/framework/system/CodeIgniter.php(499): CodeIgniter\CodeIgniter->runController(Object(App\Controllers\Data))
#9 /Users/macbook/Desktop/ci4-project/vendor/codeigniter4/framework/system/CodeIgniter.php(368): CodeIgniter\CodeIgniter->handleRequest(NULL, Object(Config\Cache), false)
#10 /Users/macbook/Desktop/ci4-project/public/index.php(67): CodeIgniter\CodeIgniter->run()
#11 /Users/macbook/Desktop/ci4-project/vendor/codeigniter4/framework/system/Commands/Server/rewrite.php(47): require_once('/Users/macbook/...')
#12 {main}
CRITICAL - 2023-03-18 04:33:40 --> Unable to connect to the database.
Main connection [MySQLi]: Connection refused
in SYSTEMPATH/Database/BaseConnection.php on line 427.
 1 SYSTEMPATH/Database/BaseConnection.php(573): CodeIgniter\Database\BaseConnection->initialize()
 2 SYSTEMPATH/Database/BaseBuilder.php(1616): CodeIgniter\Database\BaseConnection->query('SELECT *
FROM `appointments`
ORDER BY `id` DESC', [], false)
 3 SYSTEMPATH/Model.php(241): CodeIgniter\Database\BaseBuilder->get()
 4 SYSTEMPATH/BaseModel.php(618): CodeIgniter\Model->doFindAll(0, 0)
 5 APPPATH/Models/AppointmentModel.php(13): CodeIgniter\BaseModel->findAll()
 6 APPPATH/Controllers/Data.php(11): App\Models\AppointmentModel->getAppointments()
 7 SYSTEMPATH/CodeIgniter.php(934): App\Controllers\Data->index()
 8 SYSTEMPATH/CodeIgniter.php(499): CodeIgniter\CodeIgniter->runController(Object(App\Controllers\Data))
 9 SYSTEMPATH/CodeIgniter.php(368): CodeIgniter\CodeIgniter->handleRequest(null, Object(Config\Cache), false)
10 FCPATH/index.php(67): CodeIgniter\CodeIgniter->run()
11 SYSTEMPATH/Commands/Server/rewrite.php(47): require_once('FCPATH/index.php')
ERROR - 2023-03-18 04:35:32 --> Error connecting to the database: mysqli_sql_exception: Connection refused in /Users/macbook/Desktop/ci4-project/vendor/codeigniter4/framework/system/Database/MySQLi/Connection.php:173
Stack trace:
#0 /Users/macbook/Desktop/ci4-project/vendor/codeigniter4/framework/system/Database/MySQLi/Connection.php(173): mysqli->real_connect('127.0.0.1', 'root', Object(SensitiveParameterValue), 'appoint', 8889, '', 0)
#1 /Users/macbook/Desktop/ci4-project/vendor/codeigniter4/framework/system/Database/BaseConnection.php(391): CodeIgniter\Database\MySQLi\Connection->connect(false)
#2 /Users/macbook/Desktop/ci4-project/vendor/codeigniter4/framework/system/Database/BaseConnection.php(573): CodeIgniter\Database\BaseConnection->initialize()
#3 /Users/macbook/Desktop/ci4-project/vendor/codeigniter4/framework/system/Database/BaseBuilder.php(1616): CodeIgniter\Database\BaseConnection->query('SELECT *\nFROM `...', Array, false)
#4 /Users/macbook/Desktop/ci4-project/vendor/codeigniter4/framework/system/Model.php(241): CodeIgniter\Database\BaseBuilder->get()
#5 /Users/macbook/Desktop/ci4-project/vendor/codeigniter4/framework/system/BaseModel.php(618): CodeIgniter\Model->doFindAll(0, 0)
#6 /Users/macbook/Desktop/ci4-project/app/Models/AppointmentModel.php(13): CodeIgniter\BaseModel->findAll()
#7 /Users/macbook/Desktop/ci4-project/app/Controllers/Data.php(11): App\Models\AppointmentModel->getAppointments()
#8 /Users/macbook/Desktop/ci4-project/vendor/codeigniter4/framework/system/CodeIgniter.php(934): App\Controllers\Data->index()
#9 /Users/macbook/Desktop/ci4-project/vendor/codeigniter4/framework/system/CodeIgniter.php(499): CodeIgniter\CodeIgniter->runController(Object(App\Controllers\Data))
#10 /Users/macbook/Desktop/ci4-project/vendor/codeigniter4/framework/system/CodeIgniter.php(368): CodeIgniter\CodeIgniter->handleRequest(NULL, Object(Config\Cache), false)
#11 /Users/macbook/Desktop/ci4-project/public/index.php(67): CodeIgniter\CodeIgniter->run()
#12 /Users/macbook/Desktop/ci4-project/vendor/codeigniter4/framework/system/Commands/Server/rewrite.php(47): require_once('/Users/macbook/...')
#13 {main}

Next CodeIgniter\Database\Exceptions\DatabaseException: Connection refused in /Users/macbook/Desktop/ci4-project/vendor/codeigniter4/framework/system/Database/MySQLi/Connection.php:218
Stack trace:
#0 /Users/macbook/Desktop/ci4-project/vendor/codeigniter4/framework/system/Database/BaseConnection.php(391): CodeIgniter\Database\MySQLi\Connection->connect(false)
#1 /Users/macbook/Desktop/ci4-project/vendor/codeigniter4/framework/system/Database/BaseConnection.php(573): CodeIgniter\Database\BaseConnection->initialize()
#2 /Users/macbook/Desktop/ci4-project/vendor/codeigniter4/framework/system/Database/BaseBuilder.php(1616): CodeIgniter\Database\BaseConnection->query('SELECT *\nFROM `...', Array, false)
#3 /Users/macbook/Desktop/ci4-project/vendor/codeigniter4/framework/system/Model.php(241): CodeIgniter\Database\BaseBuilder->get()
#4 /Users/macbook/Desktop/ci4-project/vendor/codeigniter4/framework/system/BaseModel.php(618): CodeIgniter\Model->doFindAll(0, 0)
#5 /Users/macbook/Desktop/ci4-project/app/Models/AppointmentModel.php(13): CodeIgniter\BaseModel->findAll()
#6 /Users/macbook/Desktop/ci4-project/app/Controllers/Data.php(11): App\Models\AppointmentModel->getAppointments()
#7 /Users/macbook/Desktop/ci4-project/vendor/codeigniter4/framework/system/CodeIgniter.php(934): App\Controllers\Data->index()
#8 /Users/macbook/Desktop/ci4-project/vendor/codeigniter4/framework/system/CodeIgniter.php(499): CodeIgniter\CodeIgniter->runController(Object(App\Controllers\Data))
#9 /Users/macbook/Desktop/ci4-project/vendor/codeigniter4/framework/system/CodeIgniter.php(368): CodeIgniter\CodeIgniter->handleRequest(NULL, Object(Config\Cache), false)
#10 /Users/macbook/Desktop/ci4-project/public/index.php(67): CodeIgniter\CodeIgniter->run()
#11 /Users/macbook/Desktop/ci4-project/vendor/codeigniter4/framework/system/Commands/Server/rewrite.php(47): require_once('/Users/macbook/...')
#12 {main}
CRITICAL - 2023-03-18 04:35:32 --> Unable to connect to the database.
Main connection [MySQLi]: Connection refused
in SYSTEMPATH/Database/BaseConnection.php on line 427.
 1 SYSTEMPATH/Database/BaseConnection.php(573): CodeIgniter\Database\BaseConnection->initialize()
 2 SYSTEMPATH/Database/BaseBuilder.php(1616): CodeIgniter\Database\BaseConnection->query('SELECT *
FROM `appointments`
ORDER BY `id` DESC', [], false)
 3 SYSTEMPATH/Model.php(241): CodeIgniter\Database\BaseBuilder->get()
 4 SYSTEMPATH/BaseModel.php(618): CodeIgniter\Model->doFindAll(0, 0)
 5 APPPATH/Models/AppointmentModel.php(13): CodeIgniter\BaseModel->findAll()
 6 APPPATH/Controllers/Data.php(11): App\Models\AppointmentModel->getAppointments()
 7 SYSTEMPATH/CodeIgniter.php(934): App\Controllers\Data->index()
 8 SYSTEMPATH/CodeIgniter.php(499): CodeIgniter\CodeIgniter->runController(Object(App\Controllers\Data))
 9 SYSTEMPATH/CodeIgniter.php(368): CodeIgniter\CodeIgniter->handleRequest(null, Object(Config\Cache), false)
10 FCPATH/index.php(67): CodeIgniter\CodeIgniter->run()
11 SYSTEMPATH/Commands/Server/rewrite.php(47): require_once('FCPATH/index.php')
