WARNING - 2024-05-09 00:21:09 --> [DEPRECATED] Creation of dynamic property App\Controllers\Auth::$UserOnlineModel is deprecated in APPPATH/Controllers/Auth.php on line 11.
 1 SYSTEMPATH/CodeIgniter.php(906): App\Controllers\Auth->__construct()
 2 SYSTEMPATH/CodeIgniter.php(490): CodeIgniter\CodeIgniter->createController()
 3 SYSTEMPATH/CodeIgniter.php(368): CodeIgniter\CodeIgniter->handleRequest(null, Object(Config\Cache), false)
 4 FCPATH/index.php(67): CodeIgniter\CodeIgniter->run()
INFO - 2024-05-09 00:21:09 --> Session: Class initialized using 'CodeIgniter\Session\Handlers\FileHandler' driver.
WARNING - 2024-05-09 00:22:22 --> [DEPRECATED] Creation of dynamic property App\Controllers\Auth::$UserOnlineModel is deprecated in APPPATH/Controllers/Auth.php on line 11.
 1 SYSTEMPATH/CodeIgniter.php(906): App\Controllers\Auth->__construct()
 2 SYSTEMPATH/CodeIgniter.php(490): CodeIgniter\CodeIgniter->createController()
 3 SYSTEMPATH/CodeIgniter.php(368): CodeIgniter\CodeIgniter->handleRequest(null, Object(Config\Cache), false)
 4 FCPATH/index.php(67): CodeIgniter\CodeIgniter->run()
INFO - 2024-05-09 00:22:22 --> Session: Class initialized using 'CodeIgniter\Session\Handlers\FileHandler' driver.
WARNING - 2024-05-09 00:22:27 --> [DEPRECATED] Creation of dynamic property App\Controllers\Auth::$UserOnlineModel is deprecated in APPPATH/Controllers/Auth.php on line 11.
 1 SYSTEMPATH/CodeIgniter.php(906): App\Controllers\Auth->__construct()
 2 SYSTEMPATH/CodeIgniter.php(490): CodeIgniter\CodeIgniter->createController()
 3 SYSTEMPATH/CodeIgniter.php(368): CodeIgniter\CodeIgniter->handleRequest(null, Object(Config\Cache), false)
 4 FCPATH/index.php(67): CodeIgniter\CodeIgniter->run()
INFO - 2024-05-09 00:22:27 --> Session: Class initialized using 'CodeIgniter\Session\Handlers\FileHandler' driver.
WARNING - 2024-05-09 11:34:49 --> [DEPRECATED] Creation of dynamic property App\Controllers\Auth::$UserOnlineModel is deprecated in APPPATH/Controllers/Auth.php on line 11.
 1 SYSTEMPATH/CodeIgniter.php(906): App\Controllers\Auth->__construct()
 2 SYSTEMPATH/CodeIgniter.php(490): CodeIgniter\CodeIgniter->createController()
 3 SYSTEMPATH/CodeIgniter.php(368): CodeIgniter\CodeIgniter->handleRequest(null, Object(Config\Cache), false)
 4 FCPATH/index.php(67): CodeIgniter\CodeIgniter->run()
INFO - 2024-05-09 11:34:49 --> Session: Class initialized using 'CodeIgniter\Session\Handlers\FileHandler' driver.
WARNING - 2024-05-09 11:35:09 --> [DEPRECATED] Creation of dynamic property App\Controllers\Auth::$UserOnlineModel is deprecated in APPPATH/Controllers/Auth.php on line 11.
 1 SYSTEMPATH/CodeIgniter.php(906): App\Controllers\Auth->__construct()
 2 SYSTEMPATH/CodeIgniter.php(490): CodeIgniter\CodeIgniter->createController()
 3 SYSTEMPATH/CodeIgniter.php(368): CodeIgniter\CodeIgniter->handleRequest(null, Object(Config\Cache), false)
 4 FCPATH/index.php(67): CodeIgniter\CodeIgniter->run()
INFO - 2024-05-09 11:35:09 --> Session: Class initialized using 'CodeIgniter\Session\Handlers\FileHandler' driver.
WARNING - 2024-05-09 11:35:24 --> [DEPRECATED] Creation of dynamic property App\Controllers\Auth::$UserOnlineModel is deprecated in APPPATH/Controllers/Auth.php on line 11.
 1 SYSTEMPATH/CodeIgniter.php(906): App\Controllers\Auth->__construct()
 2 SYSTEMPATH/CodeIgniter.php(490): CodeIgniter\CodeIgniter->createController()
 3 SYSTEMPATH/CodeIgniter.php(368): CodeIgniter\CodeIgniter->handleRequest(null, Object(Config\Cache), false)
 4 FCPATH/index.php(67): CodeIgniter\CodeIgniter->run()
INFO - 2024-05-09 11:35:24 --> Session: Class initialized using 'CodeIgniter\Session\Handlers\FileHandler' driver.
WARNING - 2024-05-09 11:54:10 --> [DEPRECATED] Creation of dynamic property App\Controllers\Auth::$UserOnlineModel is deprecated in APPPATH/Controllers/Auth.php on line 11.
 1 SYSTEMPATH/CodeIgniter.php(906): App\Controllers\Auth->__construct()
 2 SYSTEMPATH/CodeIgniter.php(490): CodeIgniter\CodeIgniter->createController()
 3 SYSTEMPATH/CodeIgniter.php(368): CodeIgniter\CodeIgniter->handleRequest(null, Object(Config\Cache), false)
 4 FCPATH/index.php(67): CodeIgniter\CodeIgniter->run()
INFO - 2024-05-09 11:54:10 --> Session: Class initialized using 'CodeIgniter\Session\Handlers\FileHandler' driver.
WARNING - 2024-05-09 11:54:17 --> [DEPRECATED] Creation of dynamic property App\Controllers\Auth::$UserOnlineModel is deprecated in APPPATH/Controllers/Auth.php on line 11.
 1 SYSTEMPATH/CodeIgniter.php(906): App\Controllers\Auth->__construct()
 2 SYSTEMPATH/CodeIgniter.php(490): CodeIgniter\CodeIgniter->createController()
 3 SYSTEMPATH/CodeIgniter.php(368): CodeIgniter\CodeIgniter->handleRequest(null, Object(Config\Cache), false)
 4 FCPATH/index.php(67): CodeIgniter\CodeIgniter->run()
INFO - 2024-05-09 11:54:17 --> Session: Class initialized using 'CodeIgniter\Session\Handlers\FileHandler' driver.
WARNING - 2024-05-09 11:54:34 --> [DEPRECATED] Creation of dynamic property App\Controllers\Auth::$UserOnlineModel is deprecated in APPPATH/Controllers/Auth.php on line 11.
 1 SYSTEMPATH/CodeIgniter.php(906): App\Controllers\Auth->__construct()
 2 SYSTEMPATH/CodeIgniter.php(490): CodeIgniter\CodeIgniter->createController()
 3 SYSTEMPATH/CodeIgniter.php(368): CodeIgniter\CodeIgniter->handleRequest(null, Object(Config\Cache), false)
 4 FCPATH/index.php(67): CodeIgniter\CodeIgniter->run()
INFO - 2024-05-09 11:54:34 --> Session: Class initialized using 'CodeIgniter\Session\Handlers\FileHandler' driver.
WARNING - 2024-05-09 12:11:45 --> [DEPRECATED] Creation of dynamic property App\Controllers\Auth::$UserOnlineModel is deprecated in APPPATH/Controllers/Auth.php on line 11.
 1 SYSTEMPATH/CodeIgniter.php(906): App\Controllers\Auth->__construct()
 2 SYSTEMPATH/CodeIgniter.php(490): CodeIgniter\CodeIgniter->createController()
 3 SYSTEMPATH/CodeIgniter.php(368): CodeIgniter\CodeIgniter->handleRequest(null, Object(Config\Cache), false)
 4 FCPATH/index.php(67): CodeIgniter\CodeIgniter->run()
INFO - 2024-05-09 12:11:45 --> Session: Class initialized using 'CodeIgniter\Session\Handlers\FileHandler' driver.
WARNING - 2024-05-09 12:12:05 --> [DEPRECATED] Creation of dynamic property App\Controllers\Auth::$UserOnlineModel is deprecated in APPPATH/Controllers/Auth.php on line 11.
 1 SYSTEMPATH/CodeIgniter.php(906): App\Controllers\Auth->__construct()
 2 SYSTEMPATH/CodeIgniter.php(490): CodeIgniter\CodeIgniter->createController()
 3 SYSTEMPATH/CodeIgniter.php(368): CodeIgniter\CodeIgniter->handleRequest(null, Object(Config\Cache), false)
 4 FCPATH/index.php(67): CodeIgniter\CodeIgniter->run()
INFO - 2024-05-09 12:12:06 --> Session: Class initialized using 'CodeIgniter\Session\Handlers\FileHandler' driver.
WARNING - 2024-05-09 12:29:23 --> [DEPRECATED] Creation of dynamic property App\Controllers\Auth::$UserOnlineModel is deprecated in APPPATH/Controllers/Auth.php on line 11.
 1 SYSTEMPATH/CodeIgniter.php(906): App\Controllers\Auth->__construct()
 2 SYSTEMPATH/CodeIgniter.php(490): CodeIgniter\CodeIgniter->createController()
 3 SYSTEMPATH/CodeIgniter.php(368): CodeIgniter\CodeIgniter->handleRequest(null, Object(Config\Cache), false)
 4 FCPATH/index.php(67): CodeIgniter\CodeIgniter->run()
INFO - 2024-05-09 12:29:24 --> Session: Class initialized using 'CodeIgniter\Session\Handlers\FileHandler' driver.
WARNING - 2024-05-09 12:29:36 --> [DEPRECATED] Creation of dynamic property App\Controllers\Auth::$UserOnlineModel is deprecated in APPPATH/Controllers/Auth.php on line 11.
 1 SYSTEMPATH/CodeIgniter.php(906): App\Controllers\Auth->__construct()
 2 SYSTEMPATH/CodeIgniter.php(490): CodeIgniter\CodeIgniter->createController()
 3 SYSTEMPATH/CodeIgniter.php(368): CodeIgniter\CodeIgniter->handleRequest(null, Object(Config\Cache), false)
 4 FCPATH/index.php(67): CodeIgniter\CodeIgniter->run()
INFO - 2024-05-09 12:29:36 --> Session: Class initialized using 'CodeIgniter\Session\Handlers\FileHandler' driver.
ERROR - 2024-05-09 13:18:08 --> mysqli_sql_exception: Table 'lumpsum_new_db.ecp' doesn't exist in /Users/macbook/CI4-essilor/vendor/codeigniter4/framework/system/Database/MySQLi/Connection.php:295
Stack trace:
#0 /Users/macbook/CI4-essilor/vendor/codeigniter4/framework/system/Database/MySQLi/Connection.php(295): mysqli->query('SELECT *\nFROM `...', 0)
#1 /Users/macbook/CI4-essilor/vendor/codeigniter4/framework/system/Database/BaseConnection.php(691): CodeIgniter\Database\MySQLi\Connection->execute('SELECT *\nFROM `...')
#2 /Users/macbook/CI4-essilor/vendor/codeigniter4/framework/system/Database/BaseConnection.php(605): CodeIgniter\Database\BaseConnection->simpleQuery('SELECT *\nFROM `...')
#3 /Users/macbook/CI4-essilor/vendor/codeigniter4/framework/system/Database/BaseBuilder.php(1616): CodeIgniter\Database\BaseConnection->query('SELECT *\nFROM `...', Array, false)
#4 /Users/macbook/CI4-essilor/vendor/codeigniter4/framework/system/Model.php(241): CodeIgniter\Database\BaseBuilder->get()
#5 /Users/macbook/CI4-essilor/vendor/codeigniter4/framework/system/BaseModel.php(618): CodeIgniter\Model->doFindAll(0, 0)
#6 /Users/macbook/CI4-essilor/app/Controllers/Pages.php(21): CodeIgniter\BaseModel->findAll()
#7 /Users/macbook/CI4-essilor/vendor/codeigniter4/framework/system/CodeIgniter.php(934): App\Controllers\Pages->load_list_ecp_view()
#8 /Users/macbook/CI4-essilor/vendor/codeigniter4/framework/system/CodeIgniter.php(499): CodeIgniter\CodeIgniter->runController(Object(App\Controllers\Pages))
#9 /Users/macbook/CI4-essilor/vendor/codeigniter4/framework/system/CodeIgniter.php(368): CodeIgniter\CodeIgniter->handleRequest(NULL, Object(Config\Cache), false)
#10 /Users/macbook/CI4-essilor/index.php(67): CodeIgniter\CodeIgniter->run()
#11 {main}
CRITICAL - 2024-05-09 13:18:08 --> Table 'lumpsum_new_db.ecp' doesn't exist
in SYSTEMPATH/Database/BaseConnection.php on line 645.
 1 SYSTEMPATH/Database/BaseBuilder.php(1616): CodeIgniter\Database\BaseConnection->query('SELECT *
FROM `ecp`
ORDER BY `id` ASC', [], false)
 2 SYSTEMPATH/Model.php(241): CodeIgniter\Database\BaseBuilder->get()
 3 SYSTEMPATH/BaseModel.php(618): CodeIgniter\Model->doFindAll(0, 0)
 4 APPPATH/Controllers/Pages.php(21): CodeIgniter\BaseModel->findAll()
 5 SYSTEMPATH/CodeIgniter.php(934): App\Controllers\Pages->load_list_ecp_view()
 6 SYSTEMPATH/CodeIgniter.php(499): CodeIgniter\CodeIgniter->runController(Object(App\Controllers\Pages))
 7 SYSTEMPATH/CodeIgniter.php(368): CodeIgniter\CodeIgniter->handleRequest(null, Object(Config\Cache), false)
 8 FCPATH/index.php(67): CodeIgniter\CodeIgniter->run()
ERROR - 2024-05-09 13:18:17 --> mysqli_sql_exception: Table 'lumpsum_new_db.ecp' doesn't exist in /Users/macbook/CI4-essilor/vendor/codeigniter4/framework/system/Database/MySQLi/Connection.php:295
Stack trace:
#0 /Users/macbook/CI4-essilor/vendor/codeigniter4/framework/system/Database/MySQLi/Connection.php(295): mysqli->query('SELECT *\nFROM `...', 0)
#1 /Users/macbook/CI4-essilor/vendor/codeigniter4/framework/system/Database/BaseConnection.php(691): CodeIgniter\Database\MySQLi\Connection->execute('SELECT *\nFROM `...')
#2 /Users/macbook/CI4-essilor/vendor/codeigniter4/framework/system/Database/BaseConnection.php(605): CodeIgniter\Database\BaseConnection->simpleQuery('SELECT *\nFROM `...')
#3 /Users/macbook/CI4-essilor/vendor/codeigniter4/framework/system/Database/BaseBuilder.php(1616): CodeIgniter\Database\BaseConnection->query('SELECT *\nFROM `...', Array, false)
#4 /Users/macbook/CI4-essilor/vendor/codeigniter4/framework/system/Model.php(241): CodeIgniter\Database\BaseBuilder->get()
#5 /Users/macbook/CI4-essilor/vendor/codeigniter4/framework/system/BaseModel.php(618): CodeIgniter\Model->doFindAll(0, 0)
#6 /Users/macbook/CI4-essilor/app/Controllers/Pages.php(21): CodeIgniter\BaseModel->findAll()
#7 /Users/macbook/CI4-essilor/vendor/codeigniter4/framework/system/CodeIgniter.php(934): App\Controllers\Pages->load_list_ecp_view()
#8 /Users/macbook/CI4-essilor/vendor/codeigniter4/framework/system/CodeIgniter.php(499): CodeIgniter\CodeIgniter->runController(Object(App\Controllers\Pages))
#9 /Users/macbook/CI4-essilor/vendor/codeigniter4/framework/system/CodeIgniter.php(368): CodeIgniter\CodeIgniter->handleRequest(NULL, Object(Config\Cache), false)
#10 /Users/macbook/CI4-essilor/index.php(67): CodeIgniter\CodeIgniter->run()
#11 {main}
CRITICAL - 2024-05-09 13:18:17 --> Table 'lumpsum_new_db.ecp' doesn't exist
in SYSTEMPATH/Database/BaseConnection.php on line 645.
 1 SYSTEMPATH/Database/BaseBuilder.php(1616): CodeIgniter\Database\BaseConnection->query('SELECT *
FROM `ecp`
ORDER BY `id` ASC', [], false)
 2 SYSTEMPATH/Model.php(241): CodeIgniter\Database\BaseBuilder->get()
 3 SYSTEMPATH/BaseModel.php(618): CodeIgniter\Model->doFindAll(0, 0)
 4 APPPATH/Controllers/Pages.php(21): CodeIgniter\BaseModel->findAll()
 5 SYSTEMPATH/CodeIgniter.php(934): App\Controllers\Pages->load_list_ecp_view()
 6 SYSTEMPATH/CodeIgniter.php(499): CodeIgniter\CodeIgniter->runController(Object(App\Controllers\Pages))
 7 SYSTEMPATH/CodeIgniter.php(368): CodeIgniter\CodeIgniter->handleRequest(null, Object(Config\Cache), false)
 8 FCPATH/index.php(67): CodeIgniter\CodeIgniter->run()
WARNING - 2024-05-09 13:28:56 --> [DEPRECATED] Creation of dynamic property App\Controllers\Auth::$UserOnlineModel is deprecated in APPPATH/Controllers/Auth.php on line 11.
 1 SYSTEMPATH/CodeIgniter.php(906): App\Controllers\Auth->__construct()
 2 SYSTEMPATH/CodeIgniter.php(490): CodeIgniter\CodeIgniter->createController()
 3 SYSTEMPATH/CodeIgniter.php(368): CodeIgniter\CodeIgniter->handleRequest(null, Object(Config\Cache), false)
 4 FCPATH/index.php(67): CodeIgniter\CodeIgniter->run()
INFO - 2024-05-09 13:28:56 --> Session: Class initialized using 'CodeIgniter\Session\Handlers\FileHandler' driver.
INFO - 2024-05-09 13:29:17 --> Session: Class initialized using 'CodeIgniter\Session\Handlers\FileHandler' driver.
WARNING - 2024-05-09 13:29:17 --> [DEPRECATED] Creation of dynamic property App\Controllers\Auth::$UserOnlineModel is deprecated in APPPATH/Controllers/Auth.php on line 11.
 1 SYSTEMPATH/CodeIgniter.php(906): App\Controllers\Auth->__construct()
 2 SYSTEMPATH/CodeIgniter.php(490): CodeIgniter\CodeIgniter->createController()
 3 SYSTEMPATH/CodeIgniter.php(368): CodeIgniter\CodeIgniter->handleRequest(null, Object(Config\Cache), false)
 4 FCPATH/index.php(67): CodeIgniter\CodeIgniter->run()
INFO - 2024-05-09 13:29:17 --> Session: Class initialized using 'CodeIgniter\Session\Handlers\FileHandler' driver.
INFO - 2024-05-09 13:29:28 --> Session: Class initialized using 'CodeIgniter\Session\Handlers\FileHandler' driver.
WARNING - 2024-05-09 13:29:28 --> [DEPRECATED] Creation of dynamic property App\Controllers\Auth::$UserOnlineModel is deprecated in APPPATH/Controllers/Auth.php on line 11.
 1 SYSTEMPATH/CodeIgniter.php(906): App\Controllers\Auth->__construct()
 2 SYSTEMPATH/CodeIgniter.php(490): CodeIgniter\CodeIgniter->createController()
 3 SYSTEMPATH/CodeIgniter.php(368): CodeIgniter\CodeIgniter->handleRequest(null, Object(Config\Cache), false)
 4 FCPATH/index.php(67): CodeIgniter\CodeIgniter->run()
INFO - 2024-05-09 13:29:28 --> Session: Class initialized using 'CodeIgniter\Session\Handlers\FileHandler' driver.
WARNING - 2024-05-09 13:29:55 --> [DEPRECATED] Creation of dynamic property App\Controllers\Auth::$UserOnlineModel is deprecated in APPPATH/Controllers/Auth.php on line 11.
 1 SYSTEMPATH/CodeIgniter.php(906): App\Controllers\Auth->__construct()
 2 SYSTEMPATH/CodeIgniter.php(490): CodeIgniter\CodeIgniter->createController()
 3 SYSTEMPATH/CodeIgniter.php(368): CodeIgniter\CodeIgniter->handleRequest(null, Object(Config\Cache), false)
 4 FCPATH/index.php(67): CodeIgniter\CodeIgniter->run()
INFO - 2024-05-09 13:29:55 --> Session: Class initialized using 'CodeIgniter\Session\Handlers\FileHandler' driver.
CRITICAL - 2024-05-09 13:29:59 --> Undefined variable $seq1
in APPPATH/Views/pages/list_ecp_view.php on line 490.
 1 APPPATH/Views/pages/list_ecp_view.php(490): CodeIgniter\Debug\Exceptions->errorHandler(2, 'Undefined variable $seq1', 'APPPATH/Views/pages/list_ecp_view.php', 490)
 2 SYSTEMPATH/View/View.php(213): include('APPPATH/Views/pages/list_ecp_view.php')
 3 SYSTEMPATH/View/View.php(216): CodeIgniter\View\View->CodeIgniter\View\{closure}()
 4 SYSTEMPATH/Common.php(1184): CodeIgniter\View\View->render('pages/list_ecp_view', [], true)
 5 APPPATH/Controllers/Pages.php(21): view('pages/list_ecp_view')
 6 SYSTEMPATH/CodeIgniter.php(934): App\Controllers\Pages->load_list_ecp_view()
 7 SYSTEMPATH/CodeIgniter.php(499): CodeIgniter\CodeIgniter->runController(Object(App\Controllers\Pages))
 8 SYSTEMPATH/CodeIgniter.php(368): CodeIgniter\CodeIgniter->handleRequest(null, Object(Config\Cache), false)
 9 FCPATH/index.php(67): CodeIgniter\CodeIgniter->run()
CRITICAL - 2024-05-09 13:30:13 --> Undefined variable $seq1
in APPPATH/Views/pages/list_ecp_view.php on line 490.
 1 APPPATH/Views/pages/list_ecp_view.php(490): CodeIgniter\Debug\Exceptions->errorHandler(2, 'Undefined variable $seq1', 'APPPATH/Views/pages/list_ecp_view.php', 490)
 2 SYSTEMPATH/View/View.php(213): include('APPPATH/Views/pages/list_ecp_view.php')
 3 SYSTEMPATH/View/View.php(216): CodeIgniter\View\View->CodeIgniter\View\{closure}()
 4 SYSTEMPATH/Common.php(1184): CodeIgniter\View\View->render('pages/list_ecp_view', [], true)
 5 APPPATH/Controllers/Pages.php(21): view('pages/list_ecp_view')
 6 SYSTEMPATH/CodeIgniter.php(934): App\Controllers\Pages->load_list_ecp_view()
 7 SYSTEMPATH/CodeIgniter.php(499): CodeIgniter\CodeIgniter->runController(Object(App\Controllers\Pages))
 8 SYSTEMPATH/CodeIgniter.php(368): CodeIgniter\CodeIgniter->handleRequest(null, Object(Config\Cache), false)
 9 FCPATH/index.php(67): CodeIgniter\CodeIgniter->run()
INFO - 2024-05-09 14:02:05 --> Session: Class initialized using 'CodeIgniter\Session\Handlers\FileHandler' driver.
WARNING - 2024-05-09 14:02:05 --> [DEPRECATED] Creation of dynamic property App\Controllers\Auth::$UserOnlineModel is deprecated in APPPATH/Controllers/Auth.php on line 11.
 1 SYSTEMPATH/CodeIgniter.php(906): App\Controllers\Auth->__construct()
 2 SYSTEMPATH/CodeIgniter.php(490): CodeIgniter\CodeIgniter->createController()
 3 SYSTEMPATH/CodeIgniter.php(368): CodeIgniter\CodeIgniter->handleRequest(null, Object(Config\Cache), false)
 4 FCPATH/index.php(67): CodeIgniter\CodeIgniter->run()
INFO - 2024-05-09 14:02:05 --> Session: Class initialized using 'CodeIgniter\Session\Handlers\FileHandler' driver.
INFO - 2024-05-09 14:02:57 --> Session: Class initialized using 'CodeIgniter\Session\Handlers\FileHandler' driver.
WARNING - 2024-05-09 14:02:58 --> [DEPRECATED] Creation of dynamic property App\Controllers\Auth::$UserOnlineModel is deprecated in APPPATH/Controllers/Auth.php on line 11.
 1 SYSTEMPATH/CodeIgniter.php(906): App\Controllers\Auth->__construct()
 2 SYSTEMPATH/CodeIgniter.php(490): CodeIgniter\CodeIgniter->createController()
 3 SYSTEMPATH/CodeIgniter.php(368): CodeIgniter\CodeIgniter->handleRequest(null, Object(Config\Cache), false)
 4 FCPATH/index.php(67): CodeIgniter\CodeIgniter->run()
INFO - 2024-05-09 14:02:58 --> Session: Class initialized using 'CodeIgniter\Session\Handlers\FileHandler' driver.
INFO - 2024-05-09 14:03:22 --> Session: Class initialized using 'CodeIgniter\Session\Handlers\FileHandler' driver.
WARNING - 2024-05-09 14:03:23 --> [DEPRECATED] Creation of dynamic property App\Controllers\Auth::$UserOnlineModel is deprecated in APPPATH/Controllers/Auth.php on line 11.
 1 SYSTEMPATH/CodeIgniter.php(906): App\Controllers\Auth->__construct()
 2 SYSTEMPATH/CodeIgniter.php(490): CodeIgniter\CodeIgniter->createController()
 3 SYSTEMPATH/CodeIgniter.php(368): CodeIgniter\CodeIgniter->handleRequest(null, Object(Config\Cache), false)
 4 FCPATH/index.php(67): CodeIgniter\CodeIgniter->run()
INFO - 2024-05-09 14:03:23 --> Session: Class initialized using 'CodeIgniter\Session\Handlers\FileHandler' driver.
INFO - 2024-05-09 14:04:35 --> Session: Class initialized using 'CodeIgniter\Session\Handlers\FileHandler' driver.
WARNING - 2024-05-09 14:04:35 --> [DEPRECATED] Creation of dynamic property App\Controllers\Auth::$UserOnlineModel is deprecated in APPPATH/Controllers/Auth.php on line 11.
 1 SYSTEMPATH/CodeIgniter.php(906): App\Controllers\Auth->__construct()
 2 SYSTEMPATH/CodeIgniter.php(490): CodeIgniter\CodeIgniter->createController()
 3 SYSTEMPATH/CodeIgniter.php(368): CodeIgniter\CodeIgniter->handleRequest(null, Object(Config\Cache), false)
 4 FCPATH/index.php(67): CodeIgniter\CodeIgniter->run()
INFO - 2024-05-09 14:04:35 --> Session: Class initialized using 'CodeIgniter\Session\Handlers\FileHandler' driver.
INFO - 2024-05-09 14:05:16 --> Session: Class initialized using 'CodeIgniter\Session\Handlers\FileHandler' driver.
WARNING - 2024-05-09 14:05:17 --> [DEPRECATED] Creation of dynamic property App\Controllers\Auth::$UserOnlineModel is deprecated in APPPATH/Controllers/Auth.php on line 11.
 1 SYSTEMPATH/CodeIgniter.php(906): App\Controllers\Auth->__construct()
 2 SYSTEMPATH/CodeIgniter.php(490): CodeIgniter\CodeIgniter->createController()
 3 SYSTEMPATH/CodeIgniter.php(368): CodeIgniter\CodeIgniter->handleRequest(null, Object(Config\Cache), false)
 4 FCPATH/index.php(67): CodeIgniter\CodeIgniter->run()
INFO - 2024-05-09 14:05:17 --> Session: Class initialized using 'CodeIgniter\Session\Handlers\FileHandler' driver.
