INFO - 2023-09-19 00:00:54 --> Session: Class initialized using 'CodeIgniter\Session\Handlers\FileHandler' driver.
INFO - 2023-09-19 00:00:58 --> Session: Class initialized using 'CodeIgniter\Session\Handlers\FileHandler' driver.
INFO - 2023-09-19 00:00:59 --> Session: Class initialized using 'CodeIgniter\Session\Handlers\FileHandler' driver.
INFO - 2023-09-19 00:01:03 --> Session: Class initialized using 'CodeIgniter\Session\Handlers\FileHandler' driver.
WARNING - 2023-09-19 00:01:03 --> [DEPRECATED] Creation of dynamic property App\Controllers\Master::$ChannelModel is deprecated in APPPATH/Controllers/Master.php on line 23.
 1 SYSTEMPATH/CodeIgniter.php(906): App\Controllers\Master->__construct()
 2 SYSTEMPATH/CodeIgniter.php(490): CodeIgniter\CodeIgniter->createController()
 3 SYSTEMPATH/CodeIgniter.php(368): CodeIgniter\CodeIgniter->handleRequest(null, Object(Config\Cache), false)
 4 FCPATH/index.php(67): CodeIgniter\CodeIgniter->run()
WARNING - 2023-09-19 00:01:03 --> [DEPRECATED] Creation of dynamic property App\Controllers\Master::$ProjectModel is deprecated in APPPATH/Controllers/Master.php on line 24.
 1 SYSTEMPATH/CodeIgniter.php(906): App\Controllers\Master->__construct()
 2 SYSTEMPATH/CodeIgniter.php(490): CodeIgniter\CodeIgniter->createController()
 3 SYSTEMPATH/CodeIgniter.php(368): CodeIgniter\CodeIgniter->handleRequest(null, Object(Config\Cache), false)
 4 FCPATH/index.php(67): CodeIgniter\CodeIgniter->run()
WARNING - 2023-09-19 00:01:03 --> [DEPRECATED] Creation of dynamic property App\Controllers\Master::$ProjectUserModel is deprecated in APPPATH/Controllers/Master.php on line 25.
 1 SYSTEMPATH/CodeIgniter.php(906): App\Controllers\Master->__construct()
 2 SYSTEMPATH/CodeIgniter.php(490): CodeIgniter\CodeIgniter->createController()
 3 SYSTEMPATH/CodeIgniter.php(368): CodeIgniter\CodeIgniter->handleRequest(null, Object(Config\Cache), false)
 4 FCPATH/index.php(67): CodeIgniter\CodeIgniter->run()
WARNING - 2023-09-19 00:01:03 --> [DEPRECATED] Creation of dynamic property App\Controllers\Master::$WorkListModel is deprecated in APPPATH/Controllers/Master.php on line 26.
 1 SYSTEMPATH/CodeIgniter.php(906): App\Controllers\Master->__construct()
 2 SYSTEMPATH/CodeIgniter.php(490): CodeIgniter\CodeIgniter->createController()
 3 SYSTEMPATH/CodeIgniter.php(368): CodeIgniter\CodeIgniter->handleRequest(null, Object(Config\Cache), false)
 4 FCPATH/index.php(67): CodeIgniter\CodeIgniter->run()
INFO - 2023-09-19 00:01:04 --> Session: Class initialized using 'CodeIgniter\Session\Handlers\FileHandler' driver.
WARNING - 2023-09-19 00:01:04 --> [DEPRECATED] Creation of dynamic property App\Controllers\Data::$UsersModel is deprecated in APPPATH/Controllers/Data.php on line 21.
 1 SYSTEMPATH/CodeIgniter.php(906): App\Controllers\Data->__construct()
 2 SYSTEMPATH/CodeIgniter.php(490): CodeIgniter\CodeIgniter->createController()
 3 SYSTEMPATH/CodeIgniter.php(368): CodeIgniter\CodeIgniter->handleRequest(null, Object(Config\Cache), false)
 4 FCPATH/index.php(67): CodeIgniter\CodeIgniter->run()
WARNING - 2023-09-19 00:01:04 --> [DEPRECATED] Creation of dynamic property App\Controllers\Data::$ProjectModel is deprecated in APPPATH/Controllers/Data.php on line 22.
 1 SYSTEMPATH/CodeIgniter.php(906): App\Controllers\Data->__construct()
 2 SYSTEMPATH/CodeIgniter.php(490): CodeIgniter\CodeIgniter->createController()
 3 SYSTEMPATH/CodeIgniter.php(368): CodeIgniter\CodeIgniter->handleRequest(null, Object(Config\Cache), false)
 4 FCPATH/index.php(67): CodeIgniter\CodeIgniter->run()
WARNING - 2023-09-19 00:01:04 --> [DEPRECATED] Creation of dynamic property App\Controllers\Data::$SetMonthModel is deprecated in APPPATH/Controllers/Data.php on line 25.
 1 SYSTEMPATH/CodeIgniter.php(906): App\Controllers\Data->__construct()
 2 SYSTEMPATH/CodeIgniter.php(490): CodeIgniter\CodeIgniter->createController()
 3 SYSTEMPATH/CodeIgniter.php(368): CodeIgniter\CodeIgniter->handleRequest(null, Object(Config\Cache), false)
 4 FCPATH/index.php(67): CodeIgniter\CodeIgniter->run()
WARNING - 2023-09-19 00:01:04 --> [DEPRECATED] Creation of dynamic property App\Controllers\Data::$TimeModel is deprecated in APPPATH/Controllers/Data.php on line 26.
 1 SYSTEMPATH/CodeIgniter.php(906): App\Controllers\Data->__construct()
 2 SYSTEMPATH/CodeIgniter.php(490): CodeIgniter\CodeIgniter->createController()
 3 SYSTEMPATH/CodeIgniter.php(368): CodeIgniter\CodeIgniter->handleRequest(null, Object(Config\Cache), false)
 4 FCPATH/index.php(67): CodeIgniter\CodeIgniter->run()
WARNING - 2023-09-19 00:01:04 --> [DEPRECATED] Creation of dynamic property App\Controllers\Data::$CompanyModel is deprecated in APPPATH/Controllers/Data.php on line 27.
 1 SYSTEMPATH/CodeIgniter.php(906): App\Controllers\Data->__construct()
 2 SYSTEMPATH/CodeIgniter.php(490): CodeIgniter\CodeIgniter->createController()
 3 SYSTEMPATH/CodeIgniter.php(368): CodeIgniter\CodeIgniter->handleRequest(null, Object(Config\Cache), false)
 4 FCPATH/index.php(67): CodeIgniter\CodeIgniter->run()
WARNING - 2023-09-19 00:01:04 --> [DEPRECATED] Creation of dynamic property App\Controllers\Data::$AppointmentModel is deprecated in APPPATH/Controllers/Data.php on line 28.
 1 SYSTEMPATH/CodeIgniter.php(906): App\Controllers\Data->__construct()
 2 SYSTEMPATH/CodeIgniter.php(490): CodeIgniter\CodeIgniter->createController()
 3 SYSTEMPATH/CodeIgniter.php(368): CodeIgniter\CodeIgniter->handleRequest(null, Object(Config\Cache), false)
 4 FCPATH/index.php(67): CodeIgniter\CodeIgniter->run()
WARNING - 2023-09-19 00:01:04 --> [DEPRECATED] Creation of dynamic property App\Controllers\Data::$SetTimeCalendarModel is deprecated in APPPATH/Controllers/Data.php on line 29.
 1 SYSTEMPATH/CodeIgniter.php(906): App\Controllers\Data->__construct()
 2 SYSTEMPATH/CodeIgniter.php(490): CodeIgniter\CodeIgniter->createController()
 3 SYSTEMPATH/CodeIgniter.php(368): CodeIgniter\CodeIgniter->handleRequest(null, Object(Config\Cache), false)
 4 FCPATH/index.php(67): CodeIgniter\CodeIgniter->run()
WARNING - 2023-09-19 00:01:04 --> [DEPRECATED] Creation of dynamic property App\Controllers\Data::$RoomModel is deprecated in APPPATH/Controllers/Data.php on line 30.
 1 SYSTEMPATH/CodeIgniter.php(906): App\Controllers\Data->__construct()
 2 SYSTEMPATH/CodeIgniter.php(490): CodeIgniter\CodeIgniter->createController()
 3 SYSTEMPATH/CodeIgniter.php(368): CodeIgniter\CodeIgniter->handleRequest(null, Object(Config\Cache), false)
 4 FCPATH/index.php(67): CodeIgniter\CodeIgniter->run()
WARNING - 2023-09-19 00:01:04 --> [DEPRECATED] Creation of dynamic property App\Controllers\Data::$ChannelModel is deprecated in APPPATH/Controllers/Data.php on line 31.
 1 SYSTEMPATH/CodeIgniter.php(906): App\Controllers\Data->__construct()
 2 SYSTEMPATH/CodeIgniter.php(490): CodeIgniter\CodeIgniter->createController()
 3 SYSTEMPATH/CodeIgniter.php(368): CodeIgniter\CodeIgniter->handleRequest(null, Object(Config\Cache), false)
 4 FCPATH/index.php(67): CodeIgniter\CodeIgniter->run()
INFO - 2023-09-19 00:01:05 --> Session: Class initialized using 'CodeIgniter\Session\Handlers\FileHandler' driver.
WARNING - 2023-09-19 00:01:05 --> [DEPRECATED] Creation of dynamic property App\Controllers\Report::$RoomModel is deprecated in APPPATH/Controllers/Report.php on line 13.
 1 SYSTEMPATH/CodeIgniter.php(906): App\Controllers\Report->__construct()
 2 SYSTEMPATH/CodeIgniter.php(490): CodeIgniter\CodeIgniter->createController()
 3 SYSTEMPATH/CodeIgniter.php(368): CodeIgniter\CodeIgniter->handleRequest(null, Object(Config\Cache), false)
 4 FCPATH/index.php(67): CodeIgniter\CodeIgniter->run()
WARNING - 2023-09-19 00:01:05 --> [DEPRECATED] Creation of dynamic property App\Controllers\Report::$ProjecModel is deprecated in APPPATH/Controllers/Report.php on line 14.
 1 SYSTEMPATH/CodeIgniter.php(906): App\Controllers\Report->__construct()
 2 SYSTEMPATH/CodeIgniter.php(490): CodeIgniter\CodeIgniter->createController()
 3 SYSTEMPATH/CodeIgniter.php(368): CodeIgniter\CodeIgniter->handleRequest(null, Object(Config\Cache), false)
 4 FCPATH/index.php(67): CodeIgniter\CodeIgniter->run()
WARNING - 2023-09-19 00:01:05 --> [DEPRECATED] Creation of dynamic property App\Controllers\Report::$UsersModel is deprecated in APPPATH/Controllers/Report.php on line 15.
 1 SYSTEMPATH/CodeIgniter.php(906): App\Controllers\Report->__construct()
 2 SYSTEMPATH/CodeIgniter.php(490): CodeIgniter\CodeIgniter->createController()
 3 SYSTEMPATH/CodeIgniter.php(368): CodeIgniter\CodeIgniter->handleRequest(null, Object(Config\Cache), false)
 4 FCPATH/index.php(67): CodeIgniter\CodeIgniter->run()
INFO - 2023-09-19 00:14:51 --> Session: Class initialized using 'CodeIgniter\Session\Handlers\FileHandler' driver.
INFO - 2023-09-19 00:14:51 --> Session: Class initialized using 'CodeIgniter\Session\Handlers\FileHandler' driver.
INFO - 2023-09-19 00:14:54 --> Session: Class initialized using 'CodeIgniter\Session\Handlers\FileHandler' driver.
WARNING - 2023-09-19 00:14:54 --> [DEPRECATED] Creation of dynamic property App\Controllers\Master::$ChannelModel is deprecated in APPPATH/Controllers/Master.php on line 23.
 1 SYSTEMPATH/CodeIgniter.php(906): App\Controllers\Master->__construct()
 2 SYSTEMPATH/CodeIgniter.php(490): CodeIgniter\CodeIgniter->createController()
 3 SYSTEMPATH/CodeIgniter.php(368): CodeIgniter\CodeIgniter->handleRequest(null, Object(Config\Cache), false)
 4 FCPATH/index.php(67): CodeIgniter\CodeIgniter->run()
WARNING - 2023-09-19 00:14:54 --> [DEPRECATED] Creation of dynamic property App\Controllers\Master::$ProjectModel is deprecated in APPPATH/Controllers/Master.php on line 24.
 1 SYSTEMPATH/CodeIgniter.php(906): App\Controllers\Master->__construct()
 2 SYSTEMPATH/CodeIgniter.php(490): CodeIgniter\CodeIgniter->createController()
 3 SYSTEMPATH/CodeIgniter.php(368): CodeIgniter\CodeIgniter->handleRequest(null, Object(Config\Cache), false)
 4 FCPATH/index.php(67): CodeIgniter\CodeIgniter->run()
WARNING - 2023-09-19 00:14:54 --> [DEPRECATED] Creation of dynamic property App\Controllers\Master::$ProjectUserModel is deprecated in APPPATH/Controllers/Master.php on line 25.
 1 SYSTEMPATH/CodeIgniter.php(906): App\Controllers\Master->__construct()
 2 SYSTEMPATH/CodeIgniter.php(490): CodeIgniter\CodeIgniter->createController()
 3 SYSTEMPATH/CodeIgniter.php(368): CodeIgniter\CodeIgniter->handleRequest(null, Object(Config\Cache), false)
 4 FCPATH/index.php(67): CodeIgniter\CodeIgniter->run()
WARNING - 2023-09-19 00:14:54 --> [DEPRECATED] Creation of dynamic property App\Controllers\Master::$WorkListModel is deprecated in APPPATH/Controllers/Master.php on line 26.
 1 SYSTEMPATH/CodeIgniter.php(906): App\Controllers\Master->__construct()
 2 SYSTEMPATH/CodeIgniter.php(490): CodeIgniter\CodeIgniter->createController()
 3 SYSTEMPATH/CodeIgniter.php(368): CodeIgniter\CodeIgniter->handleRequest(null, Object(Config\Cache), false)
 4 FCPATH/index.php(67): CodeIgniter\CodeIgniter->run()
INFO - 2023-09-19 00:14:55 --> Session: Class initialized using 'CodeIgniter\Session\Handlers\FileHandler' driver.
WARNING - 2023-09-19 00:14:55 --> [DEPRECATED] Creation of dynamic property App\Controllers\Data::$UsersModel is deprecated in APPPATH/Controllers/Data.php on line 21.
 1 SYSTEMPATH/CodeIgniter.php(906): App\Controllers\Data->__construct()
 2 SYSTEMPATH/CodeIgniter.php(490): CodeIgniter\CodeIgniter->createController()
 3 SYSTEMPATH/CodeIgniter.php(368): CodeIgniter\CodeIgniter->handleRequest(null, Object(Config\Cache), false)
 4 FCPATH/index.php(67): CodeIgniter\CodeIgniter->run()
WARNING - 2023-09-19 00:14:55 --> [DEPRECATED] Creation of dynamic property App\Controllers\Data::$ProjectModel is deprecated in APPPATH/Controllers/Data.php on line 22.
 1 SYSTEMPATH/CodeIgniter.php(906): App\Controllers\Data->__construct()
 2 SYSTEMPATH/CodeIgniter.php(490): CodeIgniter\CodeIgniter->createController()
 3 SYSTEMPATH/CodeIgniter.php(368): CodeIgniter\CodeIgniter->handleRequest(null, Object(Config\Cache), false)
 4 FCPATH/index.php(67): CodeIgniter\CodeIgniter->run()
WARNING - 2023-09-19 00:14:55 --> [DEPRECATED] Creation of dynamic property App\Controllers\Data::$SetMonthModel is deprecated in APPPATH/Controllers/Data.php on line 25.
 1 SYSTEMPATH/CodeIgniter.php(906): App\Controllers\Data->__construct()
 2 SYSTEMPATH/CodeIgniter.php(490): CodeIgniter\CodeIgniter->createController()
 3 SYSTEMPATH/CodeIgniter.php(368): CodeIgniter\CodeIgniter->handleRequest(null, Object(Config\Cache), false)
 4 FCPATH/index.php(67): CodeIgniter\CodeIgniter->run()
WARNING - 2023-09-19 00:14:55 --> [DEPRECATED] Creation of dynamic property App\Controllers\Data::$TimeModel is deprecated in APPPATH/Controllers/Data.php on line 26.
 1 SYSTEMPATH/CodeIgniter.php(906): App\Controllers\Data->__construct()
 2 SYSTEMPATH/CodeIgniter.php(490): CodeIgniter\CodeIgniter->createController()
 3 SYSTEMPATH/CodeIgniter.php(368): CodeIgniter\CodeIgniter->handleRequest(null, Object(Config\Cache), false)
 4 FCPATH/index.php(67): CodeIgniter\CodeIgniter->run()
WARNING - 2023-09-19 00:14:55 --> [DEPRECATED] Creation of dynamic property App\Controllers\Data::$CompanyModel is deprecated in APPPATH/Controllers/Data.php on line 27.
 1 SYSTEMPATH/CodeIgniter.php(906): App\Controllers\Data->__construct()
 2 SYSTEMPATH/CodeIgniter.php(490): CodeIgniter\CodeIgniter->createController()
 3 SYSTEMPATH/CodeIgniter.php(368): CodeIgniter\CodeIgniter->handleRequest(null, Object(Config\Cache), false)
 4 FCPATH/index.php(67): CodeIgniter\CodeIgniter->run()
WARNING - 2023-09-19 00:14:55 --> [DEPRECATED] Creation of dynamic property App\Controllers\Data::$AppointmentModel is deprecated in APPPATH/Controllers/Data.php on line 28.
 1 SYSTEMPATH/CodeIgniter.php(906): App\Controllers\Data->__construct()
 2 SYSTEMPATH/CodeIgniter.php(490): CodeIgniter\CodeIgniter->createController()
 3 SYSTEMPATH/CodeIgniter.php(368): CodeIgniter\CodeIgniter->handleRequest(null, Object(Config\Cache), false)
 4 FCPATH/index.php(67): CodeIgniter\CodeIgniter->run()
WARNING - 2023-09-19 00:14:55 --> [DEPRECATED] Creation of dynamic property App\Controllers\Data::$SetTimeCalendarModel is deprecated in APPPATH/Controllers/Data.php on line 29.
 1 SYSTEMPATH/CodeIgniter.php(906): App\Controllers\Data->__construct()
 2 SYSTEMPATH/CodeIgniter.php(490): CodeIgniter\CodeIgniter->createController()
 3 SYSTEMPATH/CodeIgniter.php(368): CodeIgniter\CodeIgniter->handleRequest(null, Object(Config\Cache), false)
 4 FCPATH/index.php(67): CodeIgniter\CodeIgniter->run()
WARNING - 2023-09-19 00:14:55 --> [DEPRECATED] Creation of dynamic property App\Controllers\Data::$RoomModel is deprecated in APPPATH/Controllers/Data.php on line 30.
 1 SYSTEMPATH/CodeIgniter.php(906): App\Controllers\Data->__construct()
 2 SYSTEMPATH/CodeIgniter.php(490): CodeIgniter\CodeIgniter->createController()
 3 SYSTEMPATH/CodeIgniter.php(368): CodeIgniter\CodeIgniter->handleRequest(null, Object(Config\Cache), false)
 4 FCPATH/index.php(67): CodeIgniter\CodeIgniter->run()
WARNING - 2023-09-19 00:14:55 --> [DEPRECATED] Creation of dynamic property App\Controllers\Data::$ChannelModel is deprecated in APPPATH/Controllers/Data.php on line 31.
 1 SYSTEMPATH/CodeIgniter.php(906): App\Controllers\Data->__construct()
 2 SYSTEMPATH/CodeIgniter.php(490): CodeIgniter\CodeIgniter->createController()
 3 SYSTEMPATH/CodeIgniter.php(368): CodeIgniter\CodeIgniter->handleRequest(null, Object(Config\Cache), false)
 4 FCPATH/index.php(67): CodeIgniter\CodeIgniter->run()
INFO - 2023-09-19 00:14:56 --> Session: Class initialized using 'CodeIgniter\Session\Handlers\FileHandler' driver.
WARNING - 2023-09-19 00:14:56 --> [DEPRECATED] Creation of dynamic property App\Controllers\Report::$RoomModel is deprecated in APPPATH/Controllers/Report.php on line 13.
 1 SYSTEMPATH/CodeIgniter.php(906): App\Controllers\Report->__construct()
 2 SYSTEMPATH/CodeIgniter.php(490): CodeIgniter\CodeIgniter->createController()
 3 SYSTEMPATH/CodeIgniter.php(368): CodeIgniter\CodeIgniter->handleRequest(null, Object(Config\Cache), false)
 4 FCPATH/index.php(67): CodeIgniter\CodeIgniter->run()
WARNING - 2023-09-19 00:14:56 --> [DEPRECATED] Creation of dynamic property App\Controllers\Report::$ProjecModel is deprecated in APPPATH/Controllers/Report.php on line 14.
 1 SYSTEMPATH/CodeIgniter.php(906): App\Controllers\Report->__construct()
 2 SYSTEMPATH/CodeIgniter.php(490): CodeIgniter\CodeIgniter->createController()
 3 SYSTEMPATH/CodeIgniter.php(368): CodeIgniter\CodeIgniter->handleRequest(null, Object(Config\Cache), false)
 4 FCPATH/index.php(67): CodeIgniter\CodeIgniter->run()
WARNING - 2023-09-19 00:14:56 --> [DEPRECATED] Creation of dynamic property App\Controllers\Report::$UsersModel is deprecated in APPPATH/Controllers/Report.php on line 15.
 1 SYSTEMPATH/CodeIgniter.php(906): App\Controllers\Report->__construct()
 2 SYSTEMPATH/CodeIgniter.php(490): CodeIgniter\CodeIgniter->createController()
 3 SYSTEMPATH/CodeIgniter.php(368): CodeIgniter\CodeIgniter->handleRequest(null, Object(Config\Cache), false)
 4 FCPATH/index.php(67): CodeIgniter\CodeIgniter->run()
