CRITICAL - 2023-03-15 14:32:19 --> Array to string conversion
in APPPATH/Controllers/Data.php on line 31.
 1 APPPATH/Controllers/Data.php(31): CodeIgniter\Debug\Exceptions->errorHandler(2, 'Array to string conversion', 'APPPATH/Controllers/Data.php', 31)
 2 SYSTEMPATH/CodeIgniter.php(934): App\Controllers\Data->index()
 3 SYSTEMPATH/CodeIgniter.php(499): CodeIgniter\CodeIgniter->runController(Object(App\Controllers\Data))
 4 SYSTEMPATH/CodeIgniter.php(368): CodeIgniter\CodeIgniter->handleRequest(null, Object(Config\Cache), false)
 5 FCPATH/index.php(67): CodeIgniter\CodeIgniter->run()
 6 SYSTEMPATH/Commands/Server/rewrite.php(47): require_once('FCPATH/index.php')
CRITICAL - 2023-03-15 14:42:00 --> Undefined property: App\Controllers\Data::$output
in APPPATH/Controllers/Data.php on line 31.
 1 APPPATH/Controllers/Data.php(31): CodeIgniter\Debug\Exceptions->errorHandler(2, 'Undefined property: App\\Controllers\\Data::$output', 'APPPATH/Controllers/Data.php', 31)
 2 SYSTEMPATH/CodeIgniter.php(934): App\Controllers\Data->index()
 3 SYSTEMPATH/CodeIgniter.php(499): CodeIgniter\CodeIgniter->runController(Object(App\Controllers\Data))
 4 SYSTEMPATH/CodeIgniter.php(368): CodeIgniter\CodeIgniter->handleRequest(null, Object(Config\Cache), false)
 5 FCPATH/index.php(67): CodeIgniter\CodeIgniter->run()
 6 SYSTEMPATH/Commands/Server/rewrite.php(47): require_once('FCPATH/index.php')
CRITICAL - 2023-03-15 14:42:28 --> Undefined property: App\Controllers\Data::$output
in APPPATH/Controllers/Data.php on line 31.
 1 APPPATH/Controllers/Data.php(31): CodeIgniter\Debug\Exceptions->errorHandler(2, 'Undefined property: App\\Controllers\\Data::$output', 'APPPATH/Controllers/Data.php', 31)
 2 SYSTEMPATH/CodeIgniter.php(934): App\Controllers\Data->index()
 3 SYSTEMPATH/CodeIgniter.php(499): CodeIgniter\CodeIgniter->runController(Object(App\Controllers\Data))
 4 SYSTEMPATH/CodeIgniter.php(368): CodeIgniter\CodeIgniter->handleRequest(null, Object(Config\Cache), false)
 5 FCPATH/index.php(67): CodeIgniter\CodeIgniter->run()
 6 SYSTEMPATH/Commands/Server/rewrite.php(47): require_once('FCPATH/index.php')
CRITICAL - 2023-03-15 14:42:29 --> Undefined property: App\Controllers\Data::$output
in APPPATH/Controllers/Data.php on line 31.
 1 APPPATH/Controllers/Data.php(31): CodeIgniter\Debug\Exceptions->errorHandler(2, 'Undefined property: App\\Controllers\\Data::$output', 'APPPATH/Controllers/Data.php', 31)
 2 SYSTEMPATH/CodeIgniter.php(934): App\Controllers\Data->index()
 3 SYSTEMPATH/CodeIgniter.php(499): CodeIgniter\CodeIgniter->runController(Object(App\Controllers\Data))
 4 SYSTEMPATH/CodeIgniter.php(368): CodeIgniter\CodeIgniter->handleRequest(null, Object(Config\Cache), false)
 5 FCPATH/index.php(67): CodeIgniter\CodeIgniter->run()
 6 SYSTEMPATH/Commands/Server/rewrite.php(47): require_once('FCPATH/index.php')
CRITICAL - 2023-03-15 14:45:40 --> Undefined property: App\Controllers\Data::$output
in APPPATH/Controllers/Data.php on line 33.
 1 APPPATH/Controllers/Data.php(33): CodeIgniter\Debug\Exceptions->errorHandler(2, 'Undefined property: App\\Controllers\\Data::$output', 'APPPATH/Controllers/Data.php', 33)
 2 SYSTEMPATH/CodeIgniter.php(934): App\Controllers\Data->index()
 3 SYSTEMPATH/CodeIgniter.php(499): CodeIgniter\CodeIgniter->runController(Object(App\Controllers\Data))
 4 SYSTEMPATH/CodeIgniter.php(368): CodeIgniter\CodeIgniter->handleRequest(null, Object(Config\Cache), false)
 5 FCPATH/index.php(67): CodeIgniter\CodeIgniter->run()
 6 SYSTEMPATH/Commands/Server/rewrite.php(47): require_once('FCPATH/index.php')
CRITICAL - 2023-03-15 14:45:41 --> Undefined property: App\Controllers\Data::$output
in APPPATH/Controllers/Data.php on line 33.
 1 APPPATH/Controllers/Data.php(33): CodeIgniter\Debug\Exceptions->errorHandler(2, 'Undefined property: App\\Controllers\\Data::$output', 'APPPATH/Controllers/Data.php', 33)
 2 SYSTEMPATH/CodeIgniter.php(934): App\Controllers\Data->index()
 3 SYSTEMPATH/CodeIgniter.php(499): CodeIgniter\CodeIgniter->runController(Object(App\Controllers\Data))
 4 SYSTEMPATH/CodeIgniter.php(368): CodeIgniter\CodeIgniter->handleRequest(null, Object(Config\Cache), false)
 5 FCPATH/index.php(67): CodeIgniter\CodeIgniter->run()
 6 SYSTEMPATH/Commands/Server/rewrite.php(47): require_once('FCPATH/index.php')
CRITICAL - 2023-03-15 14:49:17 --> Undefined property: App\Controllers\Data::$output
in APPPATH/Controllers/Data.php on line 34.
 1 APPPATH/Controllers/Data.php(34): CodeIgniter\Debug\Exceptions->errorHandler(2, 'Undefined property: App\\Controllers\\Data::$output', 'APPPATH/Controllers/Data.php', 34)
 2 SYSTEMPATH/CodeIgniter.php(934): App\Controllers\Data->index()
 3 SYSTEMPATH/CodeIgniter.php(499): CodeIgniter\CodeIgniter->runController(Object(App\Controllers\Data))
 4 SYSTEMPATH/CodeIgniter.php(368): CodeIgniter\CodeIgniter->handleRequest(null, Object(Config\Cache), false)
 5 FCPATH/index.php(67): CodeIgniter\CodeIgniter->run()
 6 SYSTEMPATH/Commands/Server/rewrite.php(47): require_once('FCPATH/index.php')
CRITICAL - 2023-03-15 14:49:18 --> Undefined property: App\Controllers\Data::$output
in APPPATH/Controllers/Data.php on line 34.
 1 APPPATH/Controllers/Data.php(34): CodeIgniter\Debug\Exceptions->errorHandler(2, 'Undefined property: App\\Controllers\\Data::$output', 'APPPATH/Controllers/Data.php', 34)
 2 SYSTEMPATH/CodeIgniter.php(934): App\Controllers\Data->index()
 3 SYSTEMPATH/CodeIgniter.php(499): CodeIgniter\CodeIgniter->runController(Object(App\Controllers\Data))
 4 SYSTEMPATH/CodeIgniter.php(368): CodeIgniter\CodeIgniter->handleRequest(null, Object(Config\Cache), false)
 5 FCPATH/index.php(67): CodeIgniter\CodeIgniter->run()
 6 SYSTEMPATH/Commands/Server/rewrite.php(47): require_once('FCPATH/index.php')
CRITICAL - 2023-03-15 14:49:33 --> Undefined property: App\Controllers\Data::$output
in APPPATH/Controllers/Data.php on line 34.
 1 APPPATH/Controllers/Data.php(34): CodeIgniter\Debug\Exceptions->errorHandler(2, 'Undefined property: App\\Controllers\\Data::$output', 'APPPATH/Controllers/Data.php', 34)
 2 SYSTEMPATH/CodeIgniter.php(934): App\Controllers\Data->index()
 3 SYSTEMPATH/CodeIgniter.php(499): CodeIgniter\CodeIgniter->runController(Object(App\Controllers\Data))
 4 SYSTEMPATH/CodeIgniter.php(368): CodeIgniter\CodeIgniter->handleRequest(null, Object(Config\Cache), false)
 5 FCPATH/index.php(67): CodeIgniter\CodeIgniter->run()
 6 SYSTEMPATH/Commands/Server/rewrite.php(47): require_once('FCPATH/index.php')
CRITICAL - 2023-03-15 14:49:44 --> Undefined property: App\Controllers\Data::$output
in APPPATH/Controllers/Data.php on line 34.
 1 APPPATH/Controllers/Data.php(34): CodeIgniter\Debug\Exceptions->errorHandler(2, 'Undefined property: App\\Controllers\\Data::$output', 'APPPATH/Controllers/Data.php', 34)
 2 SYSTEMPATH/CodeIgniter.php(934): App\Controllers\Data->index()
 3 SYSTEMPATH/CodeIgniter.php(499): CodeIgniter\CodeIgniter->runController(Object(App\Controllers\Data))
 4 SYSTEMPATH/CodeIgniter.php(368): CodeIgniter\CodeIgniter->handleRequest(null, Object(Config\Cache), false)
 5 FCPATH/index.php(67): CodeIgniter\CodeIgniter->run()
 6 SYSTEMPATH/Commands/Server/rewrite.php(47): require_once('FCPATH/index.php')
CRITICAL - 2023-03-15 14:49:45 --> Undefined property: App\Controllers\Data::$output
in APPPATH/Controllers/Data.php on line 34.
 1 APPPATH/Controllers/Data.php(34): CodeIgniter\Debug\Exceptions->errorHandler(2, 'Undefined property: App\\Controllers\\Data::$output', 'APPPATH/Controllers/Data.php', 34)
 2 SYSTEMPATH/CodeIgniter.php(934): App\Controllers\Data->index()
 3 SYSTEMPATH/CodeIgniter.php(499): CodeIgniter\CodeIgniter->runController(Object(App\Controllers\Data))
 4 SYSTEMPATH/CodeIgniter.php(368): CodeIgniter\CodeIgniter->handleRequest(null, Object(Config\Cache), false)
 5 FCPATH/index.php(67): CodeIgniter\CodeIgniter->run()
 6 SYSTEMPATH/Commands/Server/rewrite.php(47): require_once('FCPATH/index.php')
CRITICAL - 2023-03-15 14:49:45 --> Undefined property: App\Controllers\Data::$output
in APPPATH/Controllers/Data.php on line 34.
 1 APPPATH/Controllers/Data.php(34): CodeIgniter\Debug\Exceptions->errorHandler(2, 'Undefined property: App\\Controllers\\Data::$output', 'APPPATH/Controllers/Data.php', 34)
 2 SYSTEMPATH/CodeIgniter.php(934): App\Controllers\Data->index()
 3 SYSTEMPATH/CodeIgniter.php(499): CodeIgniter\CodeIgniter->runController(Object(App\Controllers\Data))
 4 SYSTEMPATH/CodeIgniter.php(368): CodeIgniter\CodeIgniter->handleRequest(null, Object(Config\Cache), false)
 5 FCPATH/index.php(67): CodeIgniter\CodeIgniter->run()
 6 SYSTEMPATH/Commands/Server/rewrite.php(47): require_once('FCPATH/index.php')
CRITICAL - 2023-03-15 14:49:45 --> Undefined property: App\Controllers\Data::$output
in APPPATH/Controllers/Data.php on line 34.
 1 APPPATH/Controllers/Data.php(34): CodeIgniter\Debug\Exceptions->errorHandler(2, 'Undefined property: App\\Controllers\\Data::$output', 'APPPATH/Controllers/Data.php', 34)
 2 SYSTEMPATH/CodeIgniter.php(934): App\Controllers\Data->index()
 3 SYSTEMPATH/CodeIgniter.php(499): CodeIgniter\CodeIgniter->runController(Object(App\Controllers\Data))
 4 SYSTEMPATH/CodeIgniter.php(368): CodeIgniter\CodeIgniter->handleRequest(null, Object(Config\Cache), false)
 5 FCPATH/index.php(67): CodeIgniter\CodeIgniter->run()
 6 SYSTEMPATH/Commands/Server/rewrite.php(47): require_once('FCPATH/index.php')
CRITICAL - 2023-03-15 14:49:46 --> Undefined property: App\Controllers\Data::$output
in APPPATH/Controllers/Data.php on line 34.
 1 APPPATH/Controllers/Data.php(34): CodeIgniter\Debug\Exceptions->errorHandler(2, 'Undefined property: App\\Controllers\\Data::$output', 'APPPATH/Controllers/Data.php', 34)
 2 SYSTEMPATH/CodeIgniter.php(934): App\Controllers\Data->index()
 3 SYSTEMPATH/CodeIgniter.php(499): CodeIgniter\CodeIgniter->runController(Object(App\Controllers\Data))
 4 SYSTEMPATH/CodeIgniter.php(368): CodeIgniter\CodeIgniter->handleRequest(null, Object(Config\Cache), false)
 5 FCPATH/index.php(67): CodeIgniter\CodeIgniter->run()
 6 SYSTEMPATH/Commands/Server/rewrite.php(47): require_once('FCPATH/index.php')
CRITICAL - 2023-03-15 14:49:59 --> Undefined property: App\Controllers\Data::$output
in APPPATH/Controllers/Data.php on line 34.
 1 APPPATH/Controllers/Data.php(34): CodeIgniter\Debug\Exceptions->errorHandler(2, 'Undefined property: App\\Controllers\\Data::$output', 'APPPATH/Controllers/Data.php', 34)
 2 SYSTEMPATH/CodeIgniter.php(934): App\Controllers\Data->index()
 3 SYSTEMPATH/CodeIgniter.php(499): CodeIgniter\CodeIgniter->runController(Object(App\Controllers\Data))
 4 SYSTEMPATH/CodeIgniter.php(368): CodeIgniter\CodeIgniter->handleRequest(null, Object(Config\Cache), false)
 5 FCPATH/index.php(67): CodeIgniter\CodeIgniter->run()
 6 SYSTEMPATH/Commands/Server/rewrite.php(47): require_once('FCPATH/index.php')
CRITICAL - 2023-03-15 14:50:00 --> Undefined property: App\Controllers\Data::$output
in APPPATH/Controllers/Data.php on line 34.
 1 APPPATH/Controllers/Data.php(34): CodeIgniter\Debug\Exceptions->errorHandler(2, 'Undefined property: App\\Controllers\\Data::$output', 'APPPATH/Controllers/Data.php', 34)
 2 SYSTEMPATH/CodeIgniter.php(934): App\Controllers\Data->index()
 3 SYSTEMPATH/CodeIgniter.php(499): CodeIgniter\CodeIgniter->runController(Object(App\Controllers\Data))
 4 SYSTEMPATH/CodeIgniter.php(368): CodeIgniter\CodeIgniter->handleRequest(null, Object(Config\Cache), false)
 5 FCPATH/index.php(67): CodeIgniter\CodeIgniter->run()
 6 SYSTEMPATH/Commands/Server/rewrite.php(47): require_once('FCPATH/index.php')
CRITICAL - 2023-03-15 14:50:31 --> Undefined property: App\Controllers\Data::$output
in APPPATH/Controllers/Data.php on line 31.
 1 APPPATH/Controllers/Data.php(31): CodeIgniter\Debug\Exceptions->errorHandler(2, 'Undefined property: App\\Controllers\\Data::$output', 'APPPATH/Controllers/Data.php', 31)
 2 SYSTEMPATH/CodeIgniter.php(934): App\Controllers\Data->index()
 3 SYSTEMPATH/CodeIgniter.php(499): CodeIgniter\CodeIgniter->runController(Object(App\Controllers\Data))
 4 SYSTEMPATH/CodeIgniter.php(368): CodeIgniter\CodeIgniter->handleRequest(null, Object(Config\Cache), false)
 5 FCPATH/index.php(67): CodeIgniter\CodeIgniter->run()
 6 SYSTEMPATH/Commands/Server/rewrite.php(47): require_once('FCPATH/index.php')
CRITICAL - 2023-03-15 14:50:32 --> Undefined property: App\Controllers\Data::$output
in APPPATH/Controllers/Data.php on line 31.
 1 APPPATH/Controllers/Data.php(31): CodeIgniter\Debug\Exceptions->errorHandler(2, 'Undefined property: App\\Controllers\\Data::$output', 'APPPATH/Controllers/Data.php', 31)
 2 SYSTEMPATH/CodeIgniter.php(934): App\Controllers\Data->index()
 3 SYSTEMPATH/CodeIgniter.php(499): CodeIgniter\CodeIgniter->runController(Object(App\Controllers\Data))
 4 SYSTEMPATH/CodeIgniter.php(368): CodeIgniter\CodeIgniter->handleRequest(null, Object(Config\Cache), false)
 5 FCPATH/index.php(67): CodeIgniter\CodeIgniter->run()
 6 SYSTEMPATH/Commands/Server/rewrite.php(47): require_once('FCPATH/index.php')
CRITICAL - 2023-03-15 14:55:50 --> Undefined property: App\Controllers\Data::$output
in APPPATH/Controllers/Data.php on line 31.
 1 APPPATH/Controllers/Data.php(31): CodeIgniter\Debug\Exceptions->errorHandler(2, 'Undefined property: App\\Controllers\\Data::$output', 'APPPATH/Controllers/Data.php', 31)
 2 SYSTEMPATH/CodeIgniter.php(934): App\Controllers\Data->index()
 3 SYSTEMPATH/CodeIgniter.php(499): CodeIgniter\CodeIgniter->runController(Object(App\Controllers\Data))
 4 SYSTEMPATH/CodeIgniter.php(368): CodeIgniter\CodeIgniter->handleRequest(null, Object(Config\Cache), false)
 5 FCPATH/index.php(67): CodeIgniter\CodeIgniter->run()
 6 SYSTEMPATH/Commands/Server/rewrite.php(47): require_once('FCPATH/index.php')
CRITICAL - 2023-03-15 14:55:51 --> Undefined property: App\Controllers\Data::$output
in APPPATH/Controllers/Data.php on line 31.
 1 APPPATH/Controllers/Data.php(31): CodeIgniter\Debug\Exceptions->errorHandler(2, 'Undefined property: App\\Controllers\\Data::$output', 'APPPATH/Controllers/Data.php', 31)
 2 SYSTEMPATH/CodeIgniter.php(934): App\Controllers\Data->index()
 3 SYSTEMPATH/CodeIgniter.php(499): CodeIgniter\CodeIgniter->runController(Object(App\Controllers\Data))
 4 SYSTEMPATH/CodeIgniter.php(368): CodeIgniter\CodeIgniter->handleRequest(null, Object(Config\Cache), false)
 5 FCPATH/index.php(67): CodeIgniter\CodeIgniter->run()
 6 SYSTEMPATH/Commands/Server/rewrite.php(47): require_once('FCPATH/index.php')
CRITICAL - 2023-03-15 14:59:29 --> Undefined property: App\Controllers\Data::$output
in APPPATH/Controllers/Data.php on line 30.
 1 APPPATH/Controllers/Data.php(30): CodeIgniter\Debug\Exceptions->errorHandler(2, 'Undefined property: App\\Controllers\\Data::$output', 'APPPATH/Controllers/Data.php', 30)
 2 SYSTEMPATH/CodeIgniter.php(934): App\Controllers\Data->index()
 3 SYSTEMPATH/CodeIgniter.php(499): CodeIgniter\CodeIgniter->runController(Object(App\Controllers\Data))
 4 SYSTEMPATH/CodeIgniter.php(368): CodeIgniter\CodeIgniter->handleRequest(null, Object(Config\Cache), false)
 5 FCPATH/index.php(67): CodeIgniter\CodeIgniter->run()
 6 SYSTEMPATH/Commands/Server/rewrite.php(47): require_once('FCPATH/index.php')
CRITICAL - 2023-03-15 14:59:30 --> Undefined property: App\Controllers\Data::$output
in APPPATH/Controllers/Data.php on line 30.
 1 APPPATH/Controllers/Data.php(30): CodeIgniter\Debug\Exceptions->errorHandler(2, 'Undefined property: App\\Controllers\\Data::$output', 'APPPATH/Controllers/Data.php', 30)
 2 SYSTEMPATH/CodeIgniter.php(934): App\Controllers\Data->index()
 3 SYSTEMPATH/CodeIgniter.php(499): CodeIgniter\CodeIgniter->runController(Object(App\Controllers\Data))
 4 SYSTEMPATH/CodeIgniter.php(368): CodeIgniter\CodeIgniter->handleRequest(null, Object(Config\Cache), false)
 5 FCPATH/index.php(67): CodeIgniter\CodeIgniter->run()
 6 SYSTEMPATH/Commands/Server/rewrite.php(47): require_once('FCPATH/index.php')
CRITICAL - 2023-03-15 14:59:54 --> Array to string conversion
in APPPATH/Controllers/Data.php on line 30.
 1 APPPATH/Controllers/Data.php(30): CodeIgniter\Debug\Exceptions->errorHandler(2, 'Array to string conversion', 'APPPATH/Controllers/Data.php', 30)
 2 SYSTEMPATH/CodeIgniter.php(934): App\Controllers\Data->index()
 3 SYSTEMPATH/CodeIgniter.php(499): CodeIgniter\CodeIgniter->runController(Object(App\Controllers\Data))
 4 SYSTEMPATH/CodeIgniter.php(368): CodeIgniter\CodeIgniter->handleRequest(null, Object(Config\Cache), false)
 5 FCPATH/index.php(67): CodeIgniter\CodeIgniter->run()
 6 SYSTEMPATH/Commands/Server/rewrite.php(47): require_once('FCPATH/index.php')
CRITICAL - 2023-03-15 14:59:55 --> Array to string conversion
in APPPATH/Controllers/Data.php on line 30.
 1 APPPATH/Controllers/Data.php(30): CodeIgniter\Debug\Exceptions->errorHandler(2, 'Array to string conversion', 'APPPATH/Controllers/Data.php', 30)
 2 SYSTEMPATH/CodeIgniter.php(934): App\Controllers\Data->index()
 3 SYSTEMPATH/CodeIgniter.php(499): CodeIgniter\CodeIgniter->runController(Object(App\Controllers\Data))
 4 SYSTEMPATH/CodeIgniter.php(368): CodeIgniter\CodeIgniter->handleRequest(null, Object(Config\Cache), false)
 5 FCPATH/index.php(67): CodeIgniter\CodeIgniter->run()
 6 SYSTEMPATH/Commands/Server/rewrite.php(47): require_once('FCPATH/index.php')
