INFO - 2024-03-29 00:00:25 --> Session: Class initialized using 'CodeIgniter\Session\Handlers\FileHandler' driver.
WARNING - 2024-03-29 00:00:26 --> [DEPRECATED] Creation of dynamic property App\Controllers\Auth::$UserOnlineModel is deprecated in APPPATH/Controllers/Auth.php on line 11.
 1 SYSTEMPATH/CodeIgniter.php(906): App\Controllers\Auth->__construct()
 2 SYSTEMPATH/CodeIgniter.php(490): CodeIgniter\CodeIgniter->createController()
 3 SYSTEMPATH/CodeIgniter.php(368): CodeIgniter\CodeIgniter->handleRequest(null, Object(Config\Cache), false)
 4 FCPATH/index.php(67): CodeIgniter\CodeIgniter->run()
INFO - 2024-03-29 00:00:26 --> Session: Class initialized using 'CodeIgniter\Session\Handlers\FileHandler' driver.
INFO - 2024-03-29 00:01:25 --> Session: Class initialized using 'CodeIgniter\Session\Handlers\FileHandler' driver.
WARNING - 2024-03-29 00:01:25 --> [DEPRECATED] Creation of dynamic property App\Controllers\Auth::$UserOnlineModel is deprecated in APPPATH/Controllers/Auth.php on line 11.
 1 SYSTEMPATH/CodeIgniter.php(906): App\Controllers\Auth->__construct()
 2 SYSTEMPATH/CodeIgniter.php(490): CodeIgniter\CodeIgniter->createController()
 3 SYSTEMPATH/CodeIgniter.php(368): CodeIgniter\CodeIgniter->handleRequest(null, Object(Config\Cache), false)
 4 FCPATH/index.php(67): CodeIgniter\CodeIgniter->run()
INFO - 2024-03-29 00:01:25 --> Session: Class initialized using 'CodeIgniter\Session\Handlers\FileHandler' driver.
WARNING - 2024-03-29 00:02:01 --> [DEPRECATED] Creation of dynamic property App\Controllers\Auth::$UserOnlineModel is deprecated in APPPATH/Controllers/Auth.php on line 11.
 1 SYSTEMPATH/CodeIgniter.php(906): App\Controllers\Auth->__construct()
 2 SYSTEMPATH/CodeIgniter.php(490): CodeIgniter\CodeIgniter->createController()
 3 SYSTEMPATH/CodeIgniter.php(368): CodeIgniter\CodeIgniter->handleRequest(null, Object(Config\Cache), false)
 4 FCPATH/index.php(67): CodeIgniter\CodeIgniter->run()
INFO - 2024-03-29 00:02:01 --> Session: Class initialized using 'CodeIgniter\Session\Handlers\FileHandler' driver.
WARNING - 2024-03-29 00:02:02 --> [DEPRECATED] Creation of dynamic property App\Controllers\Auth::$UserOnlineModel is deprecated in APPPATH/Controllers/Auth.php on line 11.
 1 SYSTEMPATH/CodeIgniter.php(906): App\Controllers\Auth->__construct()
 2 SYSTEMPATH/CodeIgniter.php(490): CodeIgniter\CodeIgniter->createController()
 3 SYSTEMPATH/CodeIgniter.php(368): CodeIgniter\CodeIgniter->handleRequest(null, Object(Config\Cache), false)
 4 FCPATH/index.php(67): CodeIgniter\CodeIgniter->run()
INFO - 2024-03-29 00:02:03 --> Session: Class initialized using 'CodeIgniter\Session\Handlers\FileHandler' driver.
