INFO - 2024-01-08 22:45:02 --> Session: Class initialized using 'CodeIgniter\Session\Handlers\FileHandler' driver.
INFO - 2024-01-08 22:45:07 --> Session: Class initialized using 'CodeIgniter\Session\Handlers\FileHandler' driver.
INFO - 2024-01-08 22:45:09 --> Session: Class initialized using 'CodeIgniter\Session\Handlers\FileHandler' driver.
WARNING - 2024-01-08 22:45:09 --> [DEPRECATED] Creation of dynamic property App\Controllers\Pages::$CompanyModel is deprecated in APPPATH/Controllers/Pages.php on line 12.
 1 SYSTEMPATH/CodeIgniter.php(906): App\Controllers\Pages->__construct()
 2 SYSTEMPATH/CodeIgniter.php(490): CodeIgniter\CodeIgniter->createController()
 3 SYSTEMPATH/CodeIgniter.php(368): CodeIgniter\CodeIgniter->handleRequest(null, Object(Config\Cache), false)
 4 FCPATH/index.php(67): CodeIgniter\CodeIgniter->run()
INFO - 2024-01-08 22:45:13 --> Session: Class initialized using 'CodeIgniter\Session\Handlers\FileHandler' driver.
WARNING - 2024-01-08 22:45:13 --> [DEPRECATED] Creation of dynamic property App\Controllers\Pages::$CompanyModel is deprecated in APPPATH/Controllers/Pages.php on line 12.
 1 SYSTEMPATH/CodeIgniter.php(906): App\Controllers\Pages->__construct()
 2 SYSTEMPATH/CodeIgniter.php(490): CodeIgniter\CodeIgniter->createController()
 3 SYSTEMPATH/CodeIgniter.php(368): CodeIgniter\CodeIgniter->handleRequest(null, Object(Config\Cache), false)
 4 FCPATH/index.php(67): CodeIgniter\CodeIgniter->run()
INFO - 2024-01-08 22:45:23 --> Session: Class initialized using 'CodeIgniter\Session\Handlers\FileHandler' driver.
WARNING - 2024-01-08 22:45:23 --> [DEPRECATED] Creation of dynamic property App\Controllers\Master::$CompanyModel is deprecated in APPPATH/Controllers/Master.php on line 12.
 1 SYSTEMPATH/CodeIgniter.php(906): App\Controllers\Master->__construct()
 2 SYSTEMPATH/CodeIgniter.php(490): CodeIgniter\CodeIgniter->createController()
 3 SYSTEMPATH/CodeIgniter.php(368): CodeIgniter\CodeIgniter->handleRequest(null, Object(Config\Cache), false)
 4 FCPATH/index.php(67): CodeIgniter\CodeIgniter->run()
WARNING - 2024-01-08 22:45:23 --> [DEPRECATED] Creation of dynamic property App\Controllers\Master::$ProjectModel is deprecated in APPPATH/Controllers/Master.php on line 13.
 1 SYSTEMPATH/CodeIgniter.php(906): App\Controllers\Master->__construct()
 2 SYSTEMPATH/CodeIgniter.php(490): CodeIgniter\CodeIgniter->createController()
 3 SYSTEMPATH/CodeIgniter.php(368): CodeIgniter\CodeIgniter->handleRequest(null, Object(Config\Cache), false)
 4 FCPATH/index.php(67): CodeIgniter\CodeIgniter->run()
INFO - 2024-01-08 22:45:25 --> Session: Class initialized using 'CodeIgniter\Session\Handlers\FileHandler' driver.
WARNING - 2024-01-08 22:45:25 --> [DEPRECATED] Creation of dynamic property App\Controllers\Data::$ProjectModel is deprecated in APPPATH/Controllers/Data.php on line 19.
 1 SYSTEMPATH/CodeIgniter.php(906): App\Controllers\Data->__construct()
 2 SYSTEMPATH/CodeIgniter.php(490): CodeIgniter\CodeIgniter->createController()
 3 SYSTEMPATH/CodeIgniter.php(368): CodeIgniter\CodeIgniter->handleRequest(null, Object(Config\Cache), false)
 4 FCPATH/index.php(67): CodeIgniter\CodeIgniter->run()
WARNING - 2024-01-08 22:45:25 --> [DEPRECATED] Creation of dynamic property App\Controllers\Data::$CompanyModel is deprecated in APPPATH/Controllers/Data.php on line 20.
 1 SYSTEMPATH/CodeIgniter.php(906): App\Controllers\Data->__construct()
 2 SYSTEMPATH/CodeIgniter.php(490): CodeIgniter\CodeIgniter->createController()
 3 SYSTEMPATH/CodeIgniter.php(368): CodeIgniter\CodeIgniter->handleRequest(null, Object(Config\Cache), false)
 4 FCPATH/index.php(67): CodeIgniter\CodeIgniter->run()
WARNING - 2024-01-08 22:45:25 --> [DEPRECATED] Creation of dynamic property App\Controllers\Data::$BusinessModel is deprecated in APPPATH/Controllers/Data.php on line 21.
 1 SYSTEMPATH/CodeIgniter.php(906): App\Controllers\Data->__construct()
 2 SYSTEMPATH/CodeIgniter.php(490): CodeIgniter\CodeIgniter->createController()
 3 SYSTEMPATH/CodeIgniter.php(368): CodeIgniter\CodeIgniter->handleRequest(null, Object(Config\Cache), false)
 4 FCPATH/index.php(67): CodeIgniter\CodeIgniter->run()
WARNING - 2024-01-08 22:45:25 --> [DEPRECATED] Creation of dynamic property App\Controllers\Data::$DepartmentModel is deprecated in APPPATH/Controllers/Data.php on line 22.
 1 SYSTEMPATH/CodeIgniter.php(906): App\Controllers\Data->__construct()
 2 SYSTEMPATH/CodeIgniter.php(490): CodeIgniter\CodeIgniter->createController()
 3 SYSTEMPATH/CodeIgniter.php(368): CodeIgniter\CodeIgniter->handleRequest(null, Object(Config\Cache), false)
 4 FCPATH/index.php(67): CodeIgniter\CodeIgniter->run()
WARNING - 2024-01-08 22:45:25 --> [DEPRECATED] Creation of dynamic property App\Controllers\Data::$EmployeeModel is deprecated in APPPATH/Controllers/Data.php on line 23.
 1 SYSTEMPATH/CodeIgniter.php(906): App\Controllers\Data->__construct()
 2 SYSTEMPATH/CodeIgniter.php(490): CodeIgniter\CodeIgniter->createController()
 3 SYSTEMPATH/CodeIgniter.php(368): CodeIgniter\CodeIgniter->handleRequest(null, Object(Config\Cache), false)
 4 FCPATH/index.php(67): CodeIgniter\CodeIgniter->run()
WARNING - 2024-01-08 22:45:25 --> [DEPRECATED] Creation of dynamic property App\Controllers\Data::$SystemModel is deprecated in APPPATH/Controllers/Data.php on line 24.
 1 SYSTEMPATH/CodeIgniter.php(906): App\Controllers\Data->__construct()
 2 SYSTEMPATH/CodeIgniter.php(490): CodeIgniter\CodeIgniter->createController()
 3 SYSTEMPATH/CodeIgniter.php(368): CodeIgniter\CodeIgniter->handleRequest(null, Object(Config\Cache), false)
 4 FCPATH/index.php(67): CodeIgniter\CodeIgniter->run()
WARNING - 2024-01-08 22:45:25 --> [DEPRECATED] Creation of dynamic property App\Controllers\Data::$JobTypeModel is deprecated in APPPATH/Controllers/Data.php on line 25.
 1 SYSTEMPATH/CodeIgniter.php(906): App\Controllers\Data->__construct()
 2 SYSTEMPATH/CodeIgniter.php(490): CodeIgniter\CodeIgniter->createController()
 3 SYSTEMPATH/CodeIgniter.php(368): CodeIgniter\CodeIgniter->handleRequest(null, Object(Config\Cache), false)
 4 FCPATH/index.php(67): CodeIgniter\CodeIgniter->run()
WARNING - 2024-01-08 22:45:25 --> [DEPRECATED] Creation of dynamic property App\Controllers\Data::$RoleGroupModel is deprecated in APPPATH/Controllers/Data.php on line 26.
 1 SYSTEMPATH/CodeIgniter.php(906): App\Controllers\Data->__construct()
 2 SYSTEMPATH/CodeIgniter.php(490): CodeIgniter\CodeIgniter->createController()
 3 SYSTEMPATH/CodeIgniter.php(368): CodeIgniter\CodeIgniter->handleRequest(null, Object(Config\Cache), false)
 4 FCPATH/index.php(67): CodeIgniter\CodeIgniter->run()
