INFO - 2023-12-22 00:34:10 --> Session: Class initialized using 'CodeIgniter\Session\Handlers\FileHandler' driver.
INFO - 2023-12-22 00:34:35 --> Session: Class initialized using 'CodeIgniter\Session\Handlers\FileHandler' driver.
INFO - 2023-12-22 00:34:44 --> Session: Class initialized using 'CodeIgniter\Session\Handlers\FileHandler' driver.
INFO - 2023-12-22 00:34:54 --> Session: Class initialized using 'CodeIgniter\Session\Handlers\FileHandler' driver.
INFO - 2023-12-22 00:34:55 --> Session: Class initialized using 'CodeIgniter\Session\Handlers\FileHandler' driver.
WARNING - 2023-12-22 00:34:56 --> [DEPRECATED] Creation of dynamic property App\Controllers\Pages::$CompanyModel is deprecated in APPPATH/Controllers/Pages.php on line 12.
 1 SYSTEMPATH/CodeIgniter.php(906): App\Controllers\Pages->__construct()
 2 SYSTEMPATH/CodeIgniter.php(490): CodeIgniter\CodeIgniter->createController()
 3 SYSTEMPATH/CodeIgniter.php(368): CodeIgniter\CodeIgniter->handleRequest(null, Object(Config\Cache), false)
 4 FCPATH/index.php(67): CodeIgniter\CodeIgniter->run()
INFO - 2023-12-22 00:34:58 --> Session: Class initialized using 'CodeIgniter\Session\Handlers\FileHandler' driver.
WARNING - 2023-12-22 00:34:58 --> [DEPRECATED] Creation of dynamic property App\Controllers\Pages::$CompanyModel is deprecated in APPPATH/Controllers/Pages.php on line 12.
 1 SYSTEMPATH/CodeIgniter.php(906): App\Controllers\Pages->__construct()
 2 SYSTEMPATH/CodeIgniter.php(490): CodeIgniter\CodeIgniter->createController()
 3 SYSTEMPATH/CodeIgniter.php(368): CodeIgniter\CodeIgniter->handleRequest(null, Object(Config\Cache), false)
 4 FCPATH/index.php(67): CodeIgniter\CodeIgniter->run()
INFO - 2023-12-22 00:35:03 --> Session: Class initialized using 'CodeIgniter\Session\Handlers\FileHandler' driver.
WARNING - 2023-12-22 00:35:03 --> [DEPRECATED] Creation of dynamic property App\Controllers\Master::$CompanyModel is deprecated in APPPATH/Controllers/Master.php on line 11.
 1 SYSTEMPATH/CodeIgniter.php(906): App\Controllers\Master->__construct()
 2 SYSTEMPATH/CodeIgniter.php(490): CodeIgniter\CodeIgniter->createController()
 3 SYSTEMPATH/CodeIgniter.php(368): CodeIgniter\CodeIgniter->handleRequest(null, Object(Config\Cache), false)
 4 FCPATH/index.php(67): CodeIgniter\CodeIgniter->run()
INFO - 2023-12-22 00:35:07 --> Session: Class initialized using 'CodeIgniter\Session\Handlers\FileHandler' driver.
WARNING - 2023-12-22 00:35:07 --> [DEPRECATED] Creation of dynamic property App\Controllers\Master::$CompanyModel is deprecated in APPPATH/Controllers/Master.php on line 11.
 1 SYSTEMPATH/CodeIgniter.php(906): App\Controllers\Master->__construct()
 2 SYSTEMPATH/CodeIgniter.php(490): CodeIgniter\CodeIgniter->createController()
 3 SYSTEMPATH/CodeIgniter.php(368): CodeIgniter\CodeIgniter->handleRequest(null, Object(Config\Cache), false)
 4 FCPATH/index.php(67): CodeIgniter\CodeIgniter->run()
INFO - 2023-12-22 00:35:08 --> Session: Class initialized using 'CodeIgniter\Session\Handlers\FileHandler' driver.
WARNING - 2023-12-22 00:35:08 --> [DEPRECATED] Creation of dynamic property App\Controllers\Data::$ProjectModel is deprecated in APPPATH/Controllers/Data.php on line 12.
 1 SYSTEMPATH/CodeIgniter.php(906): App\Controllers\Data->__construct()
 2 SYSTEMPATH/CodeIgniter.php(490): CodeIgniter\CodeIgniter->createController()
 3 SYSTEMPATH/CodeIgniter.php(368): CodeIgniter\CodeIgniter->handleRequest(null, Object(Config\Cache), false)
 4 FCPATH/index.php(67): CodeIgniter\CodeIgniter->run()
INFO - 2023-12-22 11:49:43 --> Session: Class initialized using 'CodeIgniter\Session\Handlers\FileHandler' driver.
INFO - 2023-12-22 11:49:43 --> Session: Class initialized using 'CodeIgniter\Session\Handlers\FileHandler' driver.
INFO - 2023-12-22 11:49:53 --> Session: Class initialized using 'CodeIgniter\Session\Handlers\FileHandler' driver.
INFO - 2023-12-22 11:49:53 --> Session: Class initialized using 'CodeIgniter\Session\Handlers\FileHandler' driver.
WARNING - 2023-12-22 11:49:53 --> [DEPRECATED] Creation of dynamic property App\Controllers\Pages::$CompanyModel is deprecated in APPPATH/Controllers/Pages.php on line 12.
 1 SYSTEMPATH/CodeIgniter.php(906): App\Controllers\Pages->__construct()
 2 SYSTEMPATH/CodeIgniter.php(490): CodeIgniter\CodeIgniter->createController()
 3 SYSTEMPATH/CodeIgniter.php(368): CodeIgniter\CodeIgniter->handleRequest(null, Object(Config\Cache), false)
 4 FCPATH/index.php(67): CodeIgniter\CodeIgniter->run()
INFO - 2023-12-22 11:49:57 --> Session: Class initialized using 'CodeIgniter\Session\Handlers\FileHandler' driver.
WARNING - 2023-12-22 11:49:57 --> [DEPRECATED] Creation of dynamic property App\Controllers\Pages::$CompanyModel is deprecated in APPPATH/Controllers/Pages.php on line 12.
 1 SYSTEMPATH/CodeIgniter.php(906): App\Controllers\Pages->__construct()
 2 SYSTEMPATH/CodeIgniter.php(490): CodeIgniter\CodeIgniter->createController()
 3 SYSTEMPATH/CodeIgniter.php(368): CodeIgniter\CodeIgniter->handleRequest(null, Object(Config\Cache), false)
 4 FCPATH/index.php(67): CodeIgniter\CodeIgniter->run()
INFO - 2023-12-22 11:50:00 --> Session: Class initialized using 'CodeIgniter\Session\Handlers\FileHandler' driver.
WARNING - 2023-12-22 11:50:01 --> [DEPRECATED] Creation of dynamic property App\Controllers\Master::$CompanyModel is deprecated in APPPATH/Controllers/Master.php on line 11.
 1 SYSTEMPATH/CodeIgniter.php(906): App\Controllers\Master->__construct()
 2 SYSTEMPATH/CodeIgniter.php(490): CodeIgniter\CodeIgniter->createController()
 3 SYSTEMPATH/CodeIgniter.php(368): CodeIgniter\CodeIgniter->handleRequest(null, Object(Config\Cache), false)
 4 FCPATH/index.php(67): CodeIgniter\CodeIgniter->run()
INFO - 2023-12-22 11:50:02 --> Session: Class initialized using 'CodeIgniter\Session\Handlers\FileHandler' driver.
WARNING - 2023-12-22 11:50:02 --> [DEPRECATED] Creation of dynamic property App\Controllers\Master::$CompanyModel is deprecated in APPPATH/Controllers/Master.php on line 11.
 1 SYSTEMPATH/CodeIgniter.php(906): App\Controllers\Master->__construct()
 2 SYSTEMPATH/CodeIgniter.php(490): CodeIgniter\CodeIgniter->createController()
 3 SYSTEMPATH/CodeIgniter.php(368): CodeIgniter\CodeIgniter->handleRequest(null, Object(Config\Cache), false)
 4 FCPATH/index.php(67): CodeIgniter\CodeIgniter->run()
INFO - 2023-12-22 11:50:03 --> Session: Class initialized using 'CodeIgniter\Session\Handlers\FileHandler' driver.
WARNING - 2023-12-22 11:50:03 --> [DEPRECATED] Creation of dynamic property App\Controllers\Data::$ProjectModel is deprecated in APPPATH/Controllers/Data.php on line 12.
 1 SYSTEMPATH/CodeIgniter.php(906): App\Controllers\Data->__construct()
 2 SYSTEMPATH/CodeIgniter.php(490): CodeIgniter\CodeIgniter->createController()
 3 SYSTEMPATH/CodeIgniter.php(368): CodeIgniter\CodeIgniter->handleRequest(null, Object(Config\Cache), false)
 4 FCPATH/index.php(67): CodeIgniter\CodeIgniter->run()
INFO - 2023-12-22 11:54:16 --> Session: Class initialized using 'CodeIgniter\Session\Handlers\FileHandler' driver.
WARNING - 2023-12-22 11:54:16 --> [DEPRECATED] Creation of dynamic property App\Controllers\Pages::$CompanyModel is deprecated in APPPATH/Controllers/Pages.php on line 12.
 1 SYSTEMPATH/CodeIgniter.php(906): App\Controllers\Pages->__construct()
 2 SYSTEMPATH/CodeIgniter.php(490): CodeIgniter\CodeIgniter->createController()
 3 SYSTEMPATH/CodeIgniter.php(368): CodeIgniter\CodeIgniter->handleRequest(null, Object(Config\Cache), false)
 4 FCPATH/index.php(67): CodeIgniter\CodeIgniter->run()
INFO - 2023-12-22 11:54:37 --> Session: Class initialized using 'CodeIgniter\Session\Handlers\FileHandler' driver.
WARNING - 2023-12-22 11:54:37 --> [DEPRECATED] Creation of dynamic property App\Controllers\Master::$CompanyModel is deprecated in APPPATH/Controllers/Master.php on line 11.
 1 SYSTEMPATH/CodeIgniter.php(906): App\Controllers\Master->__construct()
 2 SYSTEMPATH/CodeIgniter.php(490): CodeIgniter\CodeIgniter->createController()
 3 SYSTEMPATH/CodeIgniter.php(368): CodeIgniter\CodeIgniter->handleRequest(null, Object(Config\Cache), false)
 4 FCPATH/index.php(67): CodeIgniter\CodeIgniter->run()
INFO - 2023-12-22 11:54:38 --> Session: Class initialized using 'CodeIgniter\Session\Handlers\FileHandler' driver.
WARNING - 2023-12-22 11:54:38 --> [DEPRECATED] Creation of dynamic property App\Controllers\Data::$ProjectModel is deprecated in APPPATH/Controllers/Data.php on line 12.
 1 SYSTEMPATH/CodeIgniter.php(906): App\Controllers\Data->__construct()
 2 SYSTEMPATH/CodeIgniter.php(490): CodeIgniter\CodeIgniter->createController()
 3 SYSTEMPATH/CodeIgniter.php(368): CodeIgniter\CodeIgniter->handleRequest(null, Object(Config\Cache), false)
 4 FCPATH/index.php(67): CodeIgniter\CodeIgniter->run()
