INFO - 2024-02-26 00:33:50 --> Session: Class initialized using 'CodeIgniter\Session\Handlers\FileHandler' driver.
WARNING - 2024-02-26 00:33:50 --> [DEPRECATED] Creation of dynamic property App\Controllers\Auth::$UserOnlineModel is deprecated in APPPATH/Controllers/Auth.php on line 11.
 1 SYSTEMPATH/CodeIgniter.php(906): App\Controllers\Auth->__construct()
 2 SYSTEMPATH/CodeIgniter.php(490): CodeIgniter\CodeIgniter->createController()
 3 SYSTEMPATH/CodeIgniter.php(368): CodeIgniter\CodeIgniter->handleRequest(null, Object(Config\Cache), false)
 4 FCPATH/index.php(67): CodeIgniter\CodeIgniter->run()
INFO - 2024-02-26 00:33:50 --> Session: Class initialized using 'CodeIgniter\Session\Handlers\FileHandler' driver.
INFO - 2024-02-26 02:44:10 --> Session: Class initialized using 'CodeIgniter\Session\Handlers\FileHandler' driver.
WARNING - 2024-02-26 02:44:10 --> [DEPRECATED] Creation of dynamic property App\Controllers\Auth::$UserOnlineModel is deprecated in APPPATH/Controllers/Auth.php on line 11.
 1 SYSTEMPATH/CodeIgniter.php(906): App\Controllers\Auth->__construct()
 2 SYSTEMPATH/CodeIgniter.php(490): CodeIgniter\CodeIgniter->createController()
 3 SYSTEMPATH/CodeIgniter.php(368): CodeIgniter\CodeIgniter->handleRequest(null, Object(Config\Cache), false)
 4 FCPATH/index.php(67): CodeIgniter\CodeIgniter->run()
INFO - 2024-02-26 02:44:10 --> Session: Class initialized using 'CodeIgniter\Session\Handlers\FileHandler' driver.
INFO - 2024-02-26 07:33:04 --> Session: Class initialized using 'CodeIgniter\Session\Handlers\FileHandler' driver.
WARNING - 2024-02-26 07:33:05 --> [DEPRECATED] Creation of dynamic property App\Controllers\Auth::$UserOnlineModel is deprecated in APPPATH/Controllers/Auth.php on line 11.
 1 SYSTEMPATH/CodeIgniter.php(906): App\Controllers\Auth->__construct()
 2 SYSTEMPATH/CodeIgniter.php(490): CodeIgniter\CodeIgniter->createController()
 3 SYSTEMPATH/CodeIgniter.php(368): CodeIgniter\CodeIgniter->handleRequest(null, Object(Config\Cache), false)
 4 FCPATH/index.php(67): CodeIgniter\CodeIgniter->run()
INFO - 2024-02-26 07:33:05 --> Session: Class initialized using 'CodeIgniter\Session\Handlers\FileHandler' driver.
INFO - 2024-02-26 11:38:29 --> Session: Class initialized using 'CodeIgniter\Session\Handlers\FileHandler' driver.
WARNING - 2024-02-26 11:38:29 --> [DEPRECATED] Creation of dynamic property App\Controllers\Auth::$UserOnlineModel is deprecated in APPPATH/Controllers/Auth.php on line 11.
 1 SYSTEMPATH/CodeIgniter.php(906): App\Controllers\Auth->__construct()
 2 SYSTEMPATH/CodeIgniter.php(490): CodeIgniter\CodeIgniter->createController()
 3 SYSTEMPATH/CodeIgniter.php(368): CodeIgniter\CodeIgniter->handleRequest(null, Object(Config\Cache), false)
 4 FCPATH/index.php(67): CodeIgniter\CodeIgniter->run()
INFO - 2024-02-26 11:38:29 --> Session: Class initialized using 'CodeIgniter\Session\Handlers\FileHandler' driver.
INFO - 2024-02-26 11:39:25 --> Session: Class initialized using 'CodeIgniter\Session\Handlers\FileHandler' driver.
WARNING - 2024-02-26 11:39:28 --> [DEPRECATED] Creation of dynamic property App\Controllers\Auth::$UserOnlineModel is deprecated in APPPATH/Controllers/Auth.php on line 11.
 1 SYSTEMPATH/CodeIgniter.php(906): App\Controllers\Auth->__construct()
 2 SYSTEMPATH/CodeIgniter.php(490): CodeIgniter\CodeIgniter->createController()
 3 SYSTEMPATH/CodeIgniter.php(368): CodeIgniter\CodeIgniter->handleRequest(null, Object(Config\Cache), false)
 4 FCPATH/index.php(67): CodeIgniter\CodeIgniter->run()
INFO - 2024-02-26 11:39:28 --> Session: Class initialized using 'CodeIgniter\Session\Handlers\FileHandler' driver.
INFO - 2024-02-26 11:40:25 --> Session: Class initialized using 'CodeIgniter\Session\Handlers\FileHandler' driver.
WARNING - 2024-02-26 11:40:25 --> [DEPRECATED] Creation of dynamic property App\Controllers\Auth::$UserOnlineModel is deprecated in APPPATH/Controllers/Auth.php on line 11.
 1 SYSTEMPATH/CodeIgniter.php(906): App\Controllers\Auth->__construct()
 2 SYSTEMPATH/CodeIgniter.php(490): CodeIgniter\CodeIgniter->createController()
 3 SYSTEMPATH/CodeIgniter.php(368): CodeIgniter\CodeIgniter->handleRequest(null, Object(Config\Cache), false)
 4 FCPATH/index.php(67): CodeIgniter\CodeIgniter->run()
INFO - 2024-02-26 11:40:25 --> Session: Class initialized using 'CodeIgniter\Session\Handlers\FileHandler' driver.
INFO - 2024-02-26 11:41:25 --> Session: Class initialized using 'CodeIgniter\Session\Handlers\FileHandler' driver.
WARNING - 2024-02-26 11:41:25 --> [DEPRECATED] Creation of dynamic property App\Controllers\Auth::$UserOnlineModel is deprecated in APPPATH/Controllers/Auth.php on line 11.
 1 SYSTEMPATH/CodeIgniter.php(906): App\Controllers\Auth->__construct()
 2 SYSTEMPATH/CodeIgniter.php(490): CodeIgniter\CodeIgniter->createController()
 3 SYSTEMPATH/CodeIgniter.php(368): CodeIgniter\CodeIgniter->handleRequest(null, Object(Config\Cache), false)
 4 FCPATH/index.php(67): CodeIgniter\CodeIgniter->run()
INFO - 2024-02-26 11:41:25 --> Session: Class initialized using 'CodeIgniter\Session\Handlers\FileHandler' driver.
INFO - 2024-02-26 11:42:25 --> Session: Class initialized using 'CodeIgniter\Session\Handlers\FileHandler' driver.
WARNING - 2024-02-26 11:42:25 --> [DEPRECATED] Creation of dynamic property App\Controllers\Auth::$UserOnlineModel is deprecated in APPPATH/Controllers/Auth.php on line 11.
 1 SYSTEMPATH/CodeIgniter.php(906): App\Controllers\Auth->__construct()
 2 SYSTEMPATH/CodeIgniter.php(490): CodeIgniter\CodeIgniter->createController()
 3 SYSTEMPATH/CodeIgniter.php(368): CodeIgniter\CodeIgniter->handleRequest(null, Object(Config\Cache), false)
 4 FCPATH/index.php(67): CodeIgniter\CodeIgniter->run()
INFO - 2024-02-26 11:42:25 --> Session: Class initialized using 'CodeIgniter\Session\Handlers\FileHandler' driver.
INFO - 2024-02-26 11:43:25 --> Session: Class initialized using 'CodeIgniter\Session\Handlers\FileHandler' driver.
WARNING - 2024-02-26 11:43:25 --> [DEPRECATED] Creation of dynamic property App\Controllers\Auth::$UserOnlineModel is deprecated in APPPATH/Controllers/Auth.php on line 11.
 1 SYSTEMPATH/CodeIgniter.php(906): App\Controllers\Auth->__construct()
 2 SYSTEMPATH/CodeIgniter.php(490): CodeIgniter\CodeIgniter->createController()
 3 SYSTEMPATH/CodeIgniter.php(368): CodeIgniter\CodeIgniter->handleRequest(null, Object(Config\Cache), false)
 4 FCPATH/index.php(67): CodeIgniter\CodeIgniter->run()
INFO - 2024-02-26 11:43:25 --> Session: Class initialized using 'CodeIgniter\Session\Handlers\FileHandler' driver.
INFO - 2024-02-26 11:44:24 --> Session: Class initialized using 'CodeIgniter\Session\Handlers\FileHandler' driver.
WARNING - 2024-02-26 11:44:25 --> [DEPRECATED] Creation of dynamic property App\Controllers\Auth::$UserOnlineModel is deprecated in APPPATH/Controllers/Auth.php on line 11.
 1 SYSTEMPATH/CodeIgniter.php(906): App\Controllers\Auth->__construct()
 2 SYSTEMPATH/CodeIgniter.php(490): CodeIgniter\CodeIgniter->createController()
 3 SYSTEMPATH/CodeIgniter.php(368): CodeIgniter\CodeIgniter->handleRequest(null, Object(Config\Cache), false)
 4 FCPATH/index.php(67): CodeIgniter\CodeIgniter->run()
INFO - 2024-02-26 11:44:25 --> Session: Class initialized using 'CodeIgniter\Session\Handlers\FileHandler' driver.
INFO - 2024-02-26 11:45:24 --> Session: Class initialized using 'CodeIgniter\Session\Handlers\FileHandler' driver.
WARNING - 2024-02-26 11:45:25 --> [DEPRECATED] Creation of dynamic property App\Controllers\Auth::$UserOnlineModel is deprecated in APPPATH/Controllers/Auth.php on line 11.
 1 SYSTEMPATH/CodeIgniter.php(906): App\Controllers\Auth->__construct()
 2 SYSTEMPATH/CodeIgniter.php(490): CodeIgniter\CodeIgniter->createController()
 3 SYSTEMPATH/CodeIgniter.php(368): CodeIgniter\CodeIgniter->handleRequest(null, Object(Config\Cache), false)
 4 FCPATH/index.php(67): CodeIgniter\CodeIgniter->run()
INFO - 2024-02-26 11:45:25 --> Session: Class initialized using 'CodeIgniter\Session\Handlers\FileHandler' driver.
INFO - 2024-02-26 11:46:24 --> Session: Class initialized using 'CodeIgniter\Session\Handlers\FileHandler' driver.
WARNING - 2024-02-26 11:46:25 --> [DEPRECATED] Creation of dynamic property App\Controllers\Auth::$UserOnlineModel is deprecated in APPPATH/Controllers/Auth.php on line 11.
 1 SYSTEMPATH/CodeIgniter.php(906): App\Controllers\Auth->__construct()
 2 SYSTEMPATH/CodeIgniter.php(490): CodeIgniter\CodeIgniter->createController()
 3 SYSTEMPATH/CodeIgniter.php(368): CodeIgniter\CodeIgniter->handleRequest(null, Object(Config\Cache), false)
 4 FCPATH/index.php(67): CodeIgniter\CodeIgniter->run()
INFO - 2024-02-26 11:46:25 --> Session: Class initialized using 'CodeIgniter\Session\Handlers\FileHandler' driver.
INFO - 2024-02-26 11:47:25 --> Session: Class initialized using 'CodeIgniter\Session\Handlers\FileHandler' driver.
WARNING - 2024-02-26 11:47:25 --> [DEPRECATED] Creation of dynamic property App\Controllers\Auth::$UserOnlineModel is deprecated in APPPATH/Controllers/Auth.php on line 11.
 1 SYSTEMPATH/CodeIgniter.php(906): App\Controllers\Auth->__construct()
 2 SYSTEMPATH/CodeIgniter.php(490): CodeIgniter\CodeIgniter->createController()
 3 SYSTEMPATH/CodeIgniter.php(368): CodeIgniter\CodeIgniter->handleRequest(null, Object(Config\Cache), false)
 4 FCPATH/index.php(67): CodeIgniter\CodeIgniter->run()
INFO - 2024-02-26 11:47:25 --> Session: Class initialized using 'CodeIgniter\Session\Handlers\FileHandler' driver.
INFO - 2024-02-26 11:48:25 --> Session: Class initialized using 'CodeIgniter\Session\Handlers\FileHandler' driver.
WARNING - 2024-02-26 11:48:25 --> [DEPRECATED] Creation of dynamic property App\Controllers\Auth::$UserOnlineModel is deprecated in APPPATH/Controllers/Auth.php on line 11.
 1 SYSTEMPATH/CodeIgniter.php(906): App\Controllers\Auth->__construct()
 2 SYSTEMPATH/CodeIgniter.php(490): CodeIgniter\CodeIgniter->createController()
 3 SYSTEMPATH/CodeIgniter.php(368): CodeIgniter\CodeIgniter->handleRequest(null, Object(Config\Cache), false)
 4 FCPATH/index.php(67): CodeIgniter\CodeIgniter->run()
INFO - 2024-02-26 11:48:25 --> Session: Class initialized using 'CodeIgniter\Session\Handlers\FileHandler' driver.
INFO - 2024-02-26 11:49:24 --> Session: Class initialized using 'CodeIgniter\Session\Handlers\FileHandler' driver.
WARNING - 2024-02-26 11:49:25 --> [DEPRECATED] Creation of dynamic property App\Controllers\Auth::$UserOnlineModel is deprecated in APPPATH/Controllers/Auth.php on line 11.
 1 SYSTEMPATH/CodeIgniter.php(906): App\Controllers\Auth->__construct()
 2 SYSTEMPATH/CodeIgniter.php(490): CodeIgniter\CodeIgniter->createController()
 3 SYSTEMPATH/CodeIgniter.php(368): CodeIgniter\CodeIgniter->handleRequest(null, Object(Config\Cache), false)
 4 FCPATH/index.php(67): CodeIgniter\CodeIgniter->run()
INFO - 2024-02-26 11:49:25 --> Session: Class initialized using 'CodeIgniter\Session\Handlers\FileHandler' driver.
INFO - 2024-02-26 11:50:25 --> Session: Class initialized using 'CodeIgniter\Session\Handlers\FileHandler' driver.
WARNING - 2024-02-26 11:50:25 --> [DEPRECATED] Creation of dynamic property App\Controllers\Auth::$UserOnlineModel is deprecated in APPPATH/Controllers/Auth.php on line 11.
 1 SYSTEMPATH/CodeIgniter.php(906): App\Controllers\Auth->__construct()
 2 SYSTEMPATH/CodeIgniter.php(490): CodeIgniter\CodeIgniter->createController()
 3 SYSTEMPATH/CodeIgniter.php(368): CodeIgniter\CodeIgniter->handleRequest(null, Object(Config\Cache), false)
 4 FCPATH/index.php(67): CodeIgniter\CodeIgniter->run()
INFO - 2024-02-26 11:50:25 --> Session: Class initialized using 'CodeIgniter\Session\Handlers\FileHandler' driver.
INFO - 2024-02-26 11:51:25 --> Session: Class initialized using 'CodeIgniter\Session\Handlers\FileHandler' driver.
WARNING - 2024-02-26 11:51:25 --> [DEPRECATED] Creation of dynamic property App\Controllers\Auth::$UserOnlineModel is deprecated in APPPATH/Controllers/Auth.php on line 11.
 1 SYSTEMPATH/CodeIgniter.php(906): App\Controllers\Auth->__construct()
 2 SYSTEMPATH/CodeIgniter.php(490): CodeIgniter\CodeIgniter->createController()
 3 SYSTEMPATH/CodeIgniter.php(368): CodeIgniter\CodeIgniter->handleRequest(null, Object(Config\Cache), false)
 4 FCPATH/index.php(67): CodeIgniter\CodeIgniter->run()
INFO - 2024-02-26 11:51:25 --> Session: Class initialized using 'CodeIgniter\Session\Handlers\FileHandler' driver.
INFO - 2024-02-26 12:07:53 --> Session: Class initialized using 'CodeIgniter\Session\Handlers\FileHandler' driver.
WARNING - 2024-02-26 12:07:54 --> [DEPRECATED] Creation of dynamic property App\Controllers\Auth::$UserOnlineModel is deprecated in APPPATH/Controllers/Auth.php on line 11.
 1 SYSTEMPATH/CodeIgniter.php(906): App\Controllers\Auth->__construct()
 2 SYSTEMPATH/CodeIgniter.php(490): CodeIgniter\CodeIgniter->createController()
 3 SYSTEMPATH/CodeIgniter.php(368): CodeIgniter\CodeIgniter->handleRequest(null, Object(Config\Cache), false)
 4 FCPATH/index.php(67): CodeIgniter\CodeIgniter->run()
INFO - 2024-02-26 12:07:54 --> Session: Class initialized using 'CodeIgniter\Session\Handlers\FileHandler' driver.
INFO - 2024-02-26 12:37:17 --> Session: Class initialized using 'CodeIgniter\Session\Handlers\FileHandler' driver.
WARNING - 2024-02-26 12:37:17 --> [DEPRECATED] Creation of dynamic property App\Controllers\Auth::$UserOnlineModel is deprecated in APPPATH/Controllers/Auth.php on line 11.
 1 SYSTEMPATH/CodeIgniter.php(906): App\Controllers\Auth->__construct()
 2 SYSTEMPATH/CodeIgniter.php(490): CodeIgniter\CodeIgniter->createController()
 3 SYSTEMPATH/CodeIgniter.php(368): CodeIgniter\CodeIgniter->handleRequest(null, Object(Config\Cache), false)
 4 FCPATH/index.php(67): CodeIgniter\CodeIgniter->run()
INFO - 2024-02-26 12:37:17 --> Session: Class initialized using 'CodeIgniter\Session\Handlers\FileHandler' driver.
INFO - 2024-02-26 12:38:15 --> Session: Class initialized using 'CodeIgniter\Session\Handlers\FileHandler' driver.
WARNING - 2024-02-26 12:38:15 --> [DEPRECATED] Creation of dynamic property App\Controllers\Auth::$UserOnlineModel is deprecated in APPPATH/Controllers/Auth.php on line 11.
 1 SYSTEMPATH/CodeIgniter.php(906): App\Controllers\Auth->__construct()
 2 SYSTEMPATH/CodeIgniter.php(490): CodeIgniter\CodeIgniter->createController()
 3 SYSTEMPATH/CodeIgniter.php(368): CodeIgniter\CodeIgniter->handleRequest(null, Object(Config\Cache), false)
 4 FCPATH/index.php(67): CodeIgniter\CodeIgniter->run()
INFO - 2024-02-26 12:38:15 --> Session: Class initialized using 'CodeIgniter\Session\Handlers\FileHandler' driver.
INFO - 2024-02-26 12:39:15 --> Session: Class initialized using 'CodeIgniter\Session\Handlers\FileHandler' driver.
WARNING - 2024-02-26 12:39:15 --> [DEPRECATED] Creation of dynamic property App\Controllers\Auth::$UserOnlineModel is deprecated in APPPATH/Controllers/Auth.php on line 11.
 1 SYSTEMPATH/CodeIgniter.php(906): App\Controllers\Auth->__construct()
 2 SYSTEMPATH/CodeIgniter.php(490): CodeIgniter\CodeIgniter->createController()
 3 SYSTEMPATH/CodeIgniter.php(368): CodeIgniter\CodeIgniter->handleRequest(null, Object(Config\Cache), false)
 4 FCPATH/index.php(67): CodeIgniter\CodeIgniter->run()
INFO - 2024-02-26 12:39:15 --> Session: Class initialized using 'CodeIgniter\Session\Handlers\FileHandler' driver.
INFO - 2024-02-26 12:40:15 --> Session: Class initialized using 'CodeIgniter\Session\Handlers\FileHandler' driver.
WARNING - 2024-02-26 12:40:15 --> [DEPRECATED] Creation of dynamic property App\Controllers\Auth::$UserOnlineModel is deprecated in APPPATH/Controllers/Auth.php on line 11.
 1 SYSTEMPATH/CodeIgniter.php(906): App\Controllers\Auth->__construct()
 2 SYSTEMPATH/CodeIgniter.php(490): CodeIgniter\CodeIgniter->createController()
 3 SYSTEMPATH/CodeIgniter.php(368): CodeIgniter\CodeIgniter->handleRequest(null, Object(Config\Cache), false)
 4 FCPATH/index.php(67): CodeIgniter\CodeIgniter->run()
INFO - 2024-02-26 12:40:15 --> Session: Class initialized using 'CodeIgniter\Session\Handlers\FileHandler' driver.
INFO - 2024-02-26 12:41:15 --> Session: Class initialized using 'CodeIgniter\Session\Handlers\FileHandler' driver.
WARNING - 2024-02-26 12:41:15 --> [DEPRECATED] Creation of dynamic property App\Controllers\Auth::$UserOnlineModel is deprecated in APPPATH/Controllers/Auth.php on line 11.
 1 SYSTEMPATH/CodeIgniter.php(906): App\Controllers\Auth->__construct()
 2 SYSTEMPATH/CodeIgniter.php(490): CodeIgniter\CodeIgniter->createController()
 3 SYSTEMPATH/CodeIgniter.php(368): CodeIgniter\CodeIgniter->handleRequest(null, Object(Config\Cache), false)
 4 FCPATH/index.php(67): CodeIgniter\CodeIgniter->run()
INFO - 2024-02-26 12:41:15 --> Session: Class initialized using 'CodeIgniter\Session\Handlers\FileHandler' driver.
INFO - 2024-02-26 12:42:15 --> Session: Class initialized using 'CodeIgniter\Session\Handlers\FileHandler' driver.
WARNING - 2024-02-26 12:42:15 --> [DEPRECATED] Creation of dynamic property App\Controllers\Auth::$UserOnlineModel is deprecated in APPPATH/Controllers/Auth.php on line 11.
 1 SYSTEMPATH/CodeIgniter.php(906): App\Controllers\Auth->__construct()
 2 SYSTEMPATH/CodeIgniter.php(490): CodeIgniter\CodeIgniter->createController()
 3 SYSTEMPATH/CodeIgniter.php(368): CodeIgniter\CodeIgniter->handleRequest(null, Object(Config\Cache), false)
 4 FCPATH/index.php(67): CodeIgniter\CodeIgniter->run()
INFO - 2024-02-26 12:42:15 --> Session: Class initialized using 'CodeIgniter\Session\Handlers\FileHandler' driver.
INFO - 2024-02-26 12:43:15 --> Session: Class initialized using 'CodeIgniter\Session\Handlers\FileHandler' driver.
WARNING - 2024-02-26 12:43:15 --> [DEPRECATED] Creation of dynamic property App\Controllers\Auth::$UserOnlineModel is deprecated in APPPATH/Controllers/Auth.php on line 11.
 1 SYSTEMPATH/CodeIgniter.php(906): App\Controllers\Auth->__construct()
 2 SYSTEMPATH/CodeIgniter.php(490): CodeIgniter\CodeIgniter->createController()
 3 SYSTEMPATH/CodeIgniter.php(368): CodeIgniter\CodeIgniter->handleRequest(null, Object(Config\Cache), false)
 4 FCPATH/index.php(67): CodeIgniter\CodeIgniter->run()
INFO - 2024-02-26 12:43:15 --> Session: Class initialized using 'CodeIgniter\Session\Handlers\FileHandler' driver.
INFO - 2024-02-26 13:57:11 --> Session: Class initialized using 'CodeIgniter\Session\Handlers\FileHandler' driver.
WARNING - 2024-02-26 13:57:11 --> [DEPRECATED] Creation of dynamic property App\Controllers\Auth::$UserOnlineModel is deprecated in APPPATH/Controllers/Auth.php on line 11.
 1 SYSTEMPATH/CodeIgniter.php(906): App\Controllers\Auth->__construct()
 2 SYSTEMPATH/CodeIgniter.php(490): CodeIgniter\CodeIgniter->createController()
 3 SYSTEMPATH/CodeIgniter.php(368): CodeIgniter\CodeIgniter->handleRequest(null, Object(Config\Cache), false)
 4 FCPATH/index.php(67): CodeIgniter\CodeIgniter->run()
INFO - 2024-02-26 13:57:11 --> Session: Class initialized using 'CodeIgniter\Session\Handlers\FileHandler' driver.
INFO - 2024-02-26 13:57:40 --> Session: Class initialized using 'CodeIgniter\Session\Handlers\FileHandler' driver.
WARNING - 2024-02-26 13:57:40 --> [DEPRECATED] Creation of dynamic property App\Controllers\Auth::$UserOnlineModel is deprecated in APPPATH/Controllers/Auth.php on line 11.
 1 SYSTEMPATH/CodeIgniter.php(906): App\Controllers\Auth->__construct()
 2 SYSTEMPATH/CodeIgniter.php(490): CodeIgniter\CodeIgniter->createController()
 3 SYSTEMPATH/CodeIgniter.php(368): CodeIgniter\CodeIgniter->handleRequest(null, Object(Config\Cache), false)
 4 FCPATH/index.php(67): CodeIgniter\CodeIgniter->run()
INFO - 2024-02-26 13:57:40 --> Session: Class initialized using 'CodeIgniter\Session\Handlers\FileHandler' driver.
INFO - 2024-02-26 13:57:48 --> Session: Class initialized using 'CodeIgniter\Session\Handlers\FileHandler' driver.
WARNING - 2024-02-26 13:57:48 --> [DEPRECATED] Creation of dynamic property App\Controllers\Auth::$UserOnlineModel is deprecated in APPPATH/Controllers/Auth.php on line 11.
 1 SYSTEMPATH/CodeIgniter.php(906): App\Controllers\Auth->__construct()
 2 SYSTEMPATH/CodeIgniter.php(490): CodeIgniter\CodeIgniter->createController()
 3 SYSTEMPATH/CodeIgniter.php(368): CodeIgniter\CodeIgniter->handleRequest(null, Object(Config\Cache), false)
 4 FCPATH/index.php(67): CodeIgniter\CodeIgniter->run()
INFO - 2024-02-26 13:57:48 --> Session: Class initialized using 'CodeIgniter\Session\Handlers\FileHandler' driver.
INFO - 2024-02-26 13:57:51 --> Session: Class initialized using 'CodeIgniter\Session\Handlers\FileHandler' driver.
WARNING - 2024-02-26 13:57:51 --> [DEPRECATED] Creation of dynamic property App\Controllers\Auth::$UserOnlineModel is deprecated in APPPATH/Controllers/Auth.php on line 11.
 1 SYSTEMPATH/CodeIgniter.php(906): App\Controllers\Auth->__construct()
 2 SYSTEMPATH/CodeIgniter.php(490): CodeIgniter\CodeIgniter->createController()
 3 SYSTEMPATH/CodeIgniter.php(368): CodeIgniter\CodeIgniter->handleRequest(null, Object(Config\Cache), false)
 4 FCPATH/index.php(67): CodeIgniter\CodeIgniter->run()
INFO - 2024-02-26 13:57:51 --> Session: Class initialized using 'CodeIgniter\Session\Handlers\FileHandler' driver.
