WARNING - 2024-04-14 15:52:52 --> [DEPRECATED] Creation of dynamic property App\Controllers\Auth::$UserOnlineModel is deprecated in APPPATH/Controllers/Auth.php on line 11.
 1 SYSTEMPATH/CodeIgniter.php(906): App\Controllers\Auth->__construct()
 2 SYSTEMPATH/CodeIgniter.php(490): CodeIgniter\CodeIgniter->createController()
 3 SYSTEMPATH/CodeIgniter.php(368): CodeIgniter\CodeIgniter->handleRequest(null, Object(Config\Cache), false)
 4 FCPATH/index.php(67): CodeIgniter\CodeIgniter->run()
INFO - 2024-04-14 15:52:52 --> Session: Class initialized using 'CodeIgniter\Session\Handlers\FileHandler' driver.
WARNING - 2024-04-14 15:52:55 --> [DEPRECATED] Creation of dynamic property App\Controllers\Auth::$UserOnlineModel is deprecated in APPPATH/Controllers/Auth.php on line 11.
 1 SYSTEMPATH/CodeIgniter.php(906): App\Controllers\Auth->__construct()
 2 SYSTEMPATH/CodeIgniter.php(490): CodeIgniter\CodeIgniter->createController()
 3 SYSTEMPATH/CodeIgniter.php(368): CodeIgniter\CodeIgniter->handleRequest(null, Object(Config\Cache), false)
 4 FCPATH/index.php(67): CodeIgniter\CodeIgniter->run()
INFO - 2024-04-14 15:52:55 --> Session: Class initialized using 'CodeIgniter\Session\Handlers\FileHandler' driver.
INFO - 2024-04-14 15:52:57 --> Session: Class initialized using 'CodeIgniter\Session\Handlers\FileHandler' driver.
WARNING - 2024-04-14 15:52:57 --> [DEPRECATED] Creation of dynamic property App\Controllers\Pages::$CompanyModel is deprecated in APPPATH/Controllers/Pages.php on line 12.
 1 SYSTEMPATH/CodeIgniter.php(906): App\Controllers\Pages->__construct()
 2 SYSTEMPATH/CodeIgniter.php(490): CodeIgniter\CodeIgniter->createController()
 3 SYSTEMPATH/CodeIgniter.php(368): CodeIgniter\CodeIgniter->handleRequest(null, Object(Config\Cache), false)
 4 FCPATH/index.php(67): CodeIgniter\CodeIgniter->run()
INFO - 2024-04-14 15:53:01 --> Session: Class initialized using 'CodeIgniter\Session\Handlers\FileHandler' driver.
WARNING - 2024-04-14 15:53:01 --> [DEPRECATED] Creation of dynamic property App\Controllers\Pages::$CompanyModel is deprecated in APPPATH/Controllers/Pages.php on line 12.
 1 SYSTEMPATH/CodeIgniter.php(906): App\Controllers\Pages->__construct()
 2 SYSTEMPATH/CodeIgniter.php(490): CodeIgniter\CodeIgniter->createController()
 3 SYSTEMPATH/CodeIgniter.php(368): CodeIgniter\CodeIgniter->handleRequest(null, Object(Config\Cache), false)
 4 FCPATH/index.php(67): CodeIgniter\CodeIgniter->run()
INFO - 2024-04-14 15:53:07 --> Session: Class initialized using 'CodeIgniter\Session\Handlers\FileHandler' driver.
WARNING - 2024-04-14 15:53:07 --> [DEPRECATED] Creation of dynamic property App\Controllers\Master::$CompanyModel is deprecated in APPPATH/Controllers/Master.php on line 29.
 1 SYSTEMPATH/CodeIgniter.php(906): App\Controllers\Master->__construct()
 2 SYSTEMPATH/CodeIgniter.php(490): CodeIgniter\CodeIgniter->createController()
 3 SYSTEMPATH/CodeIgniter.php(368): CodeIgniter\CodeIgniter->handleRequest(null, Object(Config\Cache), false)
 4 FCPATH/index.php(67): CodeIgniter\CodeIgniter->run()
WARNING - 2024-04-14 15:53:07 --> [DEPRECATED] Creation of dynamic property App\Controllers\Master::$ProjectModel is deprecated in APPPATH/Controllers/Master.php on line 30.
 1 SYSTEMPATH/CodeIgniter.php(906): App\Controllers\Master->__construct()
 2 SYSTEMPATH/CodeIgniter.php(490): CodeIgniter\CodeIgniter->createController()
 3 SYSTEMPATH/CodeIgniter.php(368): CodeIgniter\CodeIgniter->handleRequest(null, Object(Config\Cache), false)
 4 FCPATH/index.php(67): CodeIgniter\CodeIgniter->run()
INFO - 2024-04-14 15:53:08 --> Session: Class initialized using 'CodeIgniter\Session\Handlers\FileHandler' driver.
WARNING - 2024-04-14 15:53:08 --> [DEPRECATED] Creation of dynamic property App\Controllers\Data::$ProjectModel is deprecated in APPPATH/Controllers/Data.php on line 31.
 1 SYSTEMPATH/CodeIgniter.php(906): App\Controllers\Data->__construct()
 2 SYSTEMPATH/CodeIgniter.php(490): CodeIgniter\CodeIgniter->createController()
 3 SYSTEMPATH/CodeIgniter.php(368): CodeIgniter\CodeIgniter->handleRequest(null, Object(Config\Cache), false)
 4 FCPATH/index.php(67): CodeIgniter\CodeIgniter->run()
WARNING - 2024-04-14 15:53:08 --> [DEPRECATED] Creation of dynamic property App\Controllers\Data::$CompanyModel is deprecated in APPPATH/Controllers/Data.php on line 32.
 1 SYSTEMPATH/CodeIgniter.php(906): App\Controllers\Data->__construct()
 2 SYSTEMPATH/CodeIgniter.php(490): CodeIgniter\CodeIgniter->createController()
 3 SYSTEMPATH/CodeIgniter.php(368): CodeIgniter\CodeIgniter->handleRequest(null, Object(Config\Cache), false)
 4 FCPATH/index.php(67): CodeIgniter\CodeIgniter->run()
WARNING - 2024-04-14 15:53:08 --> [DEPRECATED] Creation of dynamic property App\Controllers\Data::$BusinessModel is deprecated in APPPATH/Controllers/Data.php on line 33.
 1 SYSTEMPATH/CodeIgniter.php(906): App\Controllers\Data->__construct()
 2 SYSTEMPATH/CodeIgniter.php(490): CodeIgniter\CodeIgniter->createController()
 3 SYSTEMPATH/CodeIgniter.php(368): CodeIgniter\CodeIgniter->handleRequest(null, Object(Config\Cache), false)
 4 FCPATH/index.php(67): CodeIgniter\CodeIgniter->run()
WARNING - 2024-04-14 15:53:08 --> [DEPRECATED] Creation of dynamic property App\Controllers\Data::$DepartmentModel is deprecated in APPPATH/Controllers/Data.php on line 34.
 1 SYSTEMPATH/CodeIgniter.php(906): App\Controllers\Data->__construct()
 2 SYSTEMPATH/CodeIgniter.php(490): CodeIgniter\CodeIgniter->createController()
 3 SYSTEMPATH/CodeIgniter.php(368): CodeIgniter\CodeIgniter->handleRequest(null, Object(Config\Cache), false)
 4 FCPATH/index.php(67): CodeIgniter\CodeIgniter->run()
WARNING - 2024-04-14 15:53:08 --> [DEPRECATED] Creation of dynamic property App\Controllers\Data::$EmployeeModel is deprecated in APPPATH/Controllers/Data.php on line 35.
 1 SYSTEMPATH/CodeIgniter.php(906): App\Controllers\Data->__construct()
 2 SYSTEMPATH/CodeIgniter.php(490): CodeIgniter\CodeIgniter->createController()
 3 SYSTEMPATH/CodeIgniter.php(368): CodeIgniter\CodeIgniter->handleRequest(null, Object(Config\Cache), false)
 4 FCPATH/index.php(67): CodeIgniter\CodeIgniter->run()
WARNING - 2024-04-14 15:53:08 --> [DEPRECATED] Creation of dynamic property App\Controllers\Data::$SystemModel is deprecated in APPPATH/Controllers/Data.php on line 36.
 1 SYSTEMPATH/CodeIgniter.php(906): App\Controllers\Data->__construct()
 2 SYSTEMPATH/CodeIgniter.php(490): CodeIgniter\CodeIgniter->createController()
 3 SYSTEMPATH/CodeIgniter.php(368): CodeIgniter\CodeIgniter->handleRequest(null, Object(Config\Cache), false)
 4 FCPATH/index.php(67): CodeIgniter\CodeIgniter->run()
WARNING - 2024-04-14 15:53:08 --> [DEPRECATED] Creation of dynamic property App\Controllers\Data::$JobTypeModel is deprecated in APPPATH/Controllers/Data.php on line 37.
 1 SYSTEMPATH/CodeIgniter.php(906): App\Controllers\Data->__construct()
 2 SYSTEMPATH/CodeIgniter.php(490): CodeIgniter\CodeIgniter->createController()
 3 SYSTEMPATH/CodeIgniter.php(368): CodeIgniter\CodeIgniter->handleRequest(null, Object(Config\Cache), false)
 4 FCPATH/index.php(67): CodeIgniter\CodeIgniter->run()
WARNING - 2024-04-14 15:53:08 --> [DEPRECATED] Creation of dynamic property App\Controllers\Data::$RoleGroupModel is deprecated in APPPATH/Controllers/Data.php on line 38.
 1 SYSTEMPATH/CodeIgniter.php(906): App\Controllers\Data->__construct()
 2 SYSTEMPATH/CodeIgniter.php(490): CodeIgniter\CodeIgniter->createController()
 3 SYSTEMPATH/CodeIgniter.php(368): CodeIgniter\CodeIgniter->handleRequest(null, Object(Config\Cache), false)
 4 FCPATH/index.php(67): CodeIgniter\CodeIgniter->run()
WARNING - 2024-04-14 15:53:08 --> [DEPRECATED] Creation of dynamic property App\Controllers\Data::$CostTypeModel is deprecated in APPPATH/Controllers/Data.php on line 39.
 1 SYSTEMPATH/CodeIgniter.php(906): App\Controllers\Data->__construct()
 2 SYSTEMPATH/CodeIgniter.php(490): CodeIgniter\CodeIgniter->createController()
 3 SYSTEMPATH/CodeIgniter.php(368): CodeIgniter\CodeIgniter->handleRequest(null, Object(Config\Cache), false)
 4 FCPATH/index.php(67): CodeIgniter\CodeIgniter->run()
INFO - 2024-04-14 15:53:17 --> Session: Class initialized using 'CodeIgniter\Session\Handlers\FileHandler' driver.
WARNING - 2024-04-14 15:53:17 --> [DEPRECATED] Creation of dynamic property App\Controllers\Data::$ProjectModel is deprecated in APPPATH/Controllers/Data.php on line 31.
 1 SYSTEMPATH/CodeIgniter.php(906): App\Controllers\Data->__construct()
 2 SYSTEMPATH/CodeIgniter.php(490): CodeIgniter\CodeIgniter->createController()
 3 SYSTEMPATH/CodeIgniter.php(368): CodeIgniter\CodeIgniter->handleRequest(null, Object(Config\Cache), false)
 4 FCPATH/index.php(67): CodeIgniter\CodeIgniter->run()
WARNING - 2024-04-14 15:53:17 --> [DEPRECATED] Creation of dynamic property App\Controllers\Data::$CompanyModel is deprecated in APPPATH/Controllers/Data.php on line 32.
 1 SYSTEMPATH/CodeIgniter.php(906): App\Controllers\Data->__construct()
 2 SYSTEMPATH/CodeIgniter.php(490): CodeIgniter\CodeIgniter->createController()
 3 SYSTEMPATH/CodeIgniter.php(368): CodeIgniter\CodeIgniter->handleRequest(null, Object(Config\Cache), false)
 4 FCPATH/index.php(67): CodeIgniter\CodeIgniter->run()
WARNING - 2024-04-14 15:53:17 --> [DEPRECATED] Creation of dynamic property App\Controllers\Data::$BusinessModel is deprecated in APPPATH/Controllers/Data.php on line 33.
 1 SYSTEMPATH/CodeIgniter.php(906): App\Controllers\Data->__construct()
 2 SYSTEMPATH/CodeIgniter.php(490): CodeIgniter\CodeIgniter->createController()
 3 SYSTEMPATH/CodeIgniter.php(368): CodeIgniter\CodeIgniter->handleRequest(null, Object(Config\Cache), false)
 4 FCPATH/index.php(67): CodeIgniter\CodeIgniter->run()
WARNING - 2024-04-14 15:53:17 --> [DEPRECATED] Creation of dynamic property App\Controllers\Data::$DepartmentModel is deprecated in APPPATH/Controllers/Data.php on line 34.
 1 SYSTEMPATH/CodeIgniter.php(906): App\Controllers\Data->__construct()
 2 SYSTEMPATH/CodeIgniter.php(490): CodeIgniter\CodeIgniter->createController()
 3 SYSTEMPATH/CodeIgniter.php(368): CodeIgniter\CodeIgniter->handleRequest(null, Object(Config\Cache), false)
 4 FCPATH/index.php(67): CodeIgniter\CodeIgniter->run()
WARNING - 2024-04-14 15:53:17 --> [DEPRECATED] Creation of dynamic property App\Controllers\Data::$EmployeeModel is deprecated in APPPATH/Controllers/Data.php on line 35.
 1 SYSTEMPATH/CodeIgniter.php(906): App\Controllers\Data->__construct()
 2 SYSTEMPATH/CodeIgniter.php(490): CodeIgniter\CodeIgniter->createController()
 3 SYSTEMPATH/CodeIgniter.php(368): CodeIgniter\CodeIgniter->handleRequest(null, Object(Config\Cache), false)
 4 FCPATH/index.php(67): CodeIgniter\CodeIgniter->run()
WARNING - 2024-04-14 15:53:17 --> [DEPRECATED] Creation of dynamic property App\Controllers\Data::$SystemModel is deprecated in APPPATH/Controllers/Data.php on line 36.
 1 SYSTEMPATH/CodeIgniter.php(906): App\Controllers\Data->__construct()
 2 SYSTEMPATH/CodeIgniter.php(490): CodeIgniter\CodeIgniter->createController()
 3 SYSTEMPATH/CodeIgniter.php(368): CodeIgniter\CodeIgniter->handleRequest(null, Object(Config\Cache), false)
 4 FCPATH/index.php(67): CodeIgniter\CodeIgniter->run()
WARNING - 2024-04-14 15:53:17 --> [DEPRECATED] Creation of dynamic property App\Controllers\Data::$JobTypeModel is deprecated in APPPATH/Controllers/Data.php on line 37.
 1 SYSTEMPATH/CodeIgniter.php(906): App\Controllers\Data->__construct()
 2 SYSTEMPATH/CodeIgniter.php(490): CodeIgniter\CodeIgniter->createController()
 3 SYSTEMPATH/CodeIgniter.php(368): CodeIgniter\CodeIgniter->handleRequest(null, Object(Config\Cache), false)
 4 FCPATH/index.php(67): CodeIgniter\CodeIgniter->run()
WARNING - 2024-04-14 15:53:17 --> [DEPRECATED] Creation of dynamic property App\Controllers\Data::$RoleGroupModel is deprecated in APPPATH/Controllers/Data.php on line 38.
 1 SYSTEMPATH/CodeIgniter.php(906): App\Controllers\Data->__construct()
 2 SYSTEMPATH/CodeIgniter.php(490): CodeIgniter\CodeIgniter->createController()
 3 SYSTEMPATH/CodeIgniter.php(368): CodeIgniter\CodeIgniter->handleRequest(null, Object(Config\Cache), false)
 4 FCPATH/index.php(67): CodeIgniter\CodeIgniter->run()
WARNING - 2024-04-14 15:53:17 --> [DEPRECATED] Creation of dynamic property App\Controllers\Data::$CostTypeModel is deprecated in APPPATH/Controllers/Data.php on line 39.
 1 SYSTEMPATH/CodeIgniter.php(906): App\Controllers\Data->__construct()
 2 SYSTEMPATH/CodeIgniter.php(490): CodeIgniter\CodeIgniter->createController()
 3 SYSTEMPATH/CodeIgniter.php(368): CodeIgniter\CodeIgniter->handleRequest(null, Object(Config\Cache), false)
 4 FCPATH/index.php(67): CodeIgniter\CodeIgniter->run()
INFO - 2024-04-14 15:53:26 --> Session: Class initialized using 'CodeIgniter\Session\Handlers\FileHandler' driver.
WARNING - 2024-04-14 15:53:26 --> [DEPRECATED] Creation of dynamic property App\Controllers\Data::$ProjectModel is deprecated in APPPATH/Controllers/Data.php on line 31.
 1 SYSTEMPATH/CodeIgniter.php(906): App\Controllers\Data->__construct()
 2 SYSTEMPATH/CodeIgniter.php(490): CodeIgniter\CodeIgniter->createController()
 3 SYSTEMPATH/CodeIgniter.php(368): CodeIgniter\CodeIgniter->handleRequest(null, Object(Config\Cache), false)
 4 FCPATH/index.php(67): CodeIgniter\CodeIgniter->run()
WARNING - 2024-04-14 15:53:26 --> [DEPRECATED] Creation of dynamic property App\Controllers\Data::$CompanyModel is deprecated in APPPATH/Controllers/Data.php on line 32.
 1 SYSTEMPATH/CodeIgniter.php(906): App\Controllers\Data->__construct()
 2 SYSTEMPATH/CodeIgniter.php(490): CodeIgniter\CodeIgniter->createController()
 3 SYSTEMPATH/CodeIgniter.php(368): CodeIgniter\CodeIgniter->handleRequest(null, Object(Config\Cache), false)
 4 FCPATH/index.php(67): CodeIgniter\CodeIgniter->run()
WARNING - 2024-04-14 15:53:26 --> [DEPRECATED] Creation of dynamic property App\Controllers\Data::$BusinessModel is deprecated in APPPATH/Controllers/Data.php on line 33.
 1 SYSTEMPATH/CodeIgniter.php(906): App\Controllers\Data->__construct()
 2 SYSTEMPATH/CodeIgniter.php(490): CodeIgniter\CodeIgniter->createController()
 3 SYSTEMPATH/CodeIgniter.php(368): CodeIgniter\CodeIgniter->handleRequest(null, Object(Config\Cache), false)
 4 FCPATH/index.php(67): CodeIgniter\CodeIgniter->run()
WARNING - 2024-04-14 15:53:26 --> [DEPRECATED] Creation of dynamic property App\Controllers\Data::$DepartmentModel is deprecated in APPPATH/Controllers/Data.php on line 34.
 1 SYSTEMPATH/CodeIgniter.php(906): App\Controllers\Data->__construct()
 2 SYSTEMPATH/CodeIgniter.php(490): CodeIgniter\CodeIgniter->createController()
 3 SYSTEMPATH/CodeIgniter.php(368): CodeIgniter\CodeIgniter->handleRequest(null, Object(Config\Cache), false)
 4 FCPATH/index.php(67): CodeIgniter\CodeIgniter->run()
WARNING - 2024-04-14 15:53:26 --> [DEPRECATED] Creation of dynamic property App\Controllers\Data::$EmployeeModel is deprecated in APPPATH/Controllers/Data.php on line 35.
 1 SYSTEMPATH/CodeIgniter.php(906): App\Controllers\Data->__construct()
 2 SYSTEMPATH/CodeIgniter.php(490): CodeIgniter\CodeIgniter->createController()
 3 SYSTEMPATH/CodeIgniter.php(368): CodeIgniter\CodeIgniter->handleRequest(null, Object(Config\Cache), false)
 4 FCPATH/index.php(67): CodeIgniter\CodeIgniter->run()
WARNING - 2024-04-14 15:53:26 --> [DEPRECATED] Creation of dynamic property App\Controllers\Data::$SystemModel is deprecated in APPPATH/Controllers/Data.php on line 36.
 1 SYSTEMPATH/CodeIgniter.php(906): App\Controllers\Data->__construct()
 2 SYSTEMPATH/CodeIgniter.php(490): CodeIgniter\CodeIgniter->createController()
 3 SYSTEMPATH/CodeIgniter.php(368): CodeIgniter\CodeIgniter->handleRequest(null, Object(Config\Cache), false)
 4 FCPATH/index.php(67): CodeIgniter\CodeIgniter->run()
WARNING - 2024-04-14 15:53:26 --> [DEPRECATED] Creation of dynamic property App\Controllers\Data::$JobTypeModel is deprecated in APPPATH/Controllers/Data.php on line 37.
 1 SYSTEMPATH/CodeIgniter.php(906): App\Controllers\Data->__construct()
 2 SYSTEMPATH/CodeIgniter.php(490): CodeIgniter\CodeIgniter->createController()
 3 SYSTEMPATH/CodeIgniter.php(368): CodeIgniter\CodeIgniter->handleRequest(null, Object(Config\Cache), false)
 4 FCPATH/index.php(67): CodeIgniter\CodeIgniter->run()
WARNING - 2024-04-14 15:53:26 --> [DEPRECATED] Creation of dynamic property App\Controllers\Data::$RoleGroupModel is deprecated in APPPATH/Controllers/Data.php on line 38.
 1 SYSTEMPATH/CodeIgniter.php(906): App\Controllers\Data->__construct()
 2 SYSTEMPATH/CodeIgniter.php(490): CodeIgniter\CodeIgniter->createController()
 3 SYSTEMPATH/CodeIgniter.php(368): CodeIgniter\CodeIgniter->handleRequest(null, Object(Config\Cache), false)
 4 FCPATH/index.php(67): CodeIgniter\CodeIgniter->run()
WARNING - 2024-04-14 15:53:26 --> [DEPRECATED] Creation of dynamic property App\Controllers\Data::$CostTypeModel is deprecated in APPPATH/Controllers/Data.php on line 39.
 1 SYSTEMPATH/CodeIgniter.php(906): App\Controllers\Data->__construct()
 2 SYSTEMPATH/CodeIgniter.php(490): CodeIgniter\CodeIgniter->createController()
 3 SYSTEMPATH/CodeIgniter.php(368): CodeIgniter\CodeIgniter->handleRequest(null, Object(Config\Cache), false)
 4 FCPATH/index.php(67): CodeIgniter\CodeIgniter->run()
INFO - 2024-04-14 15:53:35 --> Session: Class initialized using 'CodeIgniter\Session\Handlers\FileHandler' driver.
WARNING - 2024-04-14 15:53:35 --> [DEPRECATED] Creation of dynamic property App\Controllers\Data::$ProjectModel is deprecated in APPPATH/Controllers/Data.php on line 31.
 1 SYSTEMPATH/CodeIgniter.php(906): App\Controllers\Data->__construct()
 2 SYSTEMPATH/CodeIgniter.php(490): CodeIgniter\CodeIgniter->createController()
 3 SYSTEMPATH/CodeIgniter.php(368): CodeIgniter\CodeIgniter->handleRequest(null, Object(Config\Cache), false)
 4 FCPATH/index.php(67): CodeIgniter\CodeIgniter->run()
WARNING - 2024-04-14 15:53:35 --> [DEPRECATED] Creation of dynamic property App\Controllers\Data::$CompanyModel is deprecated in APPPATH/Controllers/Data.php on line 32.
 1 SYSTEMPATH/CodeIgniter.php(906): App\Controllers\Data->__construct()
 2 SYSTEMPATH/CodeIgniter.php(490): CodeIgniter\CodeIgniter->createController()
 3 SYSTEMPATH/CodeIgniter.php(368): CodeIgniter\CodeIgniter->handleRequest(null, Object(Config\Cache), false)
 4 FCPATH/index.php(67): CodeIgniter\CodeIgniter->run()
WARNING - 2024-04-14 15:53:35 --> [DEPRECATED] Creation of dynamic property App\Controllers\Data::$BusinessModel is deprecated in APPPATH/Controllers/Data.php on line 33.
 1 SYSTEMPATH/CodeIgniter.php(906): App\Controllers\Data->__construct()
 2 SYSTEMPATH/CodeIgniter.php(490): CodeIgniter\CodeIgniter->createController()
 3 SYSTEMPATH/CodeIgniter.php(368): CodeIgniter\CodeIgniter->handleRequest(null, Object(Config\Cache), false)
 4 FCPATH/index.php(67): CodeIgniter\CodeIgniter->run()
WARNING - 2024-04-14 15:53:35 --> [DEPRECATED] Creation of dynamic property App\Controllers\Data::$DepartmentModel is deprecated in APPPATH/Controllers/Data.php on line 34.
 1 SYSTEMPATH/CodeIgniter.php(906): App\Controllers\Data->__construct()
 2 SYSTEMPATH/CodeIgniter.php(490): CodeIgniter\CodeIgniter->createController()
 3 SYSTEMPATH/CodeIgniter.php(368): CodeIgniter\CodeIgniter->handleRequest(null, Object(Config\Cache), false)
 4 FCPATH/index.php(67): CodeIgniter\CodeIgniter->run()
WARNING - 2024-04-14 15:53:35 --> [DEPRECATED] Creation of dynamic property App\Controllers\Data::$EmployeeModel is deprecated in APPPATH/Controllers/Data.php on line 35.
 1 SYSTEMPATH/CodeIgniter.php(906): App\Controllers\Data->__construct()
 2 SYSTEMPATH/CodeIgniter.php(490): CodeIgniter\CodeIgniter->createController()
 3 SYSTEMPATH/CodeIgniter.php(368): CodeIgniter\CodeIgniter->handleRequest(null, Object(Config\Cache), false)
 4 FCPATH/index.php(67): CodeIgniter\CodeIgniter->run()
WARNING - 2024-04-14 15:53:35 --> [DEPRECATED] Creation of dynamic property App\Controllers\Data::$SystemModel is deprecated in APPPATH/Controllers/Data.php on line 36.
 1 SYSTEMPATH/CodeIgniter.php(906): App\Controllers\Data->__construct()
 2 SYSTEMPATH/CodeIgniter.php(490): CodeIgniter\CodeIgniter->createController()
 3 SYSTEMPATH/CodeIgniter.php(368): CodeIgniter\CodeIgniter->handleRequest(null, Object(Config\Cache), false)
 4 FCPATH/index.php(67): CodeIgniter\CodeIgniter->run()
WARNING - 2024-04-14 15:53:35 --> [DEPRECATED] Creation of dynamic property App\Controllers\Data::$JobTypeModel is deprecated in APPPATH/Controllers/Data.php on line 37.
 1 SYSTEMPATH/CodeIgniter.php(906): App\Controllers\Data->__construct()
 2 SYSTEMPATH/CodeIgniter.php(490): CodeIgniter\CodeIgniter->createController()
 3 SYSTEMPATH/CodeIgniter.php(368): CodeIgniter\CodeIgniter->handleRequest(null, Object(Config\Cache), false)
 4 FCPATH/index.php(67): CodeIgniter\CodeIgniter->run()
WARNING - 2024-04-14 15:53:35 --> [DEPRECATED] Creation of dynamic property App\Controllers\Data::$RoleGroupModel is deprecated in APPPATH/Controllers/Data.php on line 38.
 1 SYSTEMPATH/CodeIgniter.php(906): App\Controllers\Data->__construct()
 2 SYSTEMPATH/CodeIgniter.php(490): CodeIgniter\CodeIgniter->createController()
 3 SYSTEMPATH/CodeIgniter.php(368): CodeIgniter\CodeIgniter->handleRequest(null, Object(Config\Cache), false)
 4 FCPATH/index.php(67): CodeIgniter\CodeIgniter->run()
WARNING - 2024-04-14 15:53:35 --> [DEPRECATED] Creation of dynamic property App\Controllers\Data::$CostTypeModel is deprecated in APPPATH/Controllers/Data.php on line 39.
 1 SYSTEMPATH/CodeIgniter.php(906): App\Controllers\Data->__construct()
 2 SYSTEMPATH/CodeIgniter.php(490): CodeIgniter\CodeIgniter->createController()
 3 SYSTEMPATH/CodeIgniter.php(368): CodeIgniter\CodeIgniter->handleRequest(null, Object(Config\Cache), false)
 4 FCPATH/index.php(67): CodeIgniter\CodeIgniter->run()
INFO - 2024-04-14 15:53:44 --> Session: Class initialized using 'CodeIgniter\Session\Handlers\FileHandler' driver.
WARNING - 2024-04-14 15:53:44 --> [DEPRECATED] Creation of dynamic property App\Controllers\Data::$ProjectModel is deprecated in APPPATH/Controllers/Data.php on line 31.
 1 SYSTEMPATH/CodeIgniter.php(906): App\Controllers\Data->__construct()
 2 SYSTEMPATH/CodeIgniter.php(490): CodeIgniter\CodeIgniter->createController()
 3 SYSTEMPATH/CodeIgniter.php(368): CodeIgniter\CodeIgniter->handleRequest(null, Object(Config\Cache), false)
 4 FCPATH/index.php(67): CodeIgniter\CodeIgniter->run()
WARNING - 2024-04-14 15:53:44 --> [DEPRECATED] Creation of dynamic property App\Controllers\Data::$CompanyModel is deprecated in APPPATH/Controllers/Data.php on line 32.
 1 SYSTEMPATH/CodeIgniter.php(906): App\Controllers\Data->__construct()
 2 SYSTEMPATH/CodeIgniter.php(490): CodeIgniter\CodeIgniter->createController()
 3 SYSTEMPATH/CodeIgniter.php(368): CodeIgniter\CodeIgniter->handleRequest(null, Object(Config\Cache), false)
 4 FCPATH/index.php(67): CodeIgniter\CodeIgniter->run()
WARNING - 2024-04-14 15:53:44 --> [DEPRECATED] Creation of dynamic property App\Controllers\Data::$BusinessModel is deprecated in APPPATH/Controllers/Data.php on line 33.
 1 SYSTEMPATH/CodeIgniter.php(906): App\Controllers\Data->__construct()
 2 SYSTEMPATH/CodeIgniter.php(490): CodeIgniter\CodeIgniter->createController()
 3 SYSTEMPATH/CodeIgniter.php(368): CodeIgniter\CodeIgniter->handleRequest(null, Object(Config\Cache), false)
 4 FCPATH/index.php(67): CodeIgniter\CodeIgniter->run()
WARNING - 2024-04-14 15:53:44 --> [DEPRECATED] Creation of dynamic property App\Controllers\Data::$DepartmentModel is deprecated in APPPATH/Controllers/Data.php on line 34.
 1 SYSTEMPATH/CodeIgniter.php(906): App\Controllers\Data->__construct()
 2 SYSTEMPATH/CodeIgniter.php(490): CodeIgniter\CodeIgniter->createController()
 3 SYSTEMPATH/CodeIgniter.php(368): CodeIgniter\CodeIgniter->handleRequest(null, Object(Config\Cache), false)
 4 FCPATH/index.php(67): CodeIgniter\CodeIgniter->run()
WARNING - 2024-04-14 15:53:44 --> [DEPRECATED] Creation of dynamic property App\Controllers\Data::$EmployeeModel is deprecated in APPPATH/Controllers/Data.php on line 35.
 1 SYSTEMPATH/CodeIgniter.php(906): App\Controllers\Data->__construct()
 2 SYSTEMPATH/CodeIgniter.php(490): CodeIgniter\CodeIgniter->createController()
 3 SYSTEMPATH/CodeIgniter.php(368): CodeIgniter\CodeIgniter->handleRequest(null, Object(Config\Cache), false)
 4 FCPATH/index.php(67): CodeIgniter\CodeIgniter->run()
WARNING - 2024-04-14 15:53:44 --> [DEPRECATED] Creation of dynamic property App\Controllers\Data::$SystemModel is deprecated in APPPATH/Controllers/Data.php on line 36.
 1 SYSTEMPATH/CodeIgniter.php(906): App\Controllers\Data->__construct()
 2 SYSTEMPATH/CodeIgniter.php(490): CodeIgniter\CodeIgniter->createController()
 3 SYSTEMPATH/CodeIgniter.php(368): CodeIgniter\CodeIgniter->handleRequest(null, Object(Config\Cache), false)
 4 FCPATH/index.php(67): CodeIgniter\CodeIgniter->run()
WARNING - 2024-04-14 15:53:44 --> [DEPRECATED] Creation of dynamic property App\Controllers\Data::$JobTypeModel is deprecated in APPPATH/Controllers/Data.php on line 37.
 1 SYSTEMPATH/CodeIgniter.php(906): App\Controllers\Data->__construct()
 2 SYSTEMPATH/CodeIgniter.php(490): CodeIgniter\CodeIgniter->createController()
 3 SYSTEMPATH/CodeIgniter.php(368): CodeIgniter\CodeIgniter->handleRequest(null, Object(Config\Cache), false)
 4 FCPATH/index.php(67): CodeIgniter\CodeIgniter->run()
WARNING - 2024-04-14 15:53:44 --> [DEPRECATED] Creation of dynamic property App\Controllers\Data::$RoleGroupModel is deprecated in APPPATH/Controllers/Data.php on line 38.
 1 SYSTEMPATH/CodeIgniter.php(906): App\Controllers\Data->__construct()
 2 SYSTEMPATH/CodeIgniter.php(490): CodeIgniter\CodeIgniter->createController()
 3 SYSTEMPATH/CodeIgniter.php(368): CodeIgniter\CodeIgniter->handleRequest(null, Object(Config\Cache), false)
 4 FCPATH/index.php(67): CodeIgniter\CodeIgniter->run()
WARNING - 2024-04-14 15:53:44 --> [DEPRECATED] Creation of dynamic property App\Controllers\Data::$CostTypeModel is deprecated in APPPATH/Controllers/Data.php on line 39.
 1 SYSTEMPATH/CodeIgniter.php(906): App\Controllers\Data->__construct()
 2 SYSTEMPATH/CodeIgniter.php(490): CodeIgniter\CodeIgniter->createController()
 3 SYSTEMPATH/CodeIgniter.php(368): CodeIgniter\CodeIgniter->handleRequest(null, Object(Config\Cache), false)
 4 FCPATH/index.php(67): CodeIgniter\CodeIgniter->run()
INFO - 2024-04-14 15:53:53 --> Session: Class initialized using 'CodeIgniter\Session\Handlers\FileHandler' driver.
WARNING - 2024-04-14 15:53:53 --> [DEPRECATED] Creation of dynamic property App\Controllers\Data::$ProjectModel is deprecated in APPPATH/Controllers/Data.php on line 31.
 1 SYSTEMPATH/CodeIgniter.php(906): App\Controllers\Data->__construct()
 2 SYSTEMPATH/CodeIgniter.php(490): CodeIgniter\CodeIgniter->createController()
 3 SYSTEMPATH/CodeIgniter.php(368): CodeIgniter\CodeIgniter->handleRequest(null, Object(Config\Cache), false)
 4 FCPATH/index.php(67): CodeIgniter\CodeIgniter->run()
WARNING - 2024-04-14 15:53:53 --> [DEPRECATED] Creation of dynamic property App\Controllers\Data::$CompanyModel is deprecated in APPPATH/Controllers/Data.php on line 32.
 1 SYSTEMPATH/CodeIgniter.php(906): App\Controllers\Data->__construct()
 2 SYSTEMPATH/CodeIgniter.php(490): CodeIgniter\CodeIgniter->createController()
 3 SYSTEMPATH/CodeIgniter.php(368): CodeIgniter\CodeIgniter->handleRequest(null, Object(Config\Cache), false)
 4 FCPATH/index.php(67): CodeIgniter\CodeIgniter->run()
WARNING - 2024-04-14 15:53:53 --> [DEPRECATED] Creation of dynamic property App\Controllers\Data::$BusinessModel is deprecated in APPPATH/Controllers/Data.php on line 33.
 1 SYSTEMPATH/CodeIgniter.php(906): App\Controllers\Data->__construct()
 2 SYSTEMPATH/CodeIgniter.php(490): CodeIgniter\CodeIgniter->createController()
 3 SYSTEMPATH/CodeIgniter.php(368): CodeIgniter\CodeIgniter->handleRequest(null, Object(Config\Cache), false)
 4 FCPATH/index.php(67): CodeIgniter\CodeIgniter->run()
WARNING - 2024-04-14 15:53:53 --> [DEPRECATED] Creation of dynamic property App\Controllers\Data::$DepartmentModel is deprecated in APPPATH/Controllers/Data.php on line 34.
 1 SYSTEMPATH/CodeIgniter.php(906): App\Controllers\Data->__construct()
 2 SYSTEMPATH/CodeIgniter.php(490): CodeIgniter\CodeIgniter->createController()
 3 SYSTEMPATH/CodeIgniter.php(368): CodeIgniter\CodeIgniter->handleRequest(null, Object(Config\Cache), false)
 4 FCPATH/index.php(67): CodeIgniter\CodeIgniter->run()
WARNING - 2024-04-14 15:53:53 --> [DEPRECATED] Creation of dynamic property App\Controllers\Data::$EmployeeModel is deprecated in APPPATH/Controllers/Data.php on line 35.
 1 SYSTEMPATH/CodeIgniter.php(906): App\Controllers\Data->__construct()
 2 SYSTEMPATH/CodeIgniter.php(490): CodeIgniter\CodeIgniter->createController()
 3 SYSTEMPATH/CodeIgniter.php(368): CodeIgniter\CodeIgniter->handleRequest(null, Object(Config\Cache), false)
 4 FCPATH/index.php(67): CodeIgniter\CodeIgniter->run()
WARNING - 2024-04-14 15:53:53 --> [DEPRECATED] Creation of dynamic property App\Controllers\Data::$SystemModel is deprecated in APPPATH/Controllers/Data.php on line 36.
 1 SYSTEMPATH/CodeIgniter.php(906): App\Controllers\Data->__construct()
 2 SYSTEMPATH/CodeIgniter.php(490): CodeIgniter\CodeIgniter->createController()
 3 SYSTEMPATH/CodeIgniter.php(368): CodeIgniter\CodeIgniter->handleRequest(null, Object(Config\Cache), false)
 4 FCPATH/index.php(67): CodeIgniter\CodeIgniter->run()
WARNING - 2024-04-14 15:53:53 --> [DEPRECATED] Creation of dynamic property App\Controllers\Data::$JobTypeModel is deprecated in APPPATH/Controllers/Data.php on line 37.
 1 SYSTEMPATH/CodeIgniter.php(906): App\Controllers\Data->__construct()
 2 SYSTEMPATH/CodeIgniter.php(490): CodeIgniter\CodeIgniter->createController()
 3 SYSTEMPATH/CodeIgniter.php(368): CodeIgniter\CodeIgniter->handleRequest(null, Object(Config\Cache), false)
 4 FCPATH/index.php(67): CodeIgniter\CodeIgniter->run()
WARNING - 2024-04-14 15:53:53 --> [DEPRECATED] Creation of dynamic property App\Controllers\Data::$RoleGroupModel is deprecated in APPPATH/Controllers/Data.php on line 38.
 1 SYSTEMPATH/CodeIgniter.php(906): App\Controllers\Data->__construct()
 2 SYSTEMPATH/CodeIgniter.php(490): CodeIgniter\CodeIgniter->createController()
 3 SYSTEMPATH/CodeIgniter.php(368): CodeIgniter\CodeIgniter->handleRequest(null, Object(Config\Cache), false)
 4 FCPATH/index.php(67): CodeIgniter\CodeIgniter->run()
WARNING - 2024-04-14 15:53:53 --> [DEPRECATED] Creation of dynamic property App\Controllers\Data::$CostTypeModel is deprecated in APPPATH/Controllers/Data.php on line 39.
 1 SYSTEMPATH/CodeIgniter.php(906): App\Controllers\Data->__construct()
 2 SYSTEMPATH/CodeIgniter.php(490): CodeIgniter\CodeIgniter->createController()
 3 SYSTEMPATH/CodeIgniter.php(368): CodeIgniter\CodeIgniter->handleRequest(null, Object(Config\Cache), false)
 4 FCPATH/index.php(67): CodeIgniter\CodeIgniter->run()
INFO - 2024-04-14 15:54:02 --> Session: Class initialized using 'CodeIgniter\Session\Handlers\FileHandler' driver.
WARNING - 2024-04-14 15:54:02 --> [DEPRECATED] Creation of dynamic property App\Controllers\Data::$ProjectModel is deprecated in APPPATH/Controllers/Data.php on line 31.
 1 SYSTEMPATH/CodeIgniter.php(906): App\Controllers\Data->__construct()
 2 SYSTEMPATH/CodeIgniter.php(490): CodeIgniter\CodeIgniter->createController()
 3 SYSTEMPATH/CodeIgniter.php(368): CodeIgniter\CodeIgniter->handleRequest(null, Object(Config\Cache), false)
 4 FCPATH/index.php(67): CodeIgniter\CodeIgniter->run()
WARNING - 2024-04-14 15:54:02 --> [DEPRECATED] Creation of dynamic property App\Controllers\Data::$CompanyModel is deprecated in APPPATH/Controllers/Data.php on line 32.
 1 SYSTEMPATH/CodeIgniter.php(906): App\Controllers\Data->__construct()
 2 SYSTEMPATH/CodeIgniter.php(490): CodeIgniter\CodeIgniter->createController()
 3 SYSTEMPATH/CodeIgniter.php(368): CodeIgniter\CodeIgniter->handleRequest(null, Object(Config\Cache), false)
 4 FCPATH/index.php(67): CodeIgniter\CodeIgniter->run()
WARNING - 2024-04-14 15:54:02 --> [DEPRECATED] Creation of dynamic property App\Controllers\Data::$BusinessModel is deprecated in APPPATH/Controllers/Data.php on line 33.
 1 SYSTEMPATH/CodeIgniter.php(906): App\Controllers\Data->__construct()
 2 SYSTEMPATH/CodeIgniter.php(490): CodeIgniter\CodeIgniter->createController()
 3 SYSTEMPATH/CodeIgniter.php(368): CodeIgniter\CodeIgniter->handleRequest(null, Object(Config\Cache), false)
 4 FCPATH/index.php(67): CodeIgniter\CodeIgniter->run()
WARNING - 2024-04-14 15:54:02 --> [DEPRECATED] Creation of dynamic property App\Controllers\Data::$DepartmentModel is deprecated in APPPATH/Controllers/Data.php on line 34.
 1 SYSTEMPATH/CodeIgniter.php(906): App\Controllers\Data->__construct()
 2 SYSTEMPATH/CodeIgniter.php(490): CodeIgniter\CodeIgniter->createController()
 3 SYSTEMPATH/CodeIgniter.php(368): CodeIgniter\CodeIgniter->handleRequest(null, Object(Config\Cache), false)
 4 FCPATH/index.php(67): CodeIgniter\CodeIgniter->run()
WARNING - 2024-04-14 15:54:02 --> [DEPRECATED] Creation of dynamic property App\Controllers\Data::$EmployeeModel is deprecated in APPPATH/Controllers/Data.php on line 35.
 1 SYSTEMPATH/CodeIgniter.php(906): App\Controllers\Data->__construct()
 2 SYSTEMPATH/CodeIgniter.php(490): CodeIgniter\CodeIgniter->createController()
 3 SYSTEMPATH/CodeIgniter.php(368): CodeIgniter\CodeIgniter->handleRequest(null, Object(Config\Cache), false)
 4 FCPATH/index.php(67): CodeIgniter\CodeIgniter->run()
WARNING - 2024-04-14 15:54:02 --> [DEPRECATED] Creation of dynamic property App\Controllers\Data::$SystemModel is deprecated in APPPATH/Controllers/Data.php on line 36.
 1 SYSTEMPATH/CodeIgniter.php(906): App\Controllers\Data->__construct()
 2 SYSTEMPATH/CodeIgniter.php(490): CodeIgniter\CodeIgniter->createController()
 3 SYSTEMPATH/CodeIgniter.php(368): CodeIgniter\CodeIgniter->handleRequest(null, Object(Config\Cache), false)
 4 FCPATH/index.php(67): CodeIgniter\CodeIgniter->run()
WARNING - 2024-04-14 15:54:02 --> [DEPRECATED] Creation of dynamic property App\Controllers\Data::$JobTypeModel is deprecated in APPPATH/Controllers/Data.php on line 37.
 1 SYSTEMPATH/CodeIgniter.php(906): App\Controllers\Data->__construct()
 2 SYSTEMPATH/CodeIgniter.php(490): CodeIgniter\CodeIgniter->createController()
 3 SYSTEMPATH/CodeIgniter.php(368): CodeIgniter\CodeIgniter->handleRequest(null, Object(Config\Cache), false)
 4 FCPATH/index.php(67): CodeIgniter\CodeIgniter->run()
WARNING - 2024-04-14 15:54:02 --> [DEPRECATED] Creation of dynamic property App\Controllers\Data::$RoleGroupModel is deprecated in APPPATH/Controllers/Data.php on line 38.
 1 SYSTEMPATH/CodeIgniter.php(906): App\Controllers\Data->__construct()
 2 SYSTEMPATH/CodeIgniter.php(490): CodeIgniter\CodeIgniter->createController()
 3 SYSTEMPATH/CodeIgniter.php(368): CodeIgniter\CodeIgniter->handleRequest(null, Object(Config\Cache), false)
 4 FCPATH/index.php(67): CodeIgniter\CodeIgniter->run()
WARNING - 2024-04-14 15:54:02 --> [DEPRECATED] Creation of dynamic property App\Controllers\Data::$CostTypeModel is deprecated in APPPATH/Controllers/Data.php on line 39.
 1 SYSTEMPATH/CodeIgniter.php(906): App\Controllers\Data->__construct()
 2 SYSTEMPATH/CodeIgniter.php(490): CodeIgniter\CodeIgniter->createController()
 3 SYSTEMPATH/CodeIgniter.php(368): CodeIgniter\CodeIgniter->handleRequest(null, Object(Config\Cache), false)
 4 FCPATH/index.php(67): CodeIgniter\CodeIgniter->run()
INFO - 2024-04-14 15:54:12 --> Session: Class initialized using 'CodeIgniter\Session\Handlers\FileHandler' driver.
WARNING - 2024-04-14 15:54:12 --> [DEPRECATED] Creation of dynamic property App\Controllers\Data::$ProjectModel is deprecated in APPPATH/Controllers/Data.php on line 31.
 1 SYSTEMPATH/CodeIgniter.php(906): App\Controllers\Data->__construct()
 2 SYSTEMPATH/CodeIgniter.php(490): CodeIgniter\CodeIgniter->createController()
 3 SYSTEMPATH/CodeIgniter.php(368): CodeIgniter\CodeIgniter->handleRequest(null, Object(Config\Cache), false)
 4 FCPATH/index.php(67): CodeIgniter\CodeIgniter->run()
WARNING - 2024-04-14 15:54:12 --> [DEPRECATED] Creation of dynamic property App\Controllers\Data::$CompanyModel is deprecated in APPPATH/Controllers/Data.php on line 32.
 1 SYSTEMPATH/CodeIgniter.php(906): App\Controllers\Data->__construct()
 2 SYSTEMPATH/CodeIgniter.php(490): CodeIgniter\CodeIgniter->createController()
 3 SYSTEMPATH/CodeIgniter.php(368): CodeIgniter\CodeIgniter->handleRequest(null, Object(Config\Cache), false)
 4 FCPATH/index.php(67): CodeIgniter\CodeIgniter->run()
WARNING - 2024-04-14 15:54:12 --> [DEPRECATED] Creation of dynamic property App\Controllers\Data::$BusinessModel is deprecated in APPPATH/Controllers/Data.php on line 33.
 1 SYSTEMPATH/CodeIgniter.php(906): App\Controllers\Data->__construct()
 2 SYSTEMPATH/CodeIgniter.php(490): CodeIgniter\CodeIgniter->createController()
 3 SYSTEMPATH/CodeIgniter.php(368): CodeIgniter\CodeIgniter->handleRequest(null, Object(Config\Cache), false)
 4 FCPATH/index.php(67): CodeIgniter\CodeIgniter->run()
WARNING - 2024-04-14 15:54:12 --> [DEPRECATED] Creation of dynamic property App\Controllers\Data::$DepartmentModel is deprecated in APPPATH/Controllers/Data.php on line 34.
 1 SYSTEMPATH/CodeIgniter.php(906): App\Controllers\Data->__construct()
 2 SYSTEMPATH/CodeIgniter.php(490): CodeIgniter\CodeIgniter->createController()
 3 SYSTEMPATH/CodeIgniter.php(368): CodeIgniter\CodeIgniter->handleRequest(null, Object(Config\Cache), false)
 4 FCPATH/index.php(67): CodeIgniter\CodeIgniter->run()
WARNING - 2024-04-14 15:54:12 --> [DEPRECATED] Creation of dynamic property App\Controllers\Data::$EmployeeModel is deprecated in APPPATH/Controllers/Data.php on line 35.
 1 SYSTEMPATH/CodeIgniter.php(906): App\Controllers\Data->__construct()
 2 SYSTEMPATH/CodeIgniter.php(490): CodeIgniter\CodeIgniter->createController()
 3 SYSTEMPATH/CodeIgniter.php(368): CodeIgniter\CodeIgniter->handleRequest(null, Object(Config\Cache), false)
 4 FCPATH/index.php(67): CodeIgniter\CodeIgniter->run()
WARNING - 2024-04-14 15:54:12 --> [DEPRECATED] Creation of dynamic property App\Controllers\Data::$SystemModel is deprecated in APPPATH/Controllers/Data.php on line 36.
 1 SYSTEMPATH/CodeIgniter.php(906): App\Controllers\Data->__construct()
 2 SYSTEMPATH/CodeIgniter.php(490): CodeIgniter\CodeIgniter->createController()
 3 SYSTEMPATH/CodeIgniter.php(368): CodeIgniter\CodeIgniter->handleRequest(null, Object(Config\Cache), false)
 4 FCPATH/index.php(67): CodeIgniter\CodeIgniter->run()
WARNING - 2024-04-14 15:54:12 --> [DEPRECATED] Creation of dynamic property App\Controllers\Data::$JobTypeModel is deprecated in APPPATH/Controllers/Data.php on line 37.
 1 SYSTEMPATH/CodeIgniter.php(906): App\Controllers\Data->__construct()
 2 SYSTEMPATH/CodeIgniter.php(490): CodeIgniter\CodeIgniter->createController()
 3 SYSTEMPATH/CodeIgniter.php(368): CodeIgniter\CodeIgniter->handleRequest(null, Object(Config\Cache), false)
 4 FCPATH/index.php(67): CodeIgniter\CodeIgniter->run()
WARNING - 2024-04-14 15:54:12 --> [DEPRECATED] Creation of dynamic property App\Controllers\Data::$RoleGroupModel is deprecated in APPPATH/Controllers/Data.php on line 38.
 1 SYSTEMPATH/CodeIgniter.php(906): App\Controllers\Data->__construct()
 2 SYSTEMPATH/CodeIgniter.php(490): CodeIgniter\CodeIgniter->createController()
 3 SYSTEMPATH/CodeIgniter.php(368): CodeIgniter\CodeIgniter->handleRequest(null, Object(Config\Cache), false)
 4 FCPATH/index.php(67): CodeIgniter\CodeIgniter->run()
WARNING - 2024-04-14 15:54:12 --> [DEPRECATED] Creation of dynamic property App\Controllers\Data::$CostTypeModel is deprecated in APPPATH/Controllers/Data.php on line 39.
 1 SYSTEMPATH/CodeIgniter.php(906): App\Controllers\Data->__construct()
 2 SYSTEMPATH/CodeIgniter.php(490): CodeIgniter\CodeIgniter->createController()
 3 SYSTEMPATH/CodeIgniter.php(368): CodeIgniter\CodeIgniter->handleRequest(null, Object(Config\Cache), false)
 4 FCPATH/index.php(67): CodeIgniter\CodeIgniter->run()
INFO - 2024-04-14 15:54:22 --> Session: Class initialized using 'CodeIgniter\Session\Handlers\FileHandler' driver.
WARNING - 2024-04-14 15:54:22 --> [DEPRECATED] Creation of dynamic property App\Controllers\Data::$ProjectModel is deprecated in APPPATH/Controllers/Data.php on line 31.
 1 SYSTEMPATH/CodeIgniter.php(906): App\Controllers\Data->__construct()
 2 SYSTEMPATH/CodeIgniter.php(490): CodeIgniter\CodeIgniter->createController()
 3 SYSTEMPATH/CodeIgniter.php(368): CodeIgniter\CodeIgniter->handleRequest(null, Object(Config\Cache), false)
 4 FCPATH/index.php(67): CodeIgniter\CodeIgniter->run()
WARNING - 2024-04-14 15:54:22 --> [DEPRECATED] Creation of dynamic property App\Controllers\Data::$CompanyModel is deprecated in APPPATH/Controllers/Data.php on line 32.
 1 SYSTEMPATH/CodeIgniter.php(906): App\Controllers\Data->__construct()
 2 SYSTEMPATH/CodeIgniter.php(490): CodeIgniter\CodeIgniter->createController()
 3 SYSTEMPATH/CodeIgniter.php(368): CodeIgniter\CodeIgniter->handleRequest(null, Object(Config\Cache), false)
 4 FCPATH/index.php(67): CodeIgniter\CodeIgniter->run()
WARNING - 2024-04-14 15:54:22 --> [DEPRECATED] Creation of dynamic property App\Controllers\Data::$BusinessModel is deprecated in APPPATH/Controllers/Data.php on line 33.
 1 SYSTEMPATH/CodeIgniter.php(906): App\Controllers\Data->__construct()
 2 SYSTEMPATH/CodeIgniter.php(490): CodeIgniter\CodeIgniter->createController()
 3 SYSTEMPATH/CodeIgniter.php(368): CodeIgniter\CodeIgniter->handleRequest(null, Object(Config\Cache), false)
 4 FCPATH/index.php(67): CodeIgniter\CodeIgniter->run()
WARNING - 2024-04-14 15:54:22 --> [DEPRECATED] Creation of dynamic property App\Controllers\Data::$DepartmentModel is deprecated in APPPATH/Controllers/Data.php on line 34.
 1 SYSTEMPATH/CodeIgniter.php(906): App\Controllers\Data->__construct()
 2 SYSTEMPATH/CodeIgniter.php(490): CodeIgniter\CodeIgniter->createController()
 3 SYSTEMPATH/CodeIgniter.php(368): CodeIgniter\CodeIgniter->handleRequest(null, Object(Config\Cache), false)
 4 FCPATH/index.php(67): CodeIgniter\CodeIgniter->run()
WARNING - 2024-04-14 15:54:22 --> [DEPRECATED] Creation of dynamic property App\Controllers\Data::$EmployeeModel is deprecated in APPPATH/Controllers/Data.php on line 35.
 1 SYSTEMPATH/CodeIgniter.php(906): App\Controllers\Data->__construct()
 2 SYSTEMPATH/CodeIgniter.php(490): CodeIgniter\CodeIgniter->createController()
 3 SYSTEMPATH/CodeIgniter.php(368): CodeIgniter\CodeIgniter->handleRequest(null, Object(Config\Cache), false)
 4 FCPATH/index.php(67): CodeIgniter\CodeIgniter->run()
WARNING - 2024-04-14 15:54:22 --> [DEPRECATED] Creation of dynamic property App\Controllers\Data::$SystemModel is deprecated in APPPATH/Controllers/Data.php on line 36.
 1 SYSTEMPATH/CodeIgniter.php(906): App\Controllers\Data->__construct()
 2 SYSTEMPATH/CodeIgniter.php(490): CodeIgniter\CodeIgniter->createController()
 3 SYSTEMPATH/CodeIgniter.php(368): CodeIgniter\CodeIgniter->handleRequest(null, Object(Config\Cache), false)
 4 FCPATH/index.php(67): CodeIgniter\CodeIgniter->run()
WARNING - 2024-04-14 15:54:22 --> [DEPRECATED] Creation of dynamic property App\Controllers\Data::$JobTypeModel is deprecated in APPPATH/Controllers/Data.php on line 37.
 1 SYSTEMPATH/CodeIgniter.php(906): App\Controllers\Data->__construct()
 2 SYSTEMPATH/CodeIgniter.php(490): CodeIgniter\CodeIgniter->createController()
 3 SYSTEMPATH/CodeIgniter.php(368): CodeIgniter\CodeIgniter->handleRequest(null, Object(Config\Cache), false)
 4 FCPATH/index.php(67): CodeIgniter\CodeIgniter->run()
WARNING - 2024-04-14 15:54:22 --> [DEPRECATED] Creation of dynamic property App\Controllers\Data::$RoleGroupModel is deprecated in APPPATH/Controllers/Data.php on line 38.
 1 SYSTEMPATH/CodeIgniter.php(906): App\Controllers\Data->__construct()
 2 SYSTEMPATH/CodeIgniter.php(490): CodeIgniter\CodeIgniter->createController()
 3 SYSTEMPATH/CodeIgniter.php(368): CodeIgniter\CodeIgniter->handleRequest(null, Object(Config\Cache), false)
 4 FCPATH/index.php(67): CodeIgniter\CodeIgniter->run()
WARNING - 2024-04-14 15:54:22 --> [DEPRECATED] Creation of dynamic property App\Controllers\Data::$CostTypeModel is deprecated in APPPATH/Controllers/Data.php on line 39.
 1 SYSTEMPATH/CodeIgniter.php(906): App\Controllers\Data->__construct()
 2 SYSTEMPATH/CodeIgniter.php(490): CodeIgniter\CodeIgniter->createController()
 3 SYSTEMPATH/CodeIgniter.php(368): CodeIgniter\CodeIgniter->handleRequest(null, Object(Config\Cache), false)
 4 FCPATH/index.php(67): CodeIgniter\CodeIgniter->run()
INFO - 2024-04-14 15:54:39 --> Session: Class initialized using 'CodeIgniter\Session\Handlers\FileHandler' driver.
WARNING - 2024-04-14 15:54:39 --> [DEPRECATED] Creation of dynamic property App\Controllers\Data::$ProjectModel is deprecated in APPPATH/Controllers/Data.php on line 31.
 1 SYSTEMPATH/CodeIgniter.php(906): App\Controllers\Data->__construct()
 2 SYSTEMPATH/CodeIgniter.php(490): CodeIgniter\CodeIgniter->createController()
 3 SYSTEMPATH/CodeIgniter.php(368): CodeIgniter\CodeIgniter->handleRequest(null, Object(Config\Cache), false)
 4 FCPATH/index.php(67): CodeIgniter\CodeIgniter->run()
WARNING - 2024-04-14 15:54:39 --> [DEPRECATED] Creation of dynamic property App\Controllers\Data::$CompanyModel is deprecated in APPPATH/Controllers/Data.php on line 32.
 1 SYSTEMPATH/CodeIgniter.php(906): App\Controllers\Data->__construct()
 2 SYSTEMPATH/CodeIgniter.php(490): CodeIgniter\CodeIgniter->createController()
 3 SYSTEMPATH/CodeIgniter.php(368): CodeIgniter\CodeIgniter->handleRequest(null, Object(Config\Cache), false)
 4 FCPATH/index.php(67): CodeIgniter\CodeIgniter->run()
WARNING - 2024-04-14 15:54:39 --> [DEPRECATED] Creation of dynamic property App\Controllers\Data::$BusinessModel is deprecated in APPPATH/Controllers/Data.php on line 33.
 1 SYSTEMPATH/CodeIgniter.php(906): App\Controllers\Data->__construct()
 2 SYSTEMPATH/CodeIgniter.php(490): CodeIgniter\CodeIgniter->createController()
 3 SYSTEMPATH/CodeIgniter.php(368): CodeIgniter\CodeIgniter->handleRequest(null, Object(Config\Cache), false)
 4 FCPATH/index.php(67): CodeIgniter\CodeIgniter->run()
WARNING - 2024-04-14 15:54:39 --> [DEPRECATED] Creation of dynamic property App\Controllers\Data::$DepartmentModel is deprecated in APPPATH/Controllers/Data.php on line 34.
 1 SYSTEMPATH/CodeIgniter.php(906): App\Controllers\Data->__construct()
 2 SYSTEMPATH/CodeIgniter.php(490): CodeIgniter\CodeIgniter->createController()
 3 SYSTEMPATH/CodeIgniter.php(368): CodeIgniter\CodeIgniter->handleRequest(null, Object(Config\Cache), false)
 4 FCPATH/index.php(67): CodeIgniter\CodeIgniter->run()
WARNING - 2024-04-14 15:54:39 --> [DEPRECATED] Creation of dynamic property App\Controllers\Data::$EmployeeModel is deprecated in APPPATH/Controllers/Data.php on line 35.
 1 SYSTEMPATH/CodeIgniter.php(906): App\Controllers\Data->__construct()
 2 SYSTEMPATH/CodeIgniter.php(490): CodeIgniter\CodeIgniter->createController()
 3 SYSTEMPATH/CodeIgniter.php(368): CodeIgniter\CodeIgniter->handleRequest(null, Object(Config\Cache), false)
 4 FCPATH/index.php(67): CodeIgniter\CodeIgniter->run()
WARNING - 2024-04-14 15:54:39 --> [DEPRECATED] Creation of dynamic property App\Controllers\Data::$SystemModel is deprecated in APPPATH/Controllers/Data.php on line 36.
 1 SYSTEMPATH/CodeIgniter.php(906): App\Controllers\Data->__construct()
 2 SYSTEMPATH/CodeIgniter.php(490): CodeIgniter\CodeIgniter->createController()
 3 SYSTEMPATH/CodeIgniter.php(368): CodeIgniter\CodeIgniter->handleRequest(null, Object(Config\Cache), false)
 4 FCPATH/index.php(67): CodeIgniter\CodeIgniter->run()
WARNING - 2024-04-14 15:54:39 --> [DEPRECATED] Creation of dynamic property App\Controllers\Data::$JobTypeModel is deprecated in APPPATH/Controllers/Data.php on line 37.
 1 SYSTEMPATH/CodeIgniter.php(906): App\Controllers\Data->__construct()
 2 SYSTEMPATH/CodeIgniter.php(490): CodeIgniter\CodeIgniter->createController()
 3 SYSTEMPATH/CodeIgniter.php(368): CodeIgniter\CodeIgniter->handleRequest(null, Object(Config\Cache), false)
 4 FCPATH/index.php(67): CodeIgniter\CodeIgniter->run()
WARNING - 2024-04-14 15:54:39 --> [DEPRECATED] Creation of dynamic property App\Controllers\Data::$RoleGroupModel is deprecated in APPPATH/Controllers/Data.php on line 38.
 1 SYSTEMPATH/CodeIgniter.php(906): App\Controllers\Data->__construct()
 2 SYSTEMPATH/CodeIgniter.php(490): CodeIgniter\CodeIgniter->createController()
 3 SYSTEMPATH/CodeIgniter.php(368): CodeIgniter\CodeIgniter->handleRequest(null, Object(Config\Cache), false)
 4 FCPATH/index.php(67): CodeIgniter\CodeIgniter->run()
WARNING - 2024-04-14 15:54:39 --> [DEPRECATED] Creation of dynamic property App\Controllers\Data::$CostTypeModel is deprecated in APPPATH/Controllers/Data.php on line 39.
 1 SYSTEMPATH/CodeIgniter.php(906): App\Controllers\Data->__construct()
 2 SYSTEMPATH/CodeIgniter.php(490): CodeIgniter\CodeIgniter->createController()
 3 SYSTEMPATH/CodeIgniter.php(368): CodeIgniter\CodeIgniter->handleRequest(null, Object(Config\Cache), false)
 4 FCPATH/index.php(67): CodeIgniter\CodeIgniter->run()
INFO - 2024-04-14 19:00:42 --> Session: Class initialized using 'CodeIgniter\Session\Handlers\FileHandler' driver.
WARNING - 2024-04-14 19:00:43 --> [DEPRECATED] Creation of dynamic property App\Controllers\Auth::$UserOnlineModel is deprecated in APPPATH/Controllers/Auth.php on line 11.
 1 SYSTEMPATH/CodeIgniter.php(906): App\Controllers\Auth->__construct()
 2 SYSTEMPATH/CodeIgniter.php(490): CodeIgniter\CodeIgniter->createController()
 3 SYSTEMPATH/CodeIgniter.php(368): CodeIgniter\CodeIgniter->handleRequest(null, Object(Config\Cache), false)
 4 FCPATH/index.php(67): CodeIgniter\CodeIgniter->run()
INFO - 2024-04-14 19:00:43 --> Session: Class initialized using 'CodeIgniter\Session\Handlers\FileHandler' driver.
INFO - 2024-04-14 20:52:31 --> Session: Class initialized using 'CodeIgniter\Session\Handlers\FileHandler' driver.
WARNING - 2024-04-14 20:52:32 --> [DEPRECATED] Creation of dynamic property App\Controllers\Auth::$UserOnlineModel is deprecated in APPPATH/Controllers/Auth.php on line 11.
 1 SYSTEMPATH/CodeIgniter.php(906): App\Controllers\Auth->__construct()
 2 SYSTEMPATH/CodeIgniter.php(490): CodeIgniter\CodeIgniter->createController()
 3 SYSTEMPATH/CodeIgniter.php(368): CodeIgniter\CodeIgniter->handleRequest(null, Object(Config\Cache), false)
 4 FCPATH/index.php(67): CodeIgniter\CodeIgniter->run()
INFO - 2024-04-14 20:52:32 --> Session: Class initialized using 'CodeIgniter\Session\Handlers\FileHandler' driver.
INFO - 2024-04-14 20:53:21 --> Session: Class initialized using 'CodeIgniter\Session\Handlers\FileHandler' driver.
WARNING - 2024-04-14 20:53:22 --> [DEPRECATED] Creation of dynamic property App\Controllers\Auth::$UserOnlineModel is deprecated in APPPATH/Controllers/Auth.php on line 11.
 1 SYSTEMPATH/CodeIgniter.php(906): App\Controllers\Auth->__construct()
 2 SYSTEMPATH/CodeIgniter.php(490): CodeIgniter\CodeIgniter->createController()
 3 SYSTEMPATH/CodeIgniter.php(368): CodeIgniter\CodeIgniter->handleRequest(null, Object(Config\Cache), false)
 4 FCPATH/index.php(67): CodeIgniter\CodeIgniter->run()
INFO - 2024-04-14 20:53:22 --> Session: Class initialized using 'CodeIgniter\Session\Handlers\FileHandler' driver.
INFO - 2024-04-14 20:54:23 --> Session: Class initialized using 'CodeIgniter\Session\Handlers\FileHandler' driver.
WARNING - 2024-04-14 20:54:24 --> [DEPRECATED] Creation of dynamic property App\Controllers\Auth::$UserOnlineModel is deprecated in APPPATH/Controllers/Auth.php on line 11.
 1 SYSTEMPATH/CodeIgniter.php(906): App\Controllers\Auth->__construct()
 2 SYSTEMPATH/CodeIgniter.php(490): CodeIgniter\CodeIgniter->createController()
 3 SYSTEMPATH/CodeIgniter.php(368): CodeIgniter\CodeIgniter->handleRequest(null, Object(Config\Cache), false)
 4 FCPATH/index.php(67): CodeIgniter\CodeIgniter->run()
INFO - 2024-04-14 20:54:24 --> Session: Class initialized using 'CodeIgniter\Session\Handlers\FileHandler' driver.
INFO - 2024-04-14 20:55:57 --> Session: Class initialized using 'CodeIgniter\Session\Handlers\FileHandler' driver.
WARNING - 2024-04-14 20:55:58 --> [DEPRECATED] Creation of dynamic property App\Controllers\Auth::$UserOnlineModel is deprecated in APPPATH/Controllers/Auth.php on line 11.
 1 SYSTEMPATH/CodeIgniter.php(906): App\Controllers\Auth->__construct()
 2 SYSTEMPATH/CodeIgniter.php(490): CodeIgniter\CodeIgniter->createController()
 3 SYSTEMPATH/CodeIgniter.php(368): CodeIgniter\CodeIgniter->handleRequest(null, Object(Config\Cache), false)
 4 FCPATH/index.php(67): CodeIgniter\CodeIgniter->run()
INFO - 2024-04-14 20:55:58 --> Session: Class initialized using 'CodeIgniter\Session\Handlers\FileHandler' driver.
INFO - 2024-04-14 20:59:37 --> Session: Class initialized using 'CodeIgniter\Session\Handlers\FileHandler' driver.
WARNING - 2024-04-14 20:59:37 --> [DEPRECATED] Creation of dynamic property App\Controllers\Auth::$UserOnlineModel is deprecated in APPPATH/Controllers/Auth.php on line 11.
 1 SYSTEMPATH/CodeIgniter.php(906): App\Controllers\Auth->__construct()
 2 SYSTEMPATH/CodeIgniter.php(490): CodeIgniter\CodeIgniter->createController()
 3 SYSTEMPATH/CodeIgniter.php(368): CodeIgniter\CodeIgniter->handleRequest(null, Object(Config\Cache), false)
 4 FCPATH/index.php(67): CodeIgniter\CodeIgniter->run()
INFO - 2024-04-14 20:59:37 --> Session: Class initialized using 'CodeIgniter\Session\Handlers\FileHandler' driver.
INFO - 2024-04-14 21:01:21 --> Session: Class initialized using 'CodeIgniter\Session\Handlers\FileHandler' driver.
WARNING - 2024-04-14 21:01:21 --> [DEPRECATED] Creation of dynamic property App\Controllers\Auth::$UserOnlineModel is deprecated in APPPATH/Controllers/Auth.php on line 11.
 1 SYSTEMPATH/CodeIgniter.php(906): App\Controllers\Auth->__construct()
 2 SYSTEMPATH/CodeIgniter.php(490): CodeIgniter\CodeIgniter->createController()
 3 SYSTEMPATH/CodeIgniter.php(368): CodeIgniter\CodeIgniter->handleRequest(null, Object(Config\Cache), false)
 4 FCPATH/index.php(67): CodeIgniter\CodeIgniter->run()
INFO - 2024-04-14 21:01:21 --> Session: Class initialized using 'CodeIgniter\Session\Handlers\FileHandler' driver.
INFO - 2024-04-14 21:02:21 --> Session: Class initialized using 'CodeIgniter\Session\Handlers\FileHandler' driver.
WARNING - 2024-04-14 21:02:21 --> [DEPRECATED] Creation of dynamic property App\Controllers\Auth::$UserOnlineModel is deprecated in APPPATH/Controllers/Auth.php on line 11.
 1 SYSTEMPATH/CodeIgniter.php(906): App\Controllers\Auth->__construct()
 2 SYSTEMPATH/CodeIgniter.php(490): CodeIgniter\CodeIgniter->createController()
 3 SYSTEMPATH/CodeIgniter.php(368): CodeIgniter\CodeIgniter->handleRequest(null, Object(Config\Cache), false)
 4 FCPATH/index.php(67): CodeIgniter\CodeIgniter->run()
INFO - 2024-04-14 21:02:21 --> Session: Class initialized using 'CodeIgniter\Session\Handlers\FileHandler' driver.
INFO - 2024-04-14 21:03:24 --> Session: Class initialized using 'CodeIgniter\Session\Handlers\FileHandler' driver.
WARNING - 2024-04-14 21:03:24 --> [DEPRECATED] Creation of dynamic property App\Controllers\Auth::$UserOnlineModel is deprecated in APPPATH/Controllers/Auth.php on line 11.
 1 SYSTEMPATH/CodeIgniter.php(906): App\Controllers\Auth->__construct()
 2 SYSTEMPATH/CodeIgniter.php(490): CodeIgniter\CodeIgniter->createController()
 3 SYSTEMPATH/CodeIgniter.php(368): CodeIgniter\CodeIgniter->handleRequest(null, Object(Config\Cache), false)
 4 FCPATH/index.php(67): CodeIgniter\CodeIgniter->run()
INFO - 2024-04-14 21:03:24 --> Session: Class initialized using 'CodeIgniter\Session\Handlers\FileHandler' driver.
INFO - 2024-04-14 21:04:23 --> Session: Class initialized using 'CodeIgniter\Session\Handlers\FileHandler' driver.
WARNING - 2024-04-14 21:04:24 --> [DEPRECATED] Creation of dynamic property App\Controllers\Auth::$UserOnlineModel is deprecated in APPPATH/Controllers/Auth.php on line 11.
 1 SYSTEMPATH/CodeIgniter.php(906): App\Controllers\Auth->__construct()
 2 SYSTEMPATH/CodeIgniter.php(490): CodeIgniter\CodeIgniter->createController()
 3 SYSTEMPATH/CodeIgniter.php(368): CodeIgniter\CodeIgniter->handleRequest(null, Object(Config\Cache), false)
 4 FCPATH/index.php(67): CodeIgniter\CodeIgniter->run()
INFO - 2024-04-14 21:04:24 --> Session: Class initialized using 'CodeIgniter\Session\Handlers\FileHandler' driver.
INFO - 2024-04-14 21:05:24 --> Session: Class initialized using 'CodeIgniter\Session\Handlers\FileHandler' driver.
WARNING - 2024-04-14 21:05:25 --> [DEPRECATED] Creation of dynamic property App\Controllers\Auth::$UserOnlineModel is deprecated in APPPATH/Controllers/Auth.php on line 11.
 1 SYSTEMPATH/CodeIgniter.php(906): App\Controllers\Auth->__construct()
 2 SYSTEMPATH/CodeIgniter.php(490): CodeIgniter\CodeIgniter->createController()
 3 SYSTEMPATH/CodeIgniter.php(368): CodeIgniter\CodeIgniter->handleRequest(null, Object(Config\Cache), false)
 4 FCPATH/index.php(67): CodeIgniter\CodeIgniter->run()
INFO - 2024-04-14 21:05:25 --> Session: Class initialized using 'CodeIgniter\Session\Handlers\FileHandler' driver.
INFO - 2024-04-14 21:06:21 --> Session: Class initialized using 'CodeIgniter\Session\Handlers\FileHandler' driver.
WARNING - 2024-04-14 21:06:21 --> [DEPRECATED] Creation of dynamic property App\Controllers\Auth::$UserOnlineModel is deprecated in APPPATH/Controllers/Auth.php on line 11.
 1 SYSTEMPATH/CodeIgniter.php(906): App\Controllers\Auth->__construct()
 2 SYSTEMPATH/CodeIgniter.php(490): CodeIgniter\CodeIgniter->createController()
 3 SYSTEMPATH/CodeIgniter.php(368): CodeIgniter\CodeIgniter->handleRequest(null, Object(Config\Cache), false)
 4 FCPATH/index.php(67): CodeIgniter\CodeIgniter->run()
INFO - 2024-04-14 21:06:21 --> Session: Class initialized using 'CodeIgniter\Session\Handlers\FileHandler' driver.
INFO - 2024-04-14 21:07:23 --> Session: Class initialized using 'CodeIgniter\Session\Handlers\FileHandler' driver.
WARNING - 2024-04-14 21:07:23 --> [DEPRECATED] Creation of dynamic property App\Controllers\Auth::$UserOnlineModel is deprecated in APPPATH/Controllers/Auth.php on line 11.
 1 SYSTEMPATH/CodeIgniter.php(906): App\Controllers\Auth->__construct()
 2 SYSTEMPATH/CodeIgniter.php(490): CodeIgniter\CodeIgniter->createController()
 3 SYSTEMPATH/CodeIgniter.php(368): CodeIgniter\CodeIgniter->handleRequest(null, Object(Config\Cache), false)
 4 FCPATH/index.php(67): CodeIgniter\CodeIgniter->run()
INFO - 2024-04-14 21:07:23 --> Session: Class initialized using 'CodeIgniter\Session\Handlers\FileHandler' driver.
INFO - 2024-04-14 21:08:21 --> Session: Class initialized using 'CodeIgniter\Session\Handlers\FileHandler' driver.
WARNING - 2024-04-14 21:08:21 --> [DEPRECATED] Creation of dynamic property App\Controllers\Auth::$UserOnlineModel is deprecated in APPPATH/Controllers/Auth.php on line 11.
 1 SYSTEMPATH/CodeIgniter.php(906): App\Controllers\Auth->__construct()
 2 SYSTEMPATH/CodeIgniter.php(490): CodeIgniter\CodeIgniter->createController()
 3 SYSTEMPATH/CodeIgniter.php(368): CodeIgniter\CodeIgniter->handleRequest(null, Object(Config\Cache), false)
 4 FCPATH/index.php(67): CodeIgniter\CodeIgniter->run()
INFO - 2024-04-14 21:08:21 --> Session: Class initialized using 'CodeIgniter\Session\Handlers\FileHandler' driver.
INFO - 2024-04-14 21:09:21 --> Session: Class initialized using 'CodeIgniter\Session\Handlers\FileHandler' driver.
WARNING - 2024-04-14 21:09:21 --> [DEPRECATED] Creation of dynamic property App\Controllers\Auth::$UserOnlineModel is deprecated in APPPATH/Controllers/Auth.php on line 11.
 1 SYSTEMPATH/CodeIgniter.php(906): App\Controllers\Auth->__construct()
 2 SYSTEMPATH/CodeIgniter.php(490): CodeIgniter\CodeIgniter->createController()
 3 SYSTEMPATH/CodeIgniter.php(368): CodeIgniter\CodeIgniter->handleRequest(null, Object(Config\Cache), false)
 4 FCPATH/index.php(67): CodeIgniter\CodeIgniter->run()
INFO - 2024-04-14 21:09:21 --> Session: Class initialized using 'CodeIgniter\Session\Handlers\FileHandler' driver.
INFO - 2024-04-14 21:10:29 --> Session: Class initialized using 'CodeIgniter\Session\Handlers\FileHandler' driver.
WARNING - 2024-04-14 21:10:29 --> [DEPRECATED] Creation of dynamic property App\Controllers\Auth::$UserOnlineModel is deprecated in APPPATH/Controllers/Auth.php on line 11.
 1 SYSTEMPATH/CodeIgniter.php(906): App\Controllers\Auth->__construct()
 2 SYSTEMPATH/CodeIgniter.php(490): CodeIgniter\CodeIgniter->createController()
 3 SYSTEMPATH/CodeIgniter.php(368): CodeIgniter\CodeIgniter->handleRequest(null, Object(Config\Cache), false)
 4 FCPATH/index.php(67): CodeIgniter\CodeIgniter->run()
INFO - 2024-04-14 21:10:29 --> Session: Class initialized using 'CodeIgniter\Session\Handlers\FileHandler' driver.
INFO - 2024-04-14 21:11:21 --> Session: Class initialized using 'CodeIgniter\Session\Handlers\FileHandler' driver.
WARNING - 2024-04-14 21:11:21 --> [DEPRECATED] Creation of dynamic property App\Controllers\Auth::$UserOnlineModel is deprecated in APPPATH/Controllers/Auth.php on line 11.
 1 SYSTEMPATH/CodeIgniter.php(906): App\Controllers\Auth->__construct()
 2 SYSTEMPATH/CodeIgniter.php(490): CodeIgniter\CodeIgniter->createController()
 3 SYSTEMPATH/CodeIgniter.php(368): CodeIgniter\CodeIgniter->handleRequest(null, Object(Config\Cache), false)
 4 FCPATH/index.php(67): CodeIgniter\CodeIgniter->run()
INFO - 2024-04-14 21:11:21 --> Session: Class initialized using 'CodeIgniter\Session\Handlers\FileHandler' driver.
INFO - 2024-04-14 21:12:22 --> Session: Class initialized using 'CodeIgniter\Session\Handlers\FileHandler' driver.
WARNING - 2024-04-14 21:12:22 --> [DEPRECATED] Creation of dynamic property App\Controllers\Auth::$UserOnlineModel is deprecated in APPPATH/Controllers/Auth.php on line 11.
 1 SYSTEMPATH/CodeIgniter.php(906): App\Controllers\Auth->__construct()
 2 SYSTEMPATH/CodeIgniter.php(490): CodeIgniter\CodeIgniter->createController()
 3 SYSTEMPATH/CodeIgniter.php(368): CodeIgniter\CodeIgniter->handleRequest(null, Object(Config\Cache), false)
 4 FCPATH/index.php(67): CodeIgniter\CodeIgniter->run()
INFO - 2024-04-14 21:12:22 --> Session: Class initialized using 'CodeIgniter\Session\Handlers\FileHandler' driver.
INFO - 2024-04-14 21:13:26 --> Session: Class initialized using 'CodeIgniter\Session\Handlers\FileHandler' driver.
WARNING - 2024-04-14 21:13:27 --> [DEPRECATED] Creation of dynamic property App\Controllers\Auth::$UserOnlineModel is deprecated in APPPATH/Controllers/Auth.php on line 11.
 1 SYSTEMPATH/CodeIgniter.php(906): App\Controllers\Auth->__construct()
 2 SYSTEMPATH/CodeIgniter.php(490): CodeIgniter\CodeIgniter->createController()
 3 SYSTEMPATH/CodeIgniter.php(368): CodeIgniter\CodeIgniter->handleRequest(null, Object(Config\Cache), false)
 4 FCPATH/index.php(67): CodeIgniter\CodeIgniter->run()
INFO - 2024-04-14 21:13:27 --> Session: Class initialized using 'CodeIgniter\Session\Handlers\FileHandler' driver.
INFO - 2024-04-14 21:14:23 --> Session: Class initialized using 'CodeIgniter\Session\Handlers\FileHandler' driver.
WARNING - 2024-04-14 21:14:23 --> [DEPRECATED] Creation of dynamic property App\Controllers\Auth::$UserOnlineModel is deprecated in APPPATH/Controllers/Auth.php on line 11.
 1 SYSTEMPATH/CodeIgniter.php(906): App\Controllers\Auth->__construct()
 2 SYSTEMPATH/CodeIgniter.php(490): CodeIgniter\CodeIgniter->createController()
 3 SYSTEMPATH/CodeIgniter.php(368): CodeIgniter\CodeIgniter->handleRequest(null, Object(Config\Cache), false)
 4 FCPATH/index.php(67): CodeIgniter\CodeIgniter->run()
INFO - 2024-04-14 21:14:23 --> Session: Class initialized using 'CodeIgniter\Session\Handlers\FileHandler' driver.
INFO - 2024-04-14 21:15:21 --> Session: Class initialized using 'CodeIgniter\Session\Handlers\FileHandler' driver.
WARNING - 2024-04-14 21:15:21 --> [DEPRECATED] Creation of dynamic property App\Controllers\Auth::$UserOnlineModel is deprecated in APPPATH/Controllers/Auth.php on line 11.
 1 SYSTEMPATH/CodeIgniter.php(906): App\Controllers\Auth->__construct()
 2 SYSTEMPATH/CodeIgniter.php(490): CodeIgniter\CodeIgniter->createController()
 3 SYSTEMPATH/CodeIgniter.php(368): CodeIgniter\CodeIgniter->handleRequest(null, Object(Config\Cache), false)
 4 FCPATH/index.php(67): CodeIgniter\CodeIgniter->run()
INFO - 2024-04-14 21:15:21 --> Session: Class initialized using 'CodeIgniter\Session\Handlers\FileHandler' driver.
INFO - 2024-04-14 21:16:21 --> Session: Class initialized using 'CodeIgniter\Session\Handlers\FileHandler' driver.
WARNING - 2024-04-14 21:16:22 --> [DEPRECATED] Creation of dynamic property App\Controllers\Auth::$UserOnlineModel is deprecated in APPPATH/Controllers/Auth.php on line 11.
 1 SYSTEMPATH/CodeIgniter.php(906): App\Controllers\Auth->__construct()
 2 SYSTEMPATH/CodeIgniter.php(490): CodeIgniter\CodeIgniter->createController()
 3 SYSTEMPATH/CodeIgniter.php(368): CodeIgniter\CodeIgniter->handleRequest(null, Object(Config\Cache), false)
 4 FCPATH/index.php(67): CodeIgniter\CodeIgniter->run()
INFO - 2024-04-14 21:16:22 --> Session: Class initialized using 'CodeIgniter\Session\Handlers\FileHandler' driver.
WARNING - 2024-04-14 21:17:10 --> [DEPRECATED] Creation of dynamic property App\Controllers\Auth::$UserOnlineModel is deprecated in APPPATH/Controllers/Auth.php on line 11.
 1 SYSTEMPATH/CodeIgniter.php(906): App\Controllers\Auth->__construct()
 2 SYSTEMPATH/CodeIgniter.php(490): CodeIgniter\CodeIgniter->createController()
 3 SYSTEMPATH/CodeIgniter.php(368): CodeIgniter\CodeIgniter->handleRequest(null, Object(Config\Cache), false)
 4 FCPATH/index.php(67): CodeIgniter\CodeIgniter->run()
INFO - 2024-04-14 21:17:10 --> Session: Class initialized using 'CodeIgniter\Session\Handlers\FileHandler' driver.
WARNING - 2024-04-14 21:17:10 --> [DEPRECATED] Creation of dynamic property App\Controllers\Auth::$UserOnlineModel is deprecated in APPPATH/Controllers/Auth.php on line 11.
 1 SYSTEMPATH/CodeIgniter.php(906): App\Controllers\Auth->__construct()
 2 SYSTEMPATH/CodeIgniter.php(490): CodeIgniter\CodeIgniter->createController()
 3 SYSTEMPATH/CodeIgniter.php(368): CodeIgniter\CodeIgniter->handleRequest(null, Object(Config\Cache), false)
 4 FCPATH/index.php(67): CodeIgniter\CodeIgniter->run()
INFO - 2024-04-14 21:17:10 --> Session: Class initialized using 'CodeIgniter\Session\Handlers\FileHandler' driver.
