INFO - 2023-10-22 14:24:28 --> Session: Class initialized using 'CodeIgniter\Session\Handlers\FileHandler' driver.
INFO - 2023-10-22 14:24:48 --> Session: Class initialized using 'CodeIgniter\Session\Handlers\FileHandler' driver.
INFO - 2023-10-22 14:24:49 --> Session: Class initialized using 'CodeIgniter\Session\Handlers\FileHandler' driver.
INFO - 2023-10-22 14:35:45 --> Session: Class initialized using 'CodeIgniter\Session\Handlers\FileHandler' driver.
ERROR - 2023-10-22 14:35:45 --> mysqli_sql_exception: Table 'slm.project_list' doesn't exist in /Users/macbook/Documents/Look/SLM/CI4_Time_Sheet/vendor/codeigniter4/framework/system/Database/MySQLi/Connection.php:295
Stack trace:
#0 /Users/macbook/Documents/Look/SLM/CI4_Time_Sheet/vendor/codeigniter4/framework/system/Database/MySQLi/Connection.php(295): mysqli->query('SELECT COUNT(*)...', 0)
#1 /Users/macbook/Documents/Look/SLM/CI4_Time_Sheet/vendor/codeigniter4/framework/system/Database/BaseConnection.php(691): CodeIgniter\Database\MySQLi\Connection->execute('SELECT COUNT(*)...')
#2 /Users/macbook/Documents/Look/SLM/CI4_Time_Sheet/vendor/codeigniter4/framework/system/Database/BaseConnection.php(605): CodeIgniter\Database\BaseConnection->simpleQuery('SELECT COUNT(*)...')
#3 /Users/macbook/Documents/Look/SLM/CI4_Time_Sheet/vendor/codeigniter4/framework/system/Database/BaseBuilder.php(1700): CodeIgniter\Database\BaseConnection->query('SELECT COUNT(*)...', Array, false)
#4 /Users/macbook/Documents/Look/SLM/CI4_Time_Sheet/vendor/codeigniter4/framework/system/Model.php(606): CodeIgniter\Database\BaseBuilder->countAllResults(true)
#5 /Users/macbook/Documents/Look/SLM/CI4_Time_Sheet/app/Models/ProjectModel.php(144): CodeIgniter\Model->countAllResults()
#6 /Users/macbook/Documents/Look/SLM/CI4_Time_Sheet/app/Controllers/Pages.php(30): App\Models\ProjectModel->countDashboard()
#7 /Users/macbook/Documents/Look/SLM/CI4_Time_Sheet/vendor/codeigniter4/framework/system/CodeIgniter.php(934): App\Controllers\Pages->view()
#8 /Users/macbook/Documents/Look/SLM/CI4_Time_Sheet/vendor/codeigniter4/framework/system/CodeIgniter.php(499): CodeIgniter\CodeIgniter->runController(Object(App\Controllers\Pages))
#9 /Users/macbook/Documents/Look/SLM/CI4_Time_Sheet/vendor/codeigniter4/framework/system/CodeIgniter.php(368): CodeIgniter\CodeIgniter->handleRequest(NULL, Object(Config\Cache), false)
#10 /Users/macbook/Documents/Look/SLM/CI4_Time_Sheet/index.php(67): CodeIgniter\CodeIgniter->run()
#11 {main}
CRITICAL - 2023-10-22 14:35:45 --> Table 'slm.project_list' doesn't exist
in SYSTEMPATH/Database/BaseConnection.php on line 645.
 1 SYSTEMPATH/Database/BaseBuilder.php(1700): CodeIgniter\Database\BaseConnection->query('SELECT COUNT(*) AS `numrows`
FROM `project_list`
WHERE `typepc` = :typepc:', [...], false)
 2 SYSTEMPATH/Model.php(606): CodeIgniter\Database\BaseBuilder->countAllResults(true)
 3 APPPATH/Models/ProjectModel.php(144): CodeIgniter\Model->countAllResults()
 4 APPPATH/Controllers/Pages.php(30): App\Models\ProjectModel->countDashboard()
 5 SYSTEMPATH/CodeIgniter.php(934): App\Controllers\Pages->view()
 6 SYSTEMPATH/CodeIgniter.php(499): CodeIgniter\CodeIgniter->runController(Object(App\Controllers\Pages))
 7 SYSTEMPATH/CodeIgniter.php(368): CodeIgniter\CodeIgniter->handleRequest(null, Object(Config\Cache), false)
 8 FCPATH/index.php(67): CodeIgniter\CodeIgniter->run()
INFO - 2023-10-22 14:45:18 --> Session: Class initialized using 'CodeIgniter\Session\Handlers\FileHandler' driver.
INFO - 2023-10-22 14:45:23 --> Session: Class initialized using 'CodeIgniter\Session\Handlers\FileHandler' driver.
INFO - 2023-10-22 14:45:24 --> Session: Class initialized using 'CodeIgniter\Session\Handlers\FileHandler' driver.
INFO - 2023-10-22 14:45:27 --> Session: Class initialized using 'CodeIgniter\Session\Handlers\FileHandler' driver.
INFO - 2023-10-22 14:45:28 --> Session: Class initialized using 'CodeIgniter\Session\Handlers\FileHandler' driver.
